ARM GAS  C:\Users\andrew\AppData\Local\Temp\cchRnOsd.s 			page 1


   1              		.syntax unified
   2              		.cpu cortex-m0
   3              		.fpu softvfp
   4              		.eabi_attribute 20, 1
   5              		.eabi_attribute 21, 1
   6              		.eabi_attribute 23, 3
   7              		.eabi_attribute 24, 1
   8              		.eabi_attribute 25, 1
   9              		.eabi_attribute 26, 1
  10              		.eabi_attribute 30, 6
  11              		.eabi_attribute 34, 0
  12              		.eabi_attribute 18, 4
  13              		.thumb
  14              		.syntax unified
  15              		.file	"BLE_HAL_INT.c"
  16              		.text
  17              	.Ltext0:
  18              		.cfi_sections	.debug_frame
  19              		.section	.text.CyBLE_Bless_Interrupt,"ax",%progbits
  20              		.align	2
  21              		.global	CyBLE_Bless_Interrupt
  22              		.code	16
  23              		.thumb_func
  24              		.type	CyBLE_Bless_Interrupt, %function
  25              	CyBLE_Bless_Interrupt:
  26              	.LFB2:
  27              		.file 1 "Generated_Source\\PSoC4\\BLE_HAL_INT.c"
   1:Generated_Source\PSoC4/BLE_HAL_INT.c **** /***************************************************************************//**
   2:Generated_Source\PSoC4/BLE_HAL_INT.c **** * \file BLE_HAL_INT.c
   3:Generated_Source\PSoC4/BLE_HAL_INT.c **** * \version 3.40
   4:Generated_Source\PSoC4/BLE_HAL_INT.c **** *
   5:Generated_Source\PSoC4/BLE_HAL_INT.c **** * \brief
   6:Generated_Source\PSoC4/BLE_HAL_INT.c **** *  This file contains the source code for the Interrupt Service Routine for the
   7:Generated_Source\PSoC4/BLE_HAL_INT.c **** *  HAL section of the BLE component
   8:Generated_Source\PSoC4/BLE_HAL_INT.c **** *
   9:Generated_Source\PSoC4/BLE_HAL_INT.c **** ********************************************************************************
  10:Generated_Source\PSoC4/BLE_HAL_INT.c **** * \copyright
  11:Generated_Source\PSoC4/BLE_HAL_INT.c **** * Copyright 2014-2016, Cypress Semiconductor Corporation.  All rights reserved.
  12:Generated_Source\PSoC4/BLE_HAL_INT.c **** * You may use this file only in accordance with the license, terms, conditions,
  13:Generated_Source\PSoC4/BLE_HAL_INT.c **** * disclaimers, and limitations in the end user license agreement accompanying
  14:Generated_Source\PSoC4/BLE_HAL_INT.c **** * the software package with which this file was provided.
  15:Generated_Source\PSoC4/BLE_HAL_INT.c **** *******************************************************************************/
  16:Generated_Source\PSoC4/BLE_HAL_INT.c **** 
  17:Generated_Source\PSoC4/BLE_HAL_INT.c **** #include "BLE_HAL_PVT.h"
  18:Generated_Source\PSoC4/BLE_HAL_INT.c **** 
  19:Generated_Source\PSoC4/BLE_HAL_INT.c **** 
  20:Generated_Source\PSoC4/BLE_HAL_INT.c **** /*******************************************************************************
  21:Generated_Source\PSoC4/BLE_HAL_INT.c **** * Function Name: CyBLE_Bless_Interrupt
  22:Generated_Source\PSoC4/BLE_HAL_INT.c **** ****************************************************************************//**
  23:Generated_Source\PSoC4/BLE_HAL_INT.c **** *
  24:Generated_Source\PSoC4/BLE_HAL_INT.c **** *  Handles the Interrupt Service Routine for the BLE sub-system.
  25:Generated_Source\PSoC4/BLE_HAL_INT.c **** *
  26:Generated_Source\PSoC4/BLE_HAL_INT.c **** * \return
  27:Generated_Source\PSoC4/BLE_HAL_INT.c **** *  None
  28:Generated_Source\PSoC4/BLE_HAL_INT.c **** *
  29:Generated_Source\PSoC4/BLE_HAL_INT.c **** *******************************************************************************/
  30:Generated_Source\PSoC4/BLE_HAL_INT.c **** CY_ISR(CyBLE_Bless_Interrupt)
ARM GAS  C:\Users\andrew\AppData\Local\Temp\cchRnOsd.s 			page 2


  31:Generated_Source\PSoC4/BLE_HAL_INT.c **** {
  28              		.loc 1 31 0
  29              		.cfi_startproc
  30              		@ args = 0, pretend = 0, frame = 0
  31              		@ frame_needed = 0, uses_anonymous_args = 0
  32 0000 10B5     		push	{r4, lr}
  33              		.cfi_def_cfa_offset 8
  34              		.cfi_offset 4, -8
  35              		.cfi_offset 14, -4
  32:Generated_Source\PSoC4/BLE_HAL_INT.c ****     #if(CYBLE_STACK_MODE_DEBUG)
  33:Generated_Source\PSoC4/BLE_HAL_INT.c ****         CyBle_ApplCallback(CYBLE_DEBUG_EVT_BLESS_INT, NULL);
  34:Generated_Source\PSoC4/BLE_HAL_INT.c ****     #endif /* CYBLE_STACK_MODE_DEBUG */
  35:Generated_Source\PSoC4/BLE_HAL_INT.c **** 
  36:Generated_Source\PSoC4/BLE_HAL_INT.c ****     /* Call stack manager bless function handler */
  37:Generated_Source\PSoC4/BLE_HAL_INT.c ****     #if(!CYBLE_SHARING_MODE_IMPORT)
  38:Generated_Source\PSoC4/BLE_HAL_INT.c ****         CyBLE_pf_bless_event_hdlr();
  36              		.loc 1 38 0
  37 0002 FFF7FEFF 		bl	CyBle_BleSSInterruptHandler
  39:Generated_Source\PSoC4/BLE_HAL_INT.c ****     #endif /* CYBLE_SHARING_MODE_IMPORT */
  40:Generated_Source\PSoC4/BLE_HAL_INT.c ****     
  41:Generated_Source\PSoC4/BLE_HAL_INT.c ****     /* Host stack takes care of clearing interrupts */
  42:Generated_Source\PSoC4/BLE_HAL_INT.c **** }
  38              		.loc 1 42 0
  39 0006 C046     		nop
  40              		@ sp needed
  41 0008 10BD     		pop	{r4, pc}
  42              		.cfi_endproc
  43              	.LFE2:
  44              		.size	CyBLE_Bless_Interrupt, .-CyBLE_Bless_Interrupt
  45 000a C046     		.text
  46              	.Letext0:
  47              		.section	.debug_info,"",%progbits
  48              	.Ldebug_info0:
  49 0000 9C000000 		.4byte	0x9c
  50 0004 0400     		.2byte	0x4
  51 0006 00000000 		.4byte	.Ldebug_abbrev0
  52 000a 04       		.byte	0x4
  53 000b 01       		.uleb128 0x1
  54 000c D0000000 		.4byte	.LASF14
  55 0010 0C       		.byte	0xc
  56 0011 73010000 		.4byte	.LASF15
  57 0015 0E000000 		.4byte	.LASF16
  58 0019 00000000 		.4byte	.Ldebug_ranges0+0
  59 001d 00000000 		.4byte	0
  60 0021 00000000 		.4byte	.Ldebug_line0
  61 0025 02       		.uleb128 0x2
  62 0026 01       		.byte	0x1
  63 0027 06       		.byte	0x6
  64 0028 E4010000 		.4byte	.LASF0
  65 002c 02       		.uleb128 0x2
  66 002d 01       		.byte	0x1
  67 002e 08       		.byte	0x8
  68 002f 98010000 		.4byte	.LASF1
  69 0033 02       		.uleb128 0x2
  70 0034 02       		.byte	0x2
  71 0035 05       		.byte	0x5
  72 0036 02020000 		.4byte	.LASF2
ARM GAS  C:\Users\andrew\AppData\Local\Temp\cchRnOsd.s 			page 3


  73 003a 02       		.uleb128 0x2
  74 003b 02       		.byte	0x2
  75 003c 07       		.byte	0x7
  76 003d D1010000 		.4byte	.LASF3
  77 0041 02       		.uleb128 0x2
  78 0042 04       		.byte	0x4
  79 0043 05       		.byte	0x5
  80 0044 AB010000 		.4byte	.LASF4
  81 0048 02       		.uleb128 0x2
  82 0049 04       		.byte	0x4
  83 004a 07       		.byte	0x7
  84 004b A7000000 		.4byte	.LASF5
  85 004f 02       		.uleb128 0x2
  86 0050 08       		.byte	0x8
  87 0051 05       		.byte	0x5
  88 0052 00000000 		.4byte	.LASF6
  89 0056 02       		.uleb128 0x2
  90 0057 08       		.byte	0x8
  91 0058 07       		.byte	0x7
  92 0059 B9000000 		.4byte	.LASF7
  93 005d 03       		.uleb128 0x3
  94 005e 04       		.byte	0x4
  95 005f 05       		.byte	0x5
  96 0060 696E7400 		.ascii	"int\000"
  97 0064 02       		.uleb128 0x2
  98 0065 04       		.byte	0x4
  99 0066 07       		.byte	0x7
 100 0067 9A000000 		.4byte	.LASF8
 101 006b 02       		.uleb128 0x2
 102 006c 04       		.byte	0x4
 103 006d 04       		.byte	0x4
 104 006e FC010000 		.4byte	.LASF9
 105 0072 02       		.uleb128 0x2
 106 0073 08       		.byte	0x8
 107 0074 04       		.byte	0x4
 108 0075 CA010000 		.4byte	.LASF10
 109 0079 02       		.uleb128 0x2
 110 007a 01       		.byte	0x1
 111 007b 08       		.byte	0x8
 112 007c A6010000 		.4byte	.LASF11
 113 0080 02       		.uleb128 0x2
 114 0081 08       		.byte	0x8
 115 0082 04       		.byte	0x4
 116 0083 F0010000 		.4byte	.LASF12
 117 0087 02       		.uleb128 0x2
 118 0088 04       		.byte	0x4
 119 0089 07       		.byte	0x7
 120 008a 0C020000 		.4byte	.LASF13
 121 008e 04       		.uleb128 0x4
 122 008f B4010000 		.4byte	.LASF17
 123 0093 01       		.byte	0x1
 124 0094 1E       		.byte	0x1e
 125 0095 00000000 		.4byte	.LFB2
 126 0099 0A000000 		.4byte	.LFE2-.LFB2
 127 009d 01       		.uleb128 0x1
 128 009e 9C       		.byte	0x9c
 129 009f 00       		.byte	0
ARM GAS  C:\Users\andrew\AppData\Local\Temp\cchRnOsd.s 			page 4


 130              		.section	.debug_abbrev,"",%progbits
 131              	.Ldebug_abbrev0:
 132 0000 01       		.uleb128 0x1
 133 0001 11       		.uleb128 0x11
 134 0002 01       		.byte	0x1
 135 0003 25       		.uleb128 0x25
 136 0004 0E       		.uleb128 0xe
 137 0005 13       		.uleb128 0x13
 138 0006 0B       		.uleb128 0xb
 139 0007 03       		.uleb128 0x3
 140 0008 0E       		.uleb128 0xe
 141 0009 1B       		.uleb128 0x1b
 142 000a 0E       		.uleb128 0xe
 143 000b 55       		.uleb128 0x55
 144 000c 17       		.uleb128 0x17
 145 000d 11       		.uleb128 0x11
 146 000e 01       		.uleb128 0x1
 147 000f 10       		.uleb128 0x10
 148 0010 17       		.uleb128 0x17
 149 0011 00       		.byte	0
 150 0012 00       		.byte	0
 151 0013 02       		.uleb128 0x2
 152 0014 24       		.uleb128 0x24
 153 0015 00       		.byte	0
 154 0016 0B       		.uleb128 0xb
 155 0017 0B       		.uleb128 0xb
 156 0018 3E       		.uleb128 0x3e
 157 0019 0B       		.uleb128 0xb
 158 001a 03       		.uleb128 0x3
 159 001b 0E       		.uleb128 0xe
 160 001c 00       		.byte	0
 161 001d 00       		.byte	0
 162 001e 03       		.uleb128 0x3
 163 001f 24       		.uleb128 0x24
 164 0020 00       		.byte	0
 165 0021 0B       		.uleb128 0xb
 166 0022 0B       		.uleb128 0xb
 167 0023 3E       		.uleb128 0x3e
 168 0024 0B       		.uleb128 0xb
 169 0025 03       		.uleb128 0x3
 170 0026 08       		.uleb128 0x8
 171 0027 00       		.byte	0
 172 0028 00       		.byte	0
 173 0029 04       		.uleb128 0x4
 174 002a 2E       		.uleb128 0x2e
 175 002b 00       		.byte	0
 176 002c 3F       		.uleb128 0x3f
 177 002d 19       		.uleb128 0x19
 178 002e 03       		.uleb128 0x3
 179 002f 0E       		.uleb128 0xe
 180 0030 3A       		.uleb128 0x3a
 181 0031 0B       		.uleb128 0xb
 182 0032 3B       		.uleb128 0x3b
 183 0033 0B       		.uleb128 0xb
 184 0034 27       		.uleb128 0x27
 185 0035 19       		.uleb128 0x19
 186 0036 11       		.uleb128 0x11
ARM GAS  C:\Users\andrew\AppData\Local\Temp\cchRnOsd.s 			page 5


 187 0037 01       		.uleb128 0x1
 188 0038 12       		.uleb128 0x12
 189 0039 06       		.uleb128 0x6
 190 003a 40       		.uleb128 0x40
 191 003b 18       		.uleb128 0x18
 192 003c 9642     		.uleb128 0x2116
 193 003e 19       		.uleb128 0x19
 194 003f 00       		.byte	0
 195 0040 00       		.byte	0
 196 0041 00       		.byte	0
 197              		.section	.debug_aranges,"",%progbits
 198 0000 1C000000 		.4byte	0x1c
 199 0004 0200     		.2byte	0x2
 200 0006 00000000 		.4byte	.Ldebug_info0
 201 000a 04       		.byte	0x4
 202 000b 00       		.byte	0
 203 000c 0000     		.2byte	0
 204 000e 0000     		.2byte	0
 205 0010 00000000 		.4byte	.LFB2
 206 0014 0A000000 		.4byte	.LFE2-.LFB2
 207 0018 00000000 		.4byte	0
 208 001c 00000000 		.4byte	0
 209              		.section	.debug_ranges,"",%progbits
 210              	.Ldebug_ranges0:
 211 0000 00000000 		.4byte	.LFB2
 212 0004 0A000000 		.4byte	.LFE2
 213 0008 00000000 		.4byte	0
 214 000c 00000000 		.4byte	0
 215              		.section	.debug_line,"",%progbits
 216              	.Ldebug_line0:
 217 0000 52000000 		.section	.debug_str,"MS",%progbits,1
 217      02003B00 
 217      00000201 
 217      FB0E0D00 
 217      01010101 
 218              	.LASF6:
 219 0000 6C6F6E67 		.ascii	"long long int\000"
 219      206C6F6E 
 219      6720696E 
 219      7400
 220              	.LASF16:
 221 000e 443A5C44 		.ascii	"D:\\Dropbox\\6_kurs\\diploma\\crypto_miscocontrolle"
 221      726F7062 
 221      6F785C36 
 221      5F6B7572 
 221      735C6469 
 222 003d 725F5354 		.ascii	"r_STABLE\\BLE_Dynamic_GATT_Service_Configuration\\B"
 222      41424C45 
 222      5C424C45 
 222      5F44796E 
 222      616D6963 
 223 006e 4C455F44 		.ascii	"LE_Dynamic_GATT_Service_Configuration.cydsn\000"
 223      796E616D 
 223      69635F47 
 223      4154545F 
 223      53657276 
 224              	.LASF8:
ARM GAS  C:\Users\andrew\AppData\Local\Temp\cchRnOsd.s 			page 6


 225 009a 756E7369 		.ascii	"unsigned int\000"
 225      676E6564 
 225      20696E74 
 225      00
 226              	.LASF5:
 227 00a7 6C6F6E67 		.ascii	"long unsigned int\000"
 227      20756E73 
 227      69676E65 
 227      6420696E 
 227      7400
 228              	.LASF7:
 229 00b9 6C6F6E67 		.ascii	"long long unsigned int\000"
 229      206C6F6E 
 229      6720756E 
 229      7369676E 
 229      65642069 
 230              	.LASF14:
 231 00d0 474E5520 		.ascii	"GNU C11 5.4.1 20160609 (release) [ARM/embedded-5-br"
 231      43313120 
 231      352E342E 
 231      31203230 
 231      31363036 
 232 0103 616E6368 		.ascii	"anch revision 237715] -mcpu=cortex-m0 -mthumb -g -O"
 232      20726576 
 232      6973696F 
 232      6E203233 
 232      37373135 
 233 0136 30202D66 		.ascii	"0 -ffunction-sections -ffat-lto-objects -fomit-fram"
 233      66756E63 
 233      74696F6E 
 233      2D736563 
 233      74696F6E 
 234 0169 652D706F 		.ascii	"e-pointer\000"
 234      696E7465 
 234      7200
 235              	.LASF15:
 236 0173 47656E65 		.ascii	"Generated_Source\\PSoC4\\BLE_HAL_INT.c\000"
 236      72617465 
 236      645F536F 
 236      75726365 
 236      5C50536F 
 237              	.LASF1:
 238 0198 756E7369 		.ascii	"unsigned char\000"
 238      676E6564 
 238      20636861 
 238      7200
 239              	.LASF11:
 240 01a6 63686172 		.ascii	"char\000"
 240      00
 241              	.LASF4:
 242 01ab 6C6F6E67 		.ascii	"long int\000"
 242      20696E74 
 242      00
 243              	.LASF17:
 244 01b4 4379424C 		.ascii	"CyBLE_Bless_Interrupt\000"
 244      455F426C 
 244      6573735F 
ARM GAS  C:\Users\andrew\AppData\Local\Temp\cchRnOsd.s 			page 7


 244      496E7465 
 244      72727570 
 245              	.LASF10:
 246 01ca 646F7562 		.ascii	"double\000"
 246      6C6500
 247              	.LASF3:
 248 01d1 73686F72 		.ascii	"short unsigned int\000"
 248      7420756E 
 248      7369676E 
 248      65642069 
 248      6E7400
 249              	.LASF0:
 250 01e4 7369676E 		.ascii	"signed char\000"
 250      65642063 
 250      68617200 
 251              	.LASF12:
 252 01f0 6C6F6E67 		.ascii	"long double\000"
 252      20646F75 
 252      626C6500 
 253              	.LASF9:
 254 01fc 666C6F61 		.ascii	"float\000"
 254      7400
 255              	.LASF2:
 256 0202 73686F72 		.ascii	"short int\000"
 256      7420696E 
 256      7400
 257              	.LASF13:
 258 020c 73697A65 		.ascii	"sizetype\000"
 258      74797065 
 258      00
 259              		.ident	"GCC: (GNU Tools for ARM Embedded Processors) 5.4.1 20160609 (release) [ARM/embedded-5-bran
