ARM GAS  C:\Users\andrew\AppData\Local\Temp\cc9ZbmnE.s 			page 1


   1              		.syntax unified
   2              		.cpu cortex-m0
   3              		.fpu softvfp
   4              		.eabi_attribute 20, 1
   5              		.eabi_attribute 21, 1
   6              		.eabi_attribute 23, 3
   7              		.eabi_attribute 24, 1
   8              		.eabi_attribute 25, 1
   9              		.eabi_attribute 26, 1
  10              		.eabi_attribute 30, 6
  11              		.eabi_attribute 34, 0
  12              		.eabi_attribute 18, 4
  13              		.thumb
  14              		.syntax unified
  15              		.file	"chash.c"
  16              		.text
  17              	.Ltext0:
  18              		.cfi_sections	.debug_frame
  19              		.section	.text.mem_clean,"ax",%progbits
  20              		.align	2
  21              		.code	16
  22              		.thumb_func
  23              		.type	mem_clean, %function
  24              	mem_clean:
  25              	.LFB0:
  26              		.file 1 "handy.h"
   1:handy.h       **** #ifndef HANDY_H
   2:handy.h       **** #define HANDY_H
   3:handy.h       **** 
   4:handy.h       **** #include <stddef.h>
   5:handy.h       **** #include <stdint.h>
   6:handy.h       **** #include <string.h>
   7:handy.h       **** 
   8:handy.h       **** /*
   9:handy.h       ****  * Handy CPP defines and C inline functions.
  10:handy.h       ****  */
  11:handy.h       **** 
  12:handy.h       **** /* Evaluates to the number of items in array-type variable arr. */
  13:handy.h       **** #define ARRAYCOUNT(arr) (sizeof arr / sizeof arr[0])
  14:handy.h       **** 
  15:handy.h       **** /* Normal MIN/MAX macros.  Evaluate argument expressions only once. */
  16:handy.h       **** #ifndef MIN
  17:handy.h       ****   #define MIN(x, y) \
  18:handy.h       ****     ({ typeof (x) __x = (x); \
  19:handy.h       ****        typeof (y) __y = (y); \
  20:handy.h       ****        __x < __y ? __x : __y; })
  21:handy.h       **** #endif
  22:handy.h       **** #ifndef MAX
  23:handy.h       ****   #define MAX(x, y) \
  24:handy.h       ****     ({ typeof (x) __x = (x); \
  25:handy.h       ****        typeof (y) __y = (y); \
  26:handy.h       ****        __x > __y ? __x : __y; })
  27:handy.h       **** #endif
  28:handy.h       **** 
  29:handy.h       **** /* Swap two values.  Uses GCC type inference magic. */
  30:handy.h       **** #ifndef SWAP
  31:handy.h       ****   #define SWAP(x, y) \
ARM GAS  C:\Users\andrew\AppData\Local\Temp\cc9ZbmnE.s 			page 2


  32:handy.h       ****     do { \
  33:handy.h       ****       typeof (x) __tmp = (x); \
  34:handy.h       ****       (x) = (y); \
  35:handy.h       ****       (y) = __tmp; \
  36:handy.h       ****     } while (0)
  37:handy.h       **** #endif
  38:handy.h       **** 
  39:handy.h       **** /** Stringify its argument. */
  40:handy.h       **** #define STRINGIFY(x) STRINGIFY_(x)
  41:handy.h       **** #define STRINGIFY_(x) #x
  42:handy.h       **** 
  43:handy.h       **** /* Error handling macros.
  44:handy.h       ****  *
  45:handy.h       ****  * These expect a zero = success, non-zero = error convention.
  46:handy.h       ****  */
  47:handy.h       **** 
  48:handy.h       **** /** Error: return. 
  49:handy.h       ****  *  
  50:handy.h       ****  *  If the expression fails, return the error from this function. */
  51:handy.h       **** #define ER(expr) do { typeof (expr) err_ = (expr); if (err_) return err_; } while (0)
  52:handy.h       **** 
  53:handy.h       **** /** Error: goto.
  54:handy.h       ****  *
  55:handy.h       ****  *  If the expression fails, goto x_err.  Assumes defn of label
  56:handy.h       ****  *  x_err and 'error_type err'. */
  57:handy.h       **** #define EG(expr) do { err = (expr); if (err) goto x_err; } while (0)
  58:handy.h       **** 
  59:handy.h       **** /** Like memset(ptr, 0, len), but not allowed to be removed by
  60:handy.h       ****  *  compilers. */
  61:handy.h       **** static inline void mem_clean(volatile void *v, size_t len)
  62:handy.h       **** {
  27              		.loc 1 62 0
  28              		.cfi_startproc
  29              		@ args = 0, pretend = 0, frame = 8
  30              		@ frame_needed = 0, uses_anonymous_args = 0
  31 0000 00B5     		push	{lr}
  32              		.cfi_def_cfa_offset 4
  33              		.cfi_offset 14, -4
  34 0002 83B0     		sub	sp, sp, #12
  35              		.cfi_def_cfa_offset 16
  36 0004 0190     		str	r0, [sp, #4]
  37 0006 0091     		str	r1, [sp]
  63:handy.h       ****   if (len)
  38              		.loc 1 63 0
  39 0008 009B     		ldr	r3, [sp]
  40 000a 002B     		cmp	r3, #0
  41 000c 07D0     		beq	.L3
  64:handy.h       ****   {
  65:handy.h       ****     memset((void *) v, 0, len);
  42              		.loc 1 65 0
  43 000e 009A     		ldr	r2, [sp]
  44 0010 019B     		ldr	r3, [sp, #4]
  45 0012 0021     		movs	r1, #0
  46 0014 1800     		movs	r0, r3
  47 0016 FFF7FEFF 		bl	memset
  66:handy.h       ****     (void) *((volatile uint8_t *) v);
  48              		.loc 1 66 0
ARM GAS  C:\Users\andrew\AppData\Local\Temp\cc9ZbmnE.s 			page 3


  49 001a 019B     		ldr	r3, [sp, #4]
  50 001c 1B78     		ldrb	r3, [r3]
  51              	.L3:
  67:handy.h       ****   }
  68:handy.h       **** }
  52              		.loc 1 68 0
  53 001e C046     		nop
  54 0020 03B0     		add	sp, sp, #12
  55              		@ sp needed
  56 0022 00BD     		pop	{pc}
  57              		.cfi_endproc
  58              	.LFE0:
  59              		.size	mem_clean, .-mem_clean
  60              		.section	.text.cf_hash,"ax",%progbits
  61              		.align	2
  62              		.global	cf_hash
  63              		.code	16
  64              		.thumb_func
  65              		.type	cf_hash, %function
  66              	cf_hash:
  67              	.LFB2:
  68              		.file 2 "chash.c"
   1:chash.c       **** /*
   2:chash.c       ****  * cifra - embedded cryptography library
   3:chash.c       ****  * Written in 2014 by Joseph Birr-Pixton <jpixton@gmail.com>
   4:chash.c       ****  *
   5:chash.c       ****  * To the extent possible under law, the author(s) have dedicated all
   6:chash.c       ****  * copyright and related and neighboring rights to this software to the
   7:chash.c       ****  * public domain worldwide. This software is distributed without any
   8:chash.c       ****  * warranty.
   9:chash.c       ****  *
  10:chash.c       ****  * You should have received a copy of the CC0 Public Domain Dedication
  11:chash.c       ****  * along with this software. If not, see
  12:chash.c       ****  * <http://creativecommons.org/publicdomain/zero/1.0/>.
  13:chash.c       ****  */
  14:chash.c       **** 
  15:chash.c       **** #include "chash.h"
  16:chash.c       **** #include "handy.h"
  17:chash.c       **** #include "tassert.h"
  18:chash.c       **** 
  19:chash.c       **** void cf_hash(const cf_chash *h, const void *m, size_t nm, uint8_t *out)
  20:chash.c       **** {
  69              		.loc 2 20 0
  70              		.cfi_startproc
  71              		@ args = 0, pretend = 0, frame = 376
  72              		@ frame_needed = 0, uses_anonymous_args = 0
  73 0000 00B5     		push	{lr}
  74              		.cfi_def_cfa_offset 4
  75              		.cfi_offset 14, -4
  76 0002 DFB0     		sub	sp, sp, #380
  77              		.cfi_def_cfa_offset 384
  78 0004 0390     		str	r0, [sp, #12]
  79 0006 0291     		str	r1, [sp, #8]
  80 0008 0192     		str	r2, [sp, #4]
  81 000a 0093     		str	r3, [sp]
  21:chash.c       ****   cf_chash_ctx ctx;
  22:chash.c       ****   assert(h);
ARM GAS  C:\Users\andrew\AppData\Local\Temp\cc9ZbmnE.s 			page 4


  23:chash.c       ****   h->init(&ctx);
  82              		.loc 2 23 0
  83 000c 039B     		ldr	r3, [sp, #12]
  84 000e 9B68     		ldr	r3, [r3, #8]
  85 0010 04AA     		add	r2, sp, #16
  86 0012 1000     		movs	r0, r2
  87 0014 9847     		blx	r3
  24:chash.c       ****   h->update(&ctx, m, nm);
  88              		.loc 2 24 0
  89 0016 039B     		ldr	r3, [sp, #12]
  90 0018 DB68     		ldr	r3, [r3, #12]
  91 001a 019A     		ldr	r2, [sp, #4]
  92 001c 0299     		ldr	r1, [sp, #8]
  93 001e 04A8     		add	r0, sp, #16
  94 0020 9847     		blx	r3
  25:chash.c       ****   h->digest(&ctx, out);
  95              		.loc 2 25 0
  96 0022 039B     		ldr	r3, [sp, #12]
  97 0024 1B69     		ldr	r3, [r3, #16]
  98 0026 0099     		ldr	r1, [sp]
  99 0028 04AA     		add	r2, sp, #16
 100 002a 1000     		movs	r0, r2
 101 002c 9847     		blx	r3
  26:chash.c       ****   mem_clean(&ctx, sizeof ctx);
 102              		.loc 2 26 0
 103 002e B423     		movs	r3, #180
 104 0030 5A00     		lsls	r2, r3, #1
 105 0032 04AB     		add	r3, sp, #16
 106 0034 1100     		movs	r1, r2
 107 0036 1800     		movs	r0, r3
 108 0038 FFF7FEFF 		bl	mem_clean
  27:chash.c       **** }
 109              		.loc 2 27 0
 110 003c C046     		nop
 111 003e 5FB0     		add	sp, sp, #380
 112              		@ sp needed
 113 0040 00BD     		pop	{pc}
 114              		.cfi_endproc
 115              	.LFE2:
 116              		.size	cf_hash, .-cf_hash
 117 0042 C046     		.text
 118              	.Letext0:
 119              		.file 3 "c:\\program files (x86)\\cypress\\psoc creator\\4.1\\psoc creator\\import\\gnu\\arm\\5.4.
 120              		.file 4 "c:\\program files (x86)\\cypress\\psoc creator\\4.1\\psoc creator\\import\\gnu\\arm\\5.4.
 121              		.file 5 "c:\\program files (x86)\\cypress\\psoc creator\\4.1\\psoc creator\\import\\gnu\\arm\\5.4.
 122              		.file 6 "chash.h"
 123              		.section	.debug_info,"",%progbits
 124              	.Ldebug_info0:
 125 0000 92020000 		.4byte	0x292
 126 0004 0400     		.2byte	0x4
 127 0006 00000000 		.4byte	.Ldebug_abbrev0
 128 000a 04       		.byte	0x4
 129 000b 01       		.uleb128 0x1
 130 000c 0A000000 		.4byte	.LASF31
 131 0010 0C       		.byte	0xc
 132 0011 9A020000 		.4byte	.LASF32
 133 0015 ED010000 		.4byte	.LASF33
ARM GAS  C:\Users\andrew\AppData\Local\Temp\cc9ZbmnE.s 			page 5


 134 0019 00000000 		.4byte	.Ldebug_ranges0+0
 135 001d 00000000 		.4byte	0
 136 0021 00000000 		.4byte	.Ldebug_line0
 137 0025 02       		.uleb128 0x2
 138 0026 04       		.byte	0x4
 139 0027 05       		.byte	0x5
 140 0028 696E7400 		.ascii	"int\000"
 141 002c 03       		.uleb128 0x3
 142 002d 0E010000 		.4byte	.LASF4
 143 0031 03       		.byte	0x3
 144 0032 D8       		.byte	0xd8
 145 0033 37000000 		.4byte	0x37
 146 0037 04       		.uleb128 0x4
 147 0038 04       		.byte	0x4
 148 0039 07       		.byte	0x7
 149 003a 33010000 		.4byte	.LASF0
 150 003e 04       		.uleb128 0x4
 151 003f 08       		.byte	0x8
 152 0040 05       		.byte	0x5
 153 0041 8D010000 		.4byte	.LASF1
 154 0045 04       		.uleb128 0x4
 155 0046 08       		.byte	0x8
 156 0047 04       		.byte	0x4
 157 0048 79020000 		.4byte	.LASF2
 158 004c 04       		.uleb128 0x4
 159 004d 01       		.byte	0x1
 160 004e 06       		.byte	0x6
 161 004f 85020000 		.4byte	.LASF3
 162 0053 03       		.uleb128 0x3
 163 0054 00000000 		.4byte	.LASF5
 164 0058 04       		.byte	0x4
 165 0059 1D       		.byte	0x1d
 166 005a 5E000000 		.4byte	0x5e
 167 005e 04       		.uleb128 0x4
 168 005f 01       		.byte	0x1
 169 0060 08       		.byte	0x8
 170 0061 DB000000 		.4byte	.LASF6
 171 0065 04       		.uleb128 0x4
 172 0066 02       		.byte	0x2
 173 0067 05       		.byte	0x5
 174 0068 B8010000 		.4byte	.LASF7
 175 006c 03       		.uleb128 0x3
 176 006d 15010000 		.4byte	.LASF8
 177 0071 04       		.byte	0x4
 178 0072 2B       		.byte	0x2b
 179 0073 77000000 		.4byte	0x77
 180 0077 04       		.uleb128 0x4
 181 0078 02       		.byte	0x2
 182 0079 07       		.byte	0x7
 183 007a FB000000 		.4byte	.LASF9
 184 007e 04       		.uleb128 0x4
 185 007f 04       		.byte	0x4
 186 0080 05       		.byte	0x5
 187 0081 E4010000 		.4byte	.LASF10
 188 0085 03       		.uleb128 0x3
 189 0086 20010000 		.4byte	.LASF11
 190 008a 04       		.byte	0x4
ARM GAS  C:\Users\andrew\AppData\Local\Temp\cc9ZbmnE.s 			page 6


 191 008b 41       		.byte	0x41
 192 008c 90000000 		.4byte	0x90
 193 0090 04       		.uleb128 0x4
 194 0091 04       		.byte	0x4
 195 0092 07       		.byte	0x7
 196 0093 E9000000 		.4byte	.LASF12
 197 0097 03       		.uleb128 0x3
 198 0098 C2010000 		.4byte	.LASF13
 199 009c 04       		.byte	0x4
 200 009d 5B       		.byte	0x5b
 201 009e A2000000 		.4byte	0xa2
 202 00a2 04       		.uleb128 0x4
 203 00a3 08       		.byte	0x8
 204 00a4 07       		.byte	0x7
 205 00a5 40010000 		.4byte	.LASF14
 206 00a9 03       		.uleb128 0x3
 207 00aa 57010000 		.4byte	.LASF15
 208 00ae 05       		.byte	0x5
 209 00af 18       		.byte	0x18
 210 00b0 53000000 		.4byte	0x53
 211 00b4 03       		.uleb128 0x3
 212 00b5 CD010000 		.4byte	.LASF16
 213 00b9 05       		.byte	0x5
 214 00ba 24       		.byte	0x24
 215 00bb 6C000000 		.4byte	0x6c
 216 00bf 03       		.uleb128 0x3
 217 00c0 91020000 		.4byte	.LASF17
 218 00c4 05       		.byte	0x5
 219 00c5 30       		.byte	0x30
 220 00c6 85000000 		.4byte	0x85
 221 00ca 03       		.uleb128 0x3
 222 00cb B2000000 		.4byte	.LASF18
 223 00cf 05       		.byte	0x5
 224 00d0 3C       		.byte	0x3c
 225 00d1 97000000 		.4byte	0x97
 226 00d5 03       		.uleb128 0x3
 227 00d6 6C010000 		.4byte	.LASF19
 228 00da 06       		.byte	0x6
 229 00db 26       		.byte	0x26
 230 00dc E0000000 		.4byte	0xe0
 231 00e0 05       		.uleb128 0x5
 232 00e1 04       		.byte	0x4
 233 00e2 E6000000 		.4byte	0xe6
 234 00e6 06       		.uleb128 0x6
 235 00e7 F1000000 		.4byte	0xf1
 236 00eb 07       		.uleb128 0x7
 237 00ec F1000000 		.4byte	0xf1
 238 00f0 00       		.byte	0
 239 00f1 08       		.uleb128 0x8
 240 00f2 04       		.byte	0x4
 241 00f3 03       		.uleb128 0x3
 242 00f4 A0010000 		.4byte	.LASF20
 243 00f8 06       		.byte	0x6
 244 00f9 33       		.byte	0x33
 245 00fa FE000000 		.4byte	0xfe
 246 00fe 05       		.uleb128 0x5
 247 00ff 04       		.byte	0x4
ARM GAS  C:\Users\andrew\AppData\Local\Temp\cc9ZbmnE.s 			page 7


 248 0100 04010000 		.4byte	0x104
 249 0104 06       		.uleb128 0x6
 250 0105 19010000 		.4byte	0x119
 251 0109 07       		.uleb128 0x7
 252 010a F1000000 		.4byte	0xf1
 253 010e 07       		.uleb128 0x7
 254 010f 19010000 		.4byte	0x119
 255 0113 07       		.uleb128 0x7
 256 0114 2C000000 		.4byte	0x2c
 257 0118 00       		.byte	0
 258 0119 05       		.uleb128 0x5
 259 011a 04       		.byte	0x4
 260 011b 1F010000 		.4byte	0x11f
 261 011f 09       		.uleb128 0x9
 262 0120 03       		.uleb128 0x3
 263 0121 CB000000 		.4byte	.LASF21
 264 0125 06       		.byte	0x6
 265 0126 45       		.byte	0x45
 266 0127 2B010000 		.4byte	0x12b
 267 012b 05       		.uleb128 0x5
 268 012c 04       		.byte	0x4
 269 012d 31010000 		.4byte	0x131
 270 0131 06       		.uleb128 0x6
 271 0132 41010000 		.4byte	0x141
 272 0136 07       		.uleb128 0x7
 273 0137 19010000 		.4byte	0x119
 274 013b 07       		.uleb128 0x7
 275 013c 41010000 		.4byte	0x141
 276 0140 00       		.byte	0
 277 0141 05       		.uleb128 0x5
 278 0142 04       		.byte	0x4
 279 0143 A9000000 		.4byte	0xa9
 280 0147 0A       		.uleb128 0xa
 281 0148 14       		.byte	0x14
 282 0149 06       		.byte	0x6
 283 014a 5A       		.byte	0x5a
 284 014b 8C010000 		.4byte	0x18c
 285 014f 0B       		.uleb128 0xb
 286 0150 D6010000 		.4byte	.LASF22
 287 0154 06       		.byte	0x6
 288 0155 5C       		.byte	0x5c
 289 0156 2C000000 		.4byte	0x2c
 290 015a 00       		.byte	0
 291 015b 0B       		.uleb128 0xb
 292 015c B0010000 		.4byte	.LASF23
 293 0160 06       		.byte	0x6
 294 0161 5D       		.byte	0x5d
 295 0162 2C000000 		.4byte	0x2c
 296 0166 04       		.byte	0x4
 297 0167 0B       		.uleb128 0xb
 298 0168 AD000000 		.4byte	.LASF24
 299 016c 06       		.byte	0x6
 300 016d 5F       		.byte	0x5f
 301 016e D5000000 		.4byte	0xd5
 302 0172 08       		.byte	0x8
 303 0173 0B       		.uleb128 0xb
 304 0174 BB000000 		.4byte	.LASF25
ARM GAS  C:\Users\andrew\AppData\Local\Temp\cc9ZbmnE.s 			page 8


 305 0178 06       		.byte	0x6
 306 0179 60       		.byte	0x60
 307 017a F3000000 		.4byte	0xf3
 308 017e 0C       		.byte	0xc
 309 017f 0B       		.uleb128 0xb
 310 0180 DD010000 		.4byte	.LASF26
 311 0184 06       		.byte	0x6
 312 0185 61       		.byte	0x61
 313 0186 20010000 		.4byte	0x120
 314 018a 10       		.byte	0x10
 315 018b 00       		.byte	0
 316 018c 03       		.uleb128 0x3
 317 018d C2000000 		.4byte	.LASF27
 318 0191 06       		.byte	0x6
 319 0192 62       		.byte	0x62
 320 0193 47010000 		.4byte	0x147
 321 0197 0C       		.uleb128 0xc
 322 0198 6801     		.2byte	0x168
 323 019a 06       		.byte	0x6
 324 019b 74       		.byte	0x74
 325 019c CD010000 		.4byte	0x1cd
 326 01a0 0D       		.uleb128 0xd
 327 01a1 63747800 		.ascii	"ctx\000"
 328 01a5 06       		.byte	0x6
 329 01a6 76       		.byte	0x76
 330 01a7 CD010000 		.4byte	0x1cd
 331 01ab 0D       		.uleb128 0xd
 332 01ac 75313600 		.ascii	"u16\000"
 333 01b0 06       		.byte	0x6
 334 01b1 77       		.byte	0x77
 335 01b2 B4000000 		.4byte	0xb4
 336 01b6 0D       		.uleb128 0xd
 337 01b7 75333200 		.ascii	"u32\000"
 338 01bb 06       		.byte	0x6
 339 01bc 78       		.byte	0x78
 340 01bd BF000000 		.4byte	0xbf
 341 01c1 0D       		.uleb128 0xd
 342 01c2 75363400 		.ascii	"u64\000"
 343 01c6 06       		.byte	0x6
 344 01c7 79       		.byte	0x79
 345 01c8 CA000000 		.4byte	0xca
 346 01cc 00       		.byte	0
 347 01cd 0E       		.uleb128 0xe
 348 01ce A9000000 		.4byte	0xa9
 349 01d2 DE010000 		.4byte	0x1de
 350 01d6 0F       		.uleb128 0xf
 351 01d7 DE010000 		.4byte	0x1de
 352 01db 6701     		.2byte	0x167
 353 01dd 00       		.byte	0
 354 01de 04       		.uleb128 0x4
 355 01df 04       		.byte	0x4
 356 01e0 07       		.byte	0x7
 357 01e1 84010000 		.4byte	.LASF28
 358 01e5 03       		.uleb128 0x3
 359 01e6 5F010000 		.4byte	.LASF29
 360 01ea 06       		.byte	0x6
 361 01eb 7A       		.byte	0x7a
ARM GAS  C:\Users\andrew\AppData\Local\Temp\cc9ZbmnE.s 			page 9


 362 01ec 97010000 		.4byte	0x197
 363 01f0 04       		.uleb128 0x4
 364 01f1 01       		.byte	0x1
 365 01f2 08       		.byte	0x8
 366 01f3 9B010000 		.4byte	.LASF30
 367 01f7 10       		.uleb128 0x10
 368 01f8 7A010000 		.4byte	.LASF34
 369 01fc 01       		.byte	0x1
 370 01fd 3D       		.byte	0x3d
 371 01fe 00000000 		.4byte	.LFB0
 372 0202 24000000 		.4byte	.LFE0-.LFB0
 373 0206 01       		.uleb128 0x1
 374 0207 9C       		.byte	0x9c
 375 0208 27020000 		.4byte	0x227
 376 020c 11       		.uleb128 0x11
 377 020d 7600     		.ascii	"v\000"
 378 020f 01       		.byte	0x1
 379 0210 3D       		.byte	0x3d
 380 0211 27020000 		.4byte	0x227
 381 0215 02       		.uleb128 0x2
 382 0216 91       		.byte	0x91
 383 0217 74       		.sleb128 -12
 384 0218 11       		.uleb128 0x11
 385 0219 6C656E00 		.ascii	"len\000"
 386 021d 01       		.byte	0x1
 387 021e 3D       		.byte	0x3d
 388 021f 2C000000 		.4byte	0x2c
 389 0223 02       		.uleb128 0x2
 390 0224 91       		.byte	0x91
 391 0225 70       		.sleb128 -16
 392 0226 00       		.byte	0
 393 0227 05       		.uleb128 0x5
 394 0228 04       		.byte	0x4
 395 0229 2D020000 		.4byte	0x22d
 396 022d 12       		.uleb128 0x12
 397 022e 13       		.uleb128 0x13
 398 022f 2B010000 		.4byte	.LASF35
 399 0233 02       		.byte	0x2
 400 0234 13       		.byte	0x13
 401 0235 00000000 		.4byte	.LFB2
 402 0239 42000000 		.4byte	.LFE2-.LFB2
 403 023d 01       		.uleb128 0x1
 404 023e 9C       		.byte	0x9c
 405 023f 8A020000 		.4byte	0x28a
 406 0243 11       		.uleb128 0x11
 407 0244 6800     		.ascii	"h\000"
 408 0246 02       		.byte	0x2
 409 0247 13       		.byte	0x13
 410 0248 8A020000 		.4byte	0x28a
 411 024c 03       		.uleb128 0x3
 412 024d 91       		.byte	0x91
 413 024e 8C7D     		.sleb128 -372
 414 0250 11       		.uleb128 0x11
 415 0251 6D00     		.ascii	"m\000"
 416 0253 02       		.byte	0x2
 417 0254 13       		.byte	0x13
 418 0255 19010000 		.4byte	0x119
ARM GAS  C:\Users\andrew\AppData\Local\Temp\cc9ZbmnE.s 			page 10


 419 0259 03       		.uleb128 0x3
 420 025a 91       		.byte	0x91
 421 025b 887D     		.sleb128 -376
 422 025d 11       		.uleb128 0x11
 423 025e 6E6D00   		.ascii	"nm\000"
 424 0261 02       		.byte	0x2
 425 0262 13       		.byte	0x13
 426 0263 2C000000 		.4byte	0x2c
 427 0267 03       		.uleb128 0x3
 428 0268 91       		.byte	0x91
 429 0269 847D     		.sleb128 -380
 430 026b 11       		.uleb128 0x11
 431 026c 6F757400 		.ascii	"out\000"
 432 0270 02       		.byte	0x2
 433 0271 13       		.byte	0x13
 434 0272 41010000 		.4byte	0x141
 435 0276 03       		.uleb128 0x3
 436 0277 91       		.byte	0x91
 437 0278 807D     		.sleb128 -384
 438 027a 14       		.uleb128 0x14
 439 027b 63747800 		.ascii	"ctx\000"
 440 027f 02       		.byte	0x2
 441 0280 15       		.byte	0x15
 442 0281 E5010000 		.4byte	0x1e5
 443 0285 03       		.uleb128 0x3
 444 0286 91       		.byte	0x91
 445 0287 907D     		.sleb128 -368
 446 0289 00       		.byte	0
 447 028a 05       		.uleb128 0x5
 448 028b 04       		.byte	0x4
 449 028c 90020000 		.4byte	0x290
 450 0290 15       		.uleb128 0x15
 451 0291 8C010000 		.4byte	0x18c
 452 0295 00       		.byte	0
 453              		.section	.debug_abbrev,"",%progbits
 454              	.Ldebug_abbrev0:
 455 0000 01       		.uleb128 0x1
 456 0001 11       		.uleb128 0x11
 457 0002 01       		.byte	0x1
 458 0003 25       		.uleb128 0x25
 459 0004 0E       		.uleb128 0xe
 460 0005 13       		.uleb128 0x13
 461 0006 0B       		.uleb128 0xb
 462 0007 03       		.uleb128 0x3
 463 0008 0E       		.uleb128 0xe
 464 0009 1B       		.uleb128 0x1b
 465 000a 0E       		.uleb128 0xe
 466 000b 55       		.uleb128 0x55
 467 000c 17       		.uleb128 0x17
 468 000d 11       		.uleb128 0x11
 469 000e 01       		.uleb128 0x1
 470 000f 10       		.uleb128 0x10
 471 0010 17       		.uleb128 0x17
 472 0011 00       		.byte	0
 473 0012 00       		.byte	0
 474 0013 02       		.uleb128 0x2
 475 0014 24       		.uleb128 0x24
ARM GAS  C:\Users\andrew\AppData\Local\Temp\cc9ZbmnE.s 			page 11


 476 0015 00       		.byte	0
 477 0016 0B       		.uleb128 0xb
 478 0017 0B       		.uleb128 0xb
 479 0018 3E       		.uleb128 0x3e
 480 0019 0B       		.uleb128 0xb
 481 001a 03       		.uleb128 0x3
 482 001b 08       		.uleb128 0x8
 483 001c 00       		.byte	0
 484 001d 00       		.byte	0
 485 001e 03       		.uleb128 0x3
 486 001f 16       		.uleb128 0x16
 487 0020 00       		.byte	0
 488 0021 03       		.uleb128 0x3
 489 0022 0E       		.uleb128 0xe
 490 0023 3A       		.uleb128 0x3a
 491 0024 0B       		.uleb128 0xb
 492 0025 3B       		.uleb128 0x3b
 493 0026 0B       		.uleb128 0xb
 494 0027 49       		.uleb128 0x49
 495 0028 13       		.uleb128 0x13
 496 0029 00       		.byte	0
 497 002a 00       		.byte	0
 498 002b 04       		.uleb128 0x4
 499 002c 24       		.uleb128 0x24
 500 002d 00       		.byte	0
 501 002e 0B       		.uleb128 0xb
 502 002f 0B       		.uleb128 0xb
 503 0030 3E       		.uleb128 0x3e
 504 0031 0B       		.uleb128 0xb
 505 0032 03       		.uleb128 0x3
 506 0033 0E       		.uleb128 0xe
 507 0034 00       		.byte	0
 508 0035 00       		.byte	0
 509 0036 05       		.uleb128 0x5
 510 0037 0F       		.uleb128 0xf
 511 0038 00       		.byte	0
 512 0039 0B       		.uleb128 0xb
 513 003a 0B       		.uleb128 0xb
 514 003b 49       		.uleb128 0x49
 515 003c 13       		.uleb128 0x13
 516 003d 00       		.byte	0
 517 003e 00       		.byte	0
 518 003f 06       		.uleb128 0x6
 519 0040 15       		.uleb128 0x15
 520 0041 01       		.byte	0x1
 521 0042 27       		.uleb128 0x27
 522 0043 19       		.uleb128 0x19
 523 0044 01       		.uleb128 0x1
 524 0045 13       		.uleb128 0x13
 525 0046 00       		.byte	0
 526 0047 00       		.byte	0
 527 0048 07       		.uleb128 0x7
 528 0049 05       		.uleb128 0x5
 529 004a 00       		.byte	0
 530 004b 49       		.uleb128 0x49
 531 004c 13       		.uleb128 0x13
 532 004d 00       		.byte	0
ARM GAS  C:\Users\andrew\AppData\Local\Temp\cc9ZbmnE.s 			page 12


 533 004e 00       		.byte	0
 534 004f 08       		.uleb128 0x8
 535 0050 0F       		.uleb128 0xf
 536 0051 00       		.byte	0
 537 0052 0B       		.uleb128 0xb
 538 0053 0B       		.uleb128 0xb
 539 0054 00       		.byte	0
 540 0055 00       		.byte	0
 541 0056 09       		.uleb128 0x9
 542 0057 26       		.uleb128 0x26
 543 0058 00       		.byte	0
 544 0059 00       		.byte	0
 545 005a 00       		.byte	0
 546 005b 0A       		.uleb128 0xa
 547 005c 13       		.uleb128 0x13
 548 005d 01       		.byte	0x1
 549 005e 0B       		.uleb128 0xb
 550 005f 0B       		.uleb128 0xb
 551 0060 3A       		.uleb128 0x3a
 552 0061 0B       		.uleb128 0xb
 553 0062 3B       		.uleb128 0x3b
 554 0063 0B       		.uleb128 0xb
 555 0064 01       		.uleb128 0x1
 556 0065 13       		.uleb128 0x13
 557 0066 00       		.byte	0
 558 0067 00       		.byte	0
 559 0068 0B       		.uleb128 0xb
 560 0069 0D       		.uleb128 0xd
 561 006a 00       		.byte	0
 562 006b 03       		.uleb128 0x3
 563 006c 0E       		.uleb128 0xe
 564 006d 3A       		.uleb128 0x3a
 565 006e 0B       		.uleb128 0xb
 566 006f 3B       		.uleb128 0x3b
 567 0070 0B       		.uleb128 0xb
 568 0071 49       		.uleb128 0x49
 569 0072 13       		.uleb128 0x13
 570 0073 38       		.uleb128 0x38
 571 0074 0B       		.uleb128 0xb
 572 0075 00       		.byte	0
 573 0076 00       		.byte	0
 574 0077 0C       		.uleb128 0xc
 575 0078 17       		.uleb128 0x17
 576 0079 01       		.byte	0x1
 577 007a 0B       		.uleb128 0xb
 578 007b 05       		.uleb128 0x5
 579 007c 3A       		.uleb128 0x3a
 580 007d 0B       		.uleb128 0xb
 581 007e 3B       		.uleb128 0x3b
 582 007f 0B       		.uleb128 0xb
 583 0080 01       		.uleb128 0x1
 584 0081 13       		.uleb128 0x13
 585 0082 00       		.byte	0
 586 0083 00       		.byte	0
 587 0084 0D       		.uleb128 0xd
 588 0085 0D       		.uleb128 0xd
 589 0086 00       		.byte	0
ARM GAS  C:\Users\andrew\AppData\Local\Temp\cc9ZbmnE.s 			page 13


 590 0087 03       		.uleb128 0x3
 591 0088 08       		.uleb128 0x8
 592 0089 3A       		.uleb128 0x3a
 593 008a 0B       		.uleb128 0xb
 594 008b 3B       		.uleb128 0x3b
 595 008c 0B       		.uleb128 0xb
 596 008d 49       		.uleb128 0x49
 597 008e 13       		.uleb128 0x13
 598 008f 00       		.byte	0
 599 0090 00       		.byte	0
 600 0091 0E       		.uleb128 0xe
 601 0092 01       		.uleb128 0x1
 602 0093 01       		.byte	0x1
 603 0094 49       		.uleb128 0x49
 604 0095 13       		.uleb128 0x13
 605 0096 01       		.uleb128 0x1
 606 0097 13       		.uleb128 0x13
 607 0098 00       		.byte	0
 608 0099 00       		.byte	0
 609 009a 0F       		.uleb128 0xf
 610 009b 21       		.uleb128 0x21
 611 009c 00       		.byte	0
 612 009d 49       		.uleb128 0x49
 613 009e 13       		.uleb128 0x13
 614 009f 2F       		.uleb128 0x2f
 615 00a0 05       		.uleb128 0x5
 616 00a1 00       		.byte	0
 617 00a2 00       		.byte	0
 618 00a3 10       		.uleb128 0x10
 619 00a4 2E       		.uleb128 0x2e
 620 00a5 01       		.byte	0x1
 621 00a6 03       		.uleb128 0x3
 622 00a7 0E       		.uleb128 0xe
 623 00a8 3A       		.uleb128 0x3a
 624 00a9 0B       		.uleb128 0xb
 625 00aa 3B       		.uleb128 0x3b
 626 00ab 0B       		.uleb128 0xb
 627 00ac 27       		.uleb128 0x27
 628 00ad 19       		.uleb128 0x19
 629 00ae 11       		.uleb128 0x11
 630 00af 01       		.uleb128 0x1
 631 00b0 12       		.uleb128 0x12
 632 00b1 06       		.uleb128 0x6
 633 00b2 40       		.uleb128 0x40
 634 00b3 18       		.uleb128 0x18
 635 00b4 9642     		.uleb128 0x2116
 636 00b6 19       		.uleb128 0x19
 637 00b7 01       		.uleb128 0x1
 638 00b8 13       		.uleb128 0x13
 639 00b9 00       		.byte	0
 640 00ba 00       		.byte	0
 641 00bb 11       		.uleb128 0x11
 642 00bc 05       		.uleb128 0x5
 643 00bd 00       		.byte	0
 644 00be 03       		.uleb128 0x3
 645 00bf 08       		.uleb128 0x8
 646 00c0 3A       		.uleb128 0x3a
ARM GAS  C:\Users\andrew\AppData\Local\Temp\cc9ZbmnE.s 			page 14


 647 00c1 0B       		.uleb128 0xb
 648 00c2 3B       		.uleb128 0x3b
 649 00c3 0B       		.uleb128 0xb
 650 00c4 49       		.uleb128 0x49
 651 00c5 13       		.uleb128 0x13
 652 00c6 02       		.uleb128 0x2
 653 00c7 18       		.uleb128 0x18
 654 00c8 00       		.byte	0
 655 00c9 00       		.byte	0
 656 00ca 12       		.uleb128 0x12
 657 00cb 35       		.uleb128 0x35
 658 00cc 00       		.byte	0
 659 00cd 00       		.byte	0
 660 00ce 00       		.byte	0
 661 00cf 13       		.uleb128 0x13
 662 00d0 2E       		.uleb128 0x2e
 663 00d1 01       		.byte	0x1
 664 00d2 3F       		.uleb128 0x3f
 665 00d3 19       		.uleb128 0x19
 666 00d4 03       		.uleb128 0x3
 667 00d5 0E       		.uleb128 0xe
 668 00d6 3A       		.uleb128 0x3a
 669 00d7 0B       		.uleb128 0xb
 670 00d8 3B       		.uleb128 0x3b
 671 00d9 0B       		.uleb128 0xb
 672 00da 27       		.uleb128 0x27
 673 00db 19       		.uleb128 0x19
 674 00dc 11       		.uleb128 0x11
 675 00dd 01       		.uleb128 0x1
 676 00de 12       		.uleb128 0x12
 677 00df 06       		.uleb128 0x6
 678 00e0 40       		.uleb128 0x40
 679 00e1 18       		.uleb128 0x18
 680 00e2 9642     		.uleb128 0x2116
 681 00e4 19       		.uleb128 0x19
 682 00e5 01       		.uleb128 0x1
 683 00e6 13       		.uleb128 0x13
 684 00e7 00       		.byte	0
 685 00e8 00       		.byte	0
 686 00e9 14       		.uleb128 0x14
 687 00ea 34       		.uleb128 0x34
 688 00eb 00       		.byte	0
 689 00ec 03       		.uleb128 0x3
 690 00ed 08       		.uleb128 0x8
 691 00ee 3A       		.uleb128 0x3a
 692 00ef 0B       		.uleb128 0xb
 693 00f0 3B       		.uleb128 0x3b
 694 00f1 0B       		.uleb128 0xb
 695 00f2 49       		.uleb128 0x49
 696 00f3 13       		.uleb128 0x13
 697 00f4 02       		.uleb128 0x2
 698 00f5 18       		.uleb128 0x18
 699 00f6 00       		.byte	0
 700 00f7 00       		.byte	0
 701 00f8 15       		.uleb128 0x15
 702 00f9 26       		.uleb128 0x26
 703 00fa 00       		.byte	0
ARM GAS  C:\Users\andrew\AppData\Local\Temp\cc9ZbmnE.s 			page 15


 704 00fb 49       		.uleb128 0x49
 705 00fc 13       		.uleb128 0x13
 706 00fd 00       		.byte	0
 707 00fe 00       		.byte	0
 708 00ff 00       		.byte	0
 709              		.section	.debug_aranges,"",%progbits
 710 0000 24000000 		.4byte	0x24
 711 0004 0200     		.2byte	0x2
 712 0006 00000000 		.4byte	.Ldebug_info0
 713 000a 04       		.byte	0x4
 714 000b 00       		.byte	0
 715 000c 0000     		.2byte	0
 716 000e 0000     		.2byte	0
 717 0010 00000000 		.4byte	.LFB0
 718 0014 24000000 		.4byte	.LFE0-.LFB0
 719 0018 00000000 		.4byte	.LFB2
 720 001c 42000000 		.4byte	.LFE2-.LFB2
 721 0020 00000000 		.4byte	0
 722 0024 00000000 		.4byte	0
 723              		.section	.debug_ranges,"",%progbits
 724              	.Ldebug_ranges0:
 725 0000 00000000 		.4byte	.LFB0
 726 0004 24000000 		.4byte	.LFE0
 727 0008 00000000 		.4byte	.LFB2
 728 000c 42000000 		.4byte	.LFE2
 729 0010 00000000 		.4byte	0
 730 0014 00000000 		.4byte	0
 731              		.section	.debug_line,"",%progbits
 732              	.Ldebug_line0:
 733 0000 E2010000 		.section	.debug_str,"MS",%progbits,1
 733      0200B301 
 733      00000201 
 733      FB0E0D00 
 733      01010101 
 734              	.LASF5:
 735 0000 5F5F7569 		.ascii	"__uint8_t\000"
 735      6E74385F 
 735      7400
 736              	.LASF31:
 737 000a 474E5520 		.ascii	"GNU C11 5.4.1 20160609 (release) [ARM/embedded-5-br"
 737      43313120 
 737      352E342E 
 737      31203230 
 737      31363036 
 738 003d 616E6368 		.ascii	"anch revision 237715] -mcpu=cortex-m0 -mthumb -g -O"
 738      20726576 
 738      6973696F 
 738      6E203233 
 738      37373135 
 739 0070 30202D66 		.ascii	"0 -ffunction-sections -ffat-lto-objects -fomit-fram"
 739      66756E63 
 739      74696F6E 
 739      2D736563 
 739      74696F6E 
 740 00a3 652D706F 		.ascii	"e-pointer\000"
 740      696E7465 
 740      7200
ARM GAS  C:\Users\andrew\AppData\Local\Temp\cc9ZbmnE.s 			page 16


 741              	.LASF24:
 742 00ad 696E6974 		.ascii	"init\000"
 742      00
 743              	.LASF18:
 744 00b2 75696E74 		.ascii	"uint64_t\000"
 744      36345F74 
 744      00
 745              	.LASF25:
 746 00bb 75706461 		.ascii	"update\000"
 746      746500
 747              	.LASF27:
 748 00c2 63665F63 		.ascii	"cf_chash\000"
 748      68617368 
 748      00
 749              	.LASF21:
 750 00cb 63665F63 		.ascii	"cf_chash_digest\000"
 750      68617368 
 750      5F646967 
 750      65737400 
 751              	.LASF6:
 752 00db 756E7369 		.ascii	"unsigned char\000"
 752      676E6564 
 752      20636861 
 752      7200
 753              	.LASF12:
 754 00e9 6C6F6E67 		.ascii	"long unsigned int\000"
 754      20756E73 
 754      69676E65 
 754      6420696E 
 754      7400
 755              	.LASF9:
 756 00fb 73686F72 		.ascii	"short unsigned int\000"
 756      7420756E 
 756      7369676E 
 756      65642069 
 756      6E7400
 757              	.LASF4:
 758 010e 73697A65 		.ascii	"size_t\000"
 758      5F7400
 759              	.LASF8:
 760 0115 5F5F7569 		.ascii	"__uint16_t\000"
 760      6E743136 
 760      5F7400
 761              	.LASF11:
 762 0120 5F5F7569 		.ascii	"__uint32_t\000"
 762      6E743332 
 762      5F7400
 763              	.LASF35:
 764 012b 63665F68 		.ascii	"cf_hash\000"
 764      61736800 
 765              	.LASF0:
 766 0133 756E7369 		.ascii	"unsigned int\000"
 766      676E6564 
 766      20696E74 
 766      00
 767              	.LASF14:
 768 0140 6C6F6E67 		.ascii	"long long unsigned int\000"
ARM GAS  C:\Users\andrew\AppData\Local\Temp\cc9ZbmnE.s 			page 17


 768      206C6F6E 
 768      6720756E 
 768      7369676E 
 768      65642069 
 769              	.LASF15:
 770 0157 75696E74 		.ascii	"uint8_t\000"
 770      385F7400 
 771              	.LASF29:
 772 015f 63665F63 		.ascii	"cf_chash_ctx\000"
 772      68617368 
 772      5F637478 
 772      00
 773              	.LASF19:
 774 016c 63665F63 		.ascii	"cf_chash_init\000"
 774      68617368 
 774      5F696E69 
 774      7400
 775              	.LASF34:
 776 017a 6D656D5F 		.ascii	"mem_clean\000"
 776      636C6561 
 776      6E00
 777              	.LASF28:
 778 0184 73697A65 		.ascii	"sizetype\000"
 778      74797065 
 778      00
 779              	.LASF1:
 780 018d 6C6F6E67 		.ascii	"long long int\000"
 780      206C6F6E 
 780      6720696E 
 780      7400
 781              	.LASF30:
 782 019b 63686172 		.ascii	"char\000"
 782      00
 783              	.LASF20:
 784 01a0 63665F63 		.ascii	"cf_chash_update\000"
 784      68617368 
 784      5F757064 
 784      61746500 
 785              	.LASF23:
 786 01b0 626C6F63 		.ascii	"blocksz\000"
 786      6B737A00 
 787              	.LASF7:
 788 01b8 73686F72 		.ascii	"short int\000"
 788      7420696E 
 788      7400
 789              	.LASF13:
 790 01c2 5F5F7569 		.ascii	"__uint64_t\000"
 790      6E743634 
 790      5F7400
 791              	.LASF16:
 792 01cd 75696E74 		.ascii	"uint16_t\000"
 792      31365F74 
 792      00
 793              	.LASF22:
 794 01d6 68617368 		.ascii	"hashsz\000"
 794      737A00
 795              	.LASF26:
ARM GAS  C:\Users\andrew\AppData\Local\Temp\cc9ZbmnE.s 			page 18


 796 01dd 64696765 		.ascii	"digest\000"
 796      737400
 797              	.LASF10:
 798 01e4 6C6F6E67 		.ascii	"long int\000"
 798      20696E74 
 798      00
 799              	.LASF33:
 800 01ed 443A5C44 		.ascii	"D:\\Dropbox\\6_kurs\\diploma\\crypto_miscocontrolle"
 800      726F7062 
 800      6F785C36 
 800      5F6B7572 
 800      735C6469 
 801 021c 725F5354 		.ascii	"r_STABLE\\BLE_Dynamic_GATT_Service_Configuration\\B"
 801      41424C45 
 801      5C424C45 
 801      5F44796E 
 801      616D6963 
 802 024d 4C455F44 		.ascii	"LE_Dynamic_GATT_Service_Configuration.cydsn\000"
 802      796E616D 
 802      69635F47 
 802      4154545F 
 802      53657276 
 803              	.LASF2:
 804 0279 6C6F6E67 		.ascii	"long double\000"
 804      20646F75 
 804      626C6500 
 805              	.LASF3:
 806 0285 7369676E 		.ascii	"signed char\000"
 806      65642063 
 806      68617200 
 807              	.LASF17:
 808 0291 75696E74 		.ascii	"uint32_t\000"
 808      33325F74 
 808      00
 809              	.LASF32:
 810 029a 63686173 		.ascii	"chash.c\000"
 810      682E6300 
 811              		.ident	"GCC: (GNU Tools for ARM Embedded Processors) 5.4.1 20160609 (release) [ARM/embedded-5-bran
