ARM GAS  C:\Users\andrew\AppData\Local\Temp\ccS6CR5p.s 			page 1


   1              		.syntax unified
   2              		.cpu cortex-m0
   3              		.fpu softvfp
   4              		.eabi_attribute 20, 1
   5              		.eabi_attribute 21, 1
   6              		.eabi_attribute 23, 3
   7              		.eabi_attribute 24, 1
   8              		.eabi_attribute 25, 1
   9              		.eabi_attribute 26, 1
  10              		.eabi_attribute 30, 6
  11              		.eabi_attribute 34, 0
  12              		.eabi_attribute 18, 4
  13              		.thumb
  14              		.syntax unified
  15              		.file	"Cm0Start.c"
  16              		.text
  17              	.Ltext0:
  18              		.cfi_sections	.debug_frame
  19              		.section	.noinit,"aw",%progbits
  20              		.align	2
  21              		.type	cySysNoInitDataValid, %object
  22              		.size	cySysNoInitDataValid, 4
  23              	cySysNoInitDataValid:
  24 0000 00000000 		.space	4
  25              		.section	.text.IntDefaultHandler,"ax",%progbits
  26              		.align	2
  27              		.global	IntDefaultHandler
  28              		.code	16
  29              		.thumb_func
  30              		.type	IntDefaultHandler, %function
  31              	IntDefaultHandler:
  32              	.LFB2:
  33              		.file 1 "Generated_Source\\PSoC4\\Cm0Start.c"
   1:Generated_Source\PSoC4/Cm0Start.c **** /***************************************************************************//**
   2:Generated_Source\PSoC4/Cm0Start.c **** * \file Cm0Start.c
   3:Generated_Source\PSoC4/Cm0Start.c **** * \version 5.60
   4:Generated_Source\PSoC4/Cm0Start.c **** *
   5:Generated_Source\PSoC4/Cm0Start.c **** * \brief Startup code for the ARM CM0.
   6:Generated_Source\PSoC4/Cm0Start.c **** *
   7:Generated_Source\PSoC4/Cm0Start.c **** ********************************************************************************
   8:Generated_Source\PSoC4/Cm0Start.c **** * \copyright
   9:Generated_Source\PSoC4/Cm0Start.c **** * Copyright 2010-2017, Cypress Semiconductor Corporation.  All rights reserved.
  10:Generated_Source\PSoC4/Cm0Start.c **** * You may use this file only in accordance with the license, terms, conditions,
  11:Generated_Source\PSoC4/Cm0Start.c **** * disclaimers, and limitations in the end user license agreement accompanying
  12:Generated_Source\PSoC4/Cm0Start.c **** * the software package with which this file was provided.
  13:Generated_Source\PSoC4/Cm0Start.c **** *******************************************************************************/
  14:Generated_Source\PSoC4/Cm0Start.c **** 
  15:Generated_Source\PSoC4/Cm0Start.c **** #include <limits.h>
  16:Generated_Source\PSoC4/Cm0Start.c **** #include "cydevice_trm.h"
  17:Generated_Source\PSoC4/Cm0Start.c **** #include "cytypes.h"
  18:Generated_Source\PSoC4/Cm0Start.c **** #include "cyfitter_cfg.h"
  19:Generated_Source\PSoC4/Cm0Start.c **** #include "CyLib.h"
  20:Generated_Source\PSoC4/Cm0Start.c **** #include "cyfitter.h"
  21:Generated_Source\PSoC4/Cm0Start.c **** 
  22:Generated_Source\PSoC4/Cm0Start.c **** 
  23:Generated_Source\PSoC4/Cm0Start.c **** #define CY_NUM_VECTORS              (CY_INT_IRQ_BASE + CY_NUM_INTERRUPTS)
  24:Generated_Source\PSoC4/Cm0Start.c **** 
ARM GAS  C:\Users\andrew\AppData\Local\Temp\ccS6CR5p.s 			page 2


  25:Generated_Source\PSoC4/Cm0Start.c **** #if (CY_IP_CPUSS_CM0)
  26:Generated_Source\PSoC4/Cm0Start.c ****     #define CY_CPUSS_CONFIG_VECT_IN_RAM (( uint32 ) 0x01)
  27:Generated_Source\PSoC4/Cm0Start.c **** #endif /* (CY_IP_CPUSS_CM0) */
  28:Generated_Source\PSoC4/Cm0Start.c **** 
  29:Generated_Source\PSoC4/Cm0Start.c **** 
  30:Generated_Source\PSoC4/Cm0Start.c **** #if (CY_IP_CPUSS_CM0)
  31:Generated_Source\PSoC4/Cm0Start.c ****     /* CPUSS Configuration register */
  32:Generated_Source\PSoC4/Cm0Start.c ****     #define CY_CPUSS_CONFIG_REG         (*(reg32 *) CYREG_CPUSS_CONFIG)
  33:Generated_Source\PSoC4/Cm0Start.c ****     #define CY_CPUSS_CONFIG_PTR         ( (reg32 *) CYREG_CPUSS_CONFIG)
  34:Generated_Source\PSoC4/Cm0Start.c **** #endif /* (CY_IP_CPUSS_CM0) */
  35:Generated_Source\PSoC4/Cm0Start.c **** 
  36:Generated_Source\PSoC4/Cm0Start.c **** 
  37:Generated_Source\PSoC4/Cm0Start.c **** #if defined (__ICCARM__)
  38:Generated_Source\PSoC4/Cm0Start.c ****     #define CY_NUM_ROM_VECTORS      (CY_NUM_VECTORS)
  39:Generated_Source\PSoC4/Cm0Start.c **** #else
  40:Generated_Source\PSoC4/Cm0Start.c ****     #define CY_NUM_ROM_VECTORS      (4u)
  41:Generated_Source\PSoC4/Cm0Start.c **** #endif  /* defined (__ICCARM__) */
  42:Generated_Source\PSoC4/Cm0Start.c **** 
  43:Generated_Source\PSoC4/Cm0Start.c **** /* Vector table address in SRAM */
  44:Generated_Source\PSoC4/Cm0Start.c **** #define CY_CPUSS_CONFIG_VECT_ADDR_IN_RAM    (0x20000000u)
  45:Generated_Source\PSoC4/Cm0Start.c **** 
  46:Generated_Source\PSoC4/Cm0Start.c **** #ifndef CY_SYS_INITIAL_STACK_POINTER
  47:Generated_Source\PSoC4/Cm0Start.c **** 
  48:Generated_Source\PSoC4/Cm0Start.c ****     #if defined(__ARMCC_VERSION)
  49:Generated_Source\PSoC4/Cm0Start.c ****         #define CY_SYS_INITIAL_STACK_POINTER ((cyisraddress)(uint32)&Image$$ARM_LIB_STACK$$ZI$$Limi
  50:Generated_Source\PSoC4/Cm0Start.c ****     #elif defined (__GNUC__)
  51:Generated_Source\PSoC4/Cm0Start.c ****         #define CY_SYS_INITIAL_STACK_POINTER (&__cy_stack)
  52:Generated_Source\PSoC4/Cm0Start.c ****     #elif defined (__ICCARM__)
  53:Generated_Source\PSoC4/Cm0Start.c ****         #pragma language=extended
  54:Generated_Source\PSoC4/Cm0Start.c ****         #pragma segment="CSTACK"
  55:Generated_Source\PSoC4/Cm0Start.c ****         #define CY_SYS_INITIAL_STACK_POINTER  { .__ptr = __sfe( "CSTACK" ) }
  56:Generated_Source\PSoC4/Cm0Start.c **** 
  57:Generated_Source\PSoC4/Cm0Start.c ****         extern void __iar_program_start( void );
  58:Generated_Source\PSoC4/Cm0Start.c ****         extern void __iar_data_init3 (void);
  59:Generated_Source\PSoC4/Cm0Start.c ****     #endif  /* (__ARMCC_VERSION) */
  60:Generated_Source\PSoC4/Cm0Start.c **** 
  61:Generated_Source\PSoC4/Cm0Start.c **** #endif /* CY_SYS_INITIAL_STACK_POINTER */
  62:Generated_Source\PSoC4/Cm0Start.c **** 
  63:Generated_Source\PSoC4/Cm0Start.c **** 
  64:Generated_Source\PSoC4/Cm0Start.c **** #if defined(__GNUC__)
  65:Generated_Source\PSoC4/Cm0Start.c ****     #include <errno.h>
  66:Generated_Source\PSoC4/Cm0Start.c ****     extern int  errno;
  67:Generated_Source\PSoC4/Cm0Start.c ****     extern int  end;
  68:Generated_Source\PSoC4/Cm0Start.c **** #endif  /* defined(__GNUC__) */
  69:Generated_Source\PSoC4/Cm0Start.c **** 
  70:Generated_Source\PSoC4/Cm0Start.c **** /* Extern functions */
  71:Generated_Source\PSoC4/Cm0Start.c **** extern void CyBtldr_CheckLaunch(void);
  72:Generated_Source\PSoC4/Cm0Start.c **** 
  73:Generated_Source\PSoC4/Cm0Start.c **** /* Function prototypes */
  74:Generated_Source\PSoC4/Cm0Start.c **** void initialize_psoc(void);
  75:Generated_Source\PSoC4/Cm0Start.c **** 
  76:Generated_Source\PSoC4/Cm0Start.c **** /* Global variables */
  77:Generated_Source\PSoC4/Cm0Start.c **** #if !defined (__ICCARM__)
  78:Generated_Source\PSoC4/Cm0Start.c ****     CY_NOINIT static uint32 cySysNoInitDataValid;
  79:Generated_Source\PSoC4/Cm0Start.c **** #endif  /* !defined (__ICCARM__) */
  80:Generated_Source\PSoC4/Cm0Start.c **** 
  81:Generated_Source\PSoC4/Cm0Start.c **** 
ARM GAS  C:\Users\andrew\AppData\Local\Temp\ccS6CR5p.s 			page 3


  82:Generated_Source\PSoC4/Cm0Start.c **** #if (CYDEV_PROJ_TYPE != CYDEV_PROJ_TYPE_STANDARD)
  83:Generated_Source\PSoC4/Cm0Start.c **** 
  84:Generated_Source\PSoC4/Cm0Start.c ****     /*******************************************************************************
  85:Generated_Source\PSoC4/Cm0Start.c ****     This variable is used by the Bootloader/Bootloadable components to schedule
  86:Generated_Source\PSoC4/Cm0Start.c ****     what application will be started after a software reset.
  87:Generated_Source\PSoC4/Cm0Start.c ****     *******************************************************************************/
  88:Generated_Source\PSoC4/Cm0Start.c ****     #if (__ARMCC_VERSION)
  89:Generated_Source\PSoC4/Cm0Start.c ****         __attribute__ ((section(".bootloaderruntype"), zero_init))
  90:Generated_Source\PSoC4/Cm0Start.c ****     #elif defined (__GNUC__)
  91:Generated_Source\PSoC4/Cm0Start.c ****         __attribute__ ((section(".bootloaderruntype")))
  92:Generated_Source\PSoC4/Cm0Start.c ****     #elif defined (__ICCARM__)
  93:Generated_Source\PSoC4/Cm0Start.c ****         #pragma location=".bootloaderruntype"
  94:Generated_Source\PSoC4/Cm0Start.c ****     #endif /* (__ARMCC_VERSION) */
  95:Generated_Source\PSoC4/Cm0Start.c ****     volatile uint32 cyBtldrRunType;
  96:Generated_Source\PSoC4/Cm0Start.c **** 
  97:Generated_Source\PSoC4/Cm0Start.c **** #endif  /* (CYDEV_PROJ_TYPE != CYDEV_PROJ_TYPE_STANDARD) */
  98:Generated_Source\PSoC4/Cm0Start.c **** 
  99:Generated_Source\PSoC4/Cm0Start.c **** 
 100:Generated_Source\PSoC4/Cm0Start.c **** /*******************************************************************************
 101:Generated_Source\PSoC4/Cm0Start.c **** * Function Name: IntDefaultHandler
 102:Generated_Source\PSoC4/Cm0Start.c **** ****************************************************************************//**
 103:Generated_Source\PSoC4/Cm0Start.c **** *
 104:Generated_Source\PSoC4/Cm0Start.c **** *  This function is called for all interrupts, other than a reset that is called
 105:Generated_Source\PSoC4/Cm0Start.c **** *  before the system is setup.
 106:Generated_Source\PSoC4/Cm0Start.c **** *
 107:Generated_Source\PSoC4/Cm0Start.c **** *******************************************************************************/
 108:Generated_Source\PSoC4/Cm0Start.c **** CY_NORETURN
 109:Generated_Source\PSoC4/Cm0Start.c **** CY_ISR(IntDefaultHandler)
 110:Generated_Source\PSoC4/Cm0Start.c **** {
  34              		.loc 1 110 0
  35              		.cfi_startproc
  36              		@ args = 0, pretend = 0, frame = 0
  37              		@ frame_needed = 0, uses_anonymous_args = 0
  38 0000 10B5     		push	{r4, lr}
  39              		.cfi_def_cfa_offset 8
  40              		.cfi_offset 4, -8
  41              		.cfi_offset 14, -4
 111:Generated_Source\PSoC4/Cm0Start.c ****     /***************************************************************************
 112:Generated_Source\PSoC4/Cm0Start.c ****     * We must not get here. If we do, a serious problem occurs, so go into
 113:Generated_Source\PSoC4/Cm0Start.c ****     * an infinite loop.
 114:Generated_Source\PSoC4/Cm0Start.c ****     ***************************************************************************/
 115:Generated_Source\PSoC4/Cm0Start.c **** 
 116:Generated_Source\PSoC4/Cm0Start.c ****     #if defined(__GNUC__)
 117:Generated_Source\PSoC4/Cm0Start.c ****         if (errno == ENOMEM)
  42              		.loc 1 117 0
  43 0002 FFF7FEFF 		bl	__errno
  44 0006 0300     		movs	r3, r0
  45 0008 1B68     		ldr	r3, [r3]
  46 000a 0C2B     		cmp	r3, #12
  47 000c 00D1     		bne	.L2
  48              	.L3:
 118:Generated_Source\PSoC4/Cm0Start.c ****         {
 119:Generated_Source\PSoC4/Cm0Start.c ****             #ifdef CY_BOOT_INT_DEFAULT_HANDLER_ENOMEM_EXCEPTION_CALLBACK
 120:Generated_Source\PSoC4/Cm0Start.c ****                 CyBoot_IntDefaultHandler_Enomem_Exception_Callback();
 121:Generated_Source\PSoC4/Cm0Start.c ****             #endif /* CY_BOOT_INT_DEFAULT_HANDLER_ENOMEM_EXCEPTION_CALLBACK */
 122:Generated_Source\PSoC4/Cm0Start.c ****             
 123:Generated_Source\PSoC4/Cm0Start.c ****             while(1)
ARM GAS  C:\Users\andrew\AppData\Local\Temp\ccS6CR5p.s 			page 4


 124:Generated_Source\PSoC4/Cm0Start.c ****             {
 125:Generated_Source\PSoC4/Cm0Start.c ****                 /* Out Of Heap Space
 126:Generated_Source\PSoC4/Cm0Start.c ****                  * This can be increased in the System tab of the Design Wide Resources.
 127:Generated_Source\PSoC4/Cm0Start.c ****                  */
 128:Generated_Source\PSoC4/Cm0Start.c ****             }
  49              		.loc 1 128 0 discriminator 1
  50 000e FEE7     		b	.L3
  51              	.L2:
 129:Generated_Source\PSoC4/Cm0Start.c ****         }
 130:Generated_Source\PSoC4/Cm0Start.c ****         else
 131:Generated_Source\PSoC4/Cm0Start.c ****     #endif
 132:Generated_Source\PSoC4/Cm0Start.c ****         {
 133:Generated_Source\PSoC4/Cm0Start.c ****             #ifdef CY_BOOT_INT_DEFAULT_HANDLER_EXCEPTION_ENTRY_CALLBACK
 134:Generated_Source\PSoC4/Cm0Start.c ****                 CyBoot_IntDefaultHandler_Exception_EntryCallback();
 135:Generated_Source\PSoC4/Cm0Start.c ****             #endif /* CY_BOOT_INT_DEFAULT_HANDLER_EXCEPTION_ENTRY_CALLBACK */
 136:Generated_Source\PSoC4/Cm0Start.c **** 
 137:Generated_Source\PSoC4/Cm0Start.c ****             while(1)
 138:Generated_Source\PSoC4/Cm0Start.c ****             {
 139:Generated_Source\PSoC4/Cm0Start.c **** 
 140:Generated_Source\PSoC4/Cm0Start.c ****             }
  52              		.loc 1 140 0 discriminator 2
  53 0010 FEE7     		b	.L2
  54              		.cfi_endproc
  55              	.LFE2:
  56              		.size	IntDefaultHandler, .-IntDefaultHandler
  57 0012 C046     		.section	.text._exit,"ax",%progbits
  58              		.align	2
  59              		.weak	_exit
  60              		.code	16
  61              		.thumb_func
  62              		.type	_exit, %function
  63              	_exit:
  64              	.LFB3:
 141:Generated_Source\PSoC4/Cm0Start.c ****         }
 142:Generated_Source\PSoC4/Cm0Start.c **** }
 143:Generated_Source\PSoC4/Cm0Start.c **** 
 144:Generated_Source\PSoC4/Cm0Start.c **** #if defined(__ARMCC_VERSION)
 145:Generated_Source\PSoC4/Cm0Start.c **** 
 146:Generated_Source\PSoC4/Cm0Start.c **** /* Local function for device reset. */
 147:Generated_Source\PSoC4/Cm0Start.c **** extern void Reset(void);
 148:Generated_Source\PSoC4/Cm0Start.c **** 
 149:Generated_Source\PSoC4/Cm0Start.c **** /* Application entry point. */
 150:Generated_Source\PSoC4/Cm0Start.c **** extern void $Super$$main(void);
 151:Generated_Source\PSoC4/Cm0Start.c **** 
 152:Generated_Source\PSoC4/Cm0Start.c **** /* Linker-generated Stack Base addresses, Two Region and One Region */
 153:Generated_Source\PSoC4/Cm0Start.c **** extern unsigned long Image$$ARM_LIB_STACK$$ZI$$Limit;
 154:Generated_Source\PSoC4/Cm0Start.c **** 
 155:Generated_Source\PSoC4/Cm0Start.c **** /* RealView C Library initialization. */
 156:Generated_Source\PSoC4/Cm0Start.c **** extern int __main(void);
 157:Generated_Source\PSoC4/Cm0Start.c **** 
 158:Generated_Source\PSoC4/Cm0Start.c **** 
 159:Generated_Source\PSoC4/Cm0Start.c **** /*******************************************************************************
 160:Generated_Source\PSoC4/Cm0Start.c **** * Function Name: Reset
 161:Generated_Source\PSoC4/Cm0Start.c **** ****************************************************************************//**
 162:Generated_Source\PSoC4/Cm0Start.c **** *
 163:Generated_Source\PSoC4/Cm0Start.c **** * This function handles the reset interrupt for the MDK toolchains.
 164:Generated_Source\PSoC4/Cm0Start.c **** * This is the first bit of code that is executed at startup.
ARM GAS  C:\Users\andrew\AppData\Local\Temp\ccS6CR5p.s 			page 5


 165:Generated_Source\PSoC4/Cm0Start.c **** *
 166:Generated_Source\PSoC4/Cm0Start.c **** *******************************************************************************/
 167:Generated_Source\PSoC4/Cm0Start.c **** void Reset(void)
 168:Generated_Source\PSoC4/Cm0Start.c **** {
 169:Generated_Source\PSoC4/Cm0Start.c ****     #if (CYDEV_PROJ_TYPE == CYDEV_PROJ_TYPE_LOADABLE || CYDEV_PROJ_TYPE == CYDEV_PROJ_TYPE_LOADABLE
 170:Generated_Source\PSoC4/Cm0Start.c ****         /* The bootloadable application image is started at Reset() handler
 171:Generated_Source\PSoC4/Cm0Start.c ****         * as a result of a branch instruction execution from the bootloader.
 172:Generated_Source\PSoC4/Cm0Start.c ****         * So, the stack pointer needs to be reset to be sure that
 173:Generated_Source\PSoC4/Cm0Start.c ****         * there is no garbage in the stack.
 174:Generated_Source\PSoC4/Cm0Start.c ****         */
 175:Generated_Source\PSoC4/Cm0Start.c ****         register uint32_t msp __asm("msp");
 176:Generated_Source\PSoC4/Cm0Start.c ****         msp = (uint32_t)&Image$$ARM_LIB_STACK$$ZI$$Limit;
 177:Generated_Source\PSoC4/Cm0Start.c ****     #endif /*(CYDEV_PROJ_TYPE == CYDEV_PROJ_TYPE_LOADABLE || CYDEV_PROJ_TYPE == CYDEV_PROJ_TYPE_LOA
 178:Generated_Source\PSoC4/Cm0Start.c **** 
 179:Generated_Source\PSoC4/Cm0Start.c ****     #if(CY_IP_SRSSLT)
 180:Generated_Source\PSoC4/Cm0Start.c ****         CySysWdtDisable();
 181:Generated_Source\PSoC4/Cm0Start.c ****     #endif  /* (CY_IP_SRSSLT) */
 182:Generated_Source\PSoC4/Cm0Start.c **** 
 183:Generated_Source\PSoC4/Cm0Start.c ****     #if ((CYDEV_BOOTLOADER_ENABLE) && (CYDEV_PROJ_TYPE != CYDEV_PROJ_TYPE_LOADABLEANDBOOTLOADER))
 184:Generated_Source\PSoC4/Cm0Start.c ****         CyBtldr_CheckLaunch();
 185:Generated_Source\PSoC4/Cm0Start.c ****     #endif /* ((CYDEV_BOOTLOADER_ENABLE) && (CYDEV_PROJ_TYPE != CYDEV_PROJ_TYPE_LOADABLEANDBOOTLOAD
 186:Generated_Source\PSoC4/Cm0Start.c **** 
 187:Generated_Source\PSoC4/Cm0Start.c ****     __main();
 188:Generated_Source\PSoC4/Cm0Start.c **** }
 189:Generated_Source\PSoC4/Cm0Start.c **** 
 190:Generated_Source\PSoC4/Cm0Start.c **** /*******************************************************************************
 191:Generated_Source\PSoC4/Cm0Start.c **** * Function Name: $Sub$$main
 192:Generated_Source\PSoC4/Cm0Start.c **** ****************************************************************************//**
 193:Generated_Source\PSoC4/Cm0Start.c **** *
 194:Generated_Source\PSoC4/Cm0Start.c **** * This function is called immediately before the users main
 195:Generated_Source\PSoC4/Cm0Start.c **** *
 196:Generated_Source\PSoC4/Cm0Start.c **** *******************************************************************************/
 197:Generated_Source\PSoC4/Cm0Start.c **** __attribute__ ((noreturn, __noinline__))
 198:Generated_Source\PSoC4/Cm0Start.c **** void $Sub$$main(void)
 199:Generated_Source\PSoC4/Cm0Start.c **** {
 200:Generated_Source\PSoC4/Cm0Start.c ****     initialize_psoc();
 201:Generated_Source\PSoC4/Cm0Start.c **** 
 202:Generated_Source\PSoC4/Cm0Start.c ****     /* Call original main */
 203:Generated_Source\PSoC4/Cm0Start.c ****     $Super$$main();
 204:Generated_Source\PSoC4/Cm0Start.c **** 
 205:Generated_Source\PSoC4/Cm0Start.c ****     while (1)
 206:Generated_Source\PSoC4/Cm0Start.c ****     {
 207:Generated_Source\PSoC4/Cm0Start.c ****         /* If main returns it is undefined what we should do. */
 208:Generated_Source\PSoC4/Cm0Start.c ****     }
 209:Generated_Source\PSoC4/Cm0Start.c **** }
 210:Generated_Source\PSoC4/Cm0Start.c **** 
 211:Generated_Source\PSoC4/Cm0Start.c **** #elif defined(__GNUC__)
 212:Generated_Source\PSoC4/Cm0Start.c **** 
 213:Generated_Source\PSoC4/Cm0Start.c **** /* Stack Base address */
 214:Generated_Source\PSoC4/Cm0Start.c **** extern void __cy_stack(void);
 215:Generated_Source\PSoC4/Cm0Start.c **** 
 216:Generated_Source\PSoC4/Cm0Start.c **** /* Application entry point. */
 217:Generated_Source\PSoC4/Cm0Start.c **** extern int main(void);
 218:Generated_Source\PSoC4/Cm0Start.c **** 
 219:Generated_Source\PSoC4/Cm0Start.c **** /* The static objects constructors initializer */
 220:Generated_Source\PSoC4/Cm0Start.c **** extern void __libc_init_array(void);
 221:Generated_Source\PSoC4/Cm0Start.c **** 
ARM GAS  C:\Users\andrew\AppData\Local\Temp\ccS6CR5p.s 			page 6


 222:Generated_Source\PSoC4/Cm0Start.c **** typedef unsigned char __cy_byte_align8 __attribute ((aligned (8)));
 223:Generated_Source\PSoC4/Cm0Start.c **** 
 224:Generated_Source\PSoC4/Cm0Start.c **** struct __cy_region
 225:Generated_Source\PSoC4/Cm0Start.c **** {
 226:Generated_Source\PSoC4/Cm0Start.c ****     __cy_byte_align8 *init; /* Initial contents of this region.  */
 227:Generated_Source\PSoC4/Cm0Start.c ****     __cy_byte_align8 *data; /* Start address of region.  */
 228:Generated_Source\PSoC4/Cm0Start.c ****     size_t init_size;       /* Size of initial data.  */
 229:Generated_Source\PSoC4/Cm0Start.c ****     size_t zero_size;       /* Additional size to be zeroed.  */
 230:Generated_Source\PSoC4/Cm0Start.c **** };
 231:Generated_Source\PSoC4/Cm0Start.c **** 
 232:Generated_Source\PSoC4/Cm0Start.c **** extern const struct __cy_region __cy_regions[];
 233:Generated_Source\PSoC4/Cm0Start.c **** extern const char __cy_region_num __attribute__((weak));
 234:Generated_Source\PSoC4/Cm0Start.c **** #define __cy_region_num ((size_t)&__cy_region_num)
 235:Generated_Source\PSoC4/Cm0Start.c **** 
 236:Generated_Source\PSoC4/Cm0Start.c **** 
 237:Generated_Source\PSoC4/Cm0Start.c **** /*******************************************************************************
 238:Generated_Source\PSoC4/Cm0Start.c **** * System Calls of the Red Hat newlib C Library
 239:Generated_Source\PSoC4/Cm0Start.c **** *******************************************************************************/
 240:Generated_Source\PSoC4/Cm0Start.c **** 
 241:Generated_Source\PSoC4/Cm0Start.c **** 
 242:Generated_Source\PSoC4/Cm0Start.c **** /*******************************************************************************
 243:Generated_Source\PSoC4/Cm0Start.c **** * Function Name: _exit
 244:Generated_Source\PSoC4/Cm0Start.c **** ****************************************************************************//**
 245:Generated_Source\PSoC4/Cm0Start.c **** *
 246:Generated_Source\PSoC4/Cm0Start.c **** * Exit a program without cleaning up files. If your system doesn't provide
 247:Generated_Source\PSoC4/Cm0Start.c **** * this, it is best to avoid linking with subroutines that require it (exit,
 248:Generated_Source\PSoC4/Cm0Start.c **** * system).
 249:Generated_Source\PSoC4/Cm0Start.c **** *
 250:Generated_Source\PSoC4/Cm0Start.c **** * \param status: Status caused program exit.
 251:Generated_Source\PSoC4/Cm0Start.c **** *
 252:Generated_Source\PSoC4/Cm0Start.c **** *******************************************************************************/
 253:Generated_Source\PSoC4/Cm0Start.c **** __attribute__((weak))
 254:Generated_Source\PSoC4/Cm0Start.c **** void _exit(int status)
 255:Generated_Source\PSoC4/Cm0Start.c **** {
  65              		.loc 1 255 0
  66              		.cfi_startproc
  67              		@ args = 0, pretend = 0, frame = 8
  68              		@ frame_needed = 0, uses_anonymous_args = 0
  69 0000 00B5     		push	{lr}
  70              		.cfi_def_cfa_offset 4
  71              		.cfi_offset 14, -4
  72 0002 83B0     		sub	sp, sp, #12
  73              		.cfi_def_cfa_offset 16
  74 0004 0190     		str	r0, [sp, #4]
 256:Generated_Source\PSoC4/Cm0Start.c ****     CyHalt((uint8) status);
  75              		.loc 1 256 0
  76 0006 019B     		ldr	r3, [sp, #4]
  77 0008 DBB2     		uxtb	r3, r3
  78 000a 1800     		movs	r0, r3
  79 000c FFF7FEFF 		bl	CyHalt
  80              	.L5:
 257:Generated_Source\PSoC4/Cm0Start.c **** 
 258:Generated_Source\PSoC4/Cm0Start.c ****     while(1)
 259:Generated_Source\PSoC4/Cm0Start.c ****     {
 260:Generated_Source\PSoC4/Cm0Start.c **** 
 261:Generated_Source\PSoC4/Cm0Start.c ****     }
  81              		.loc 1 261 0 discriminator 1
ARM GAS  C:\Users\andrew\AppData\Local\Temp\ccS6CR5p.s 			page 7


  82 0010 FEE7     		b	.L5
  83              		.cfi_endproc
  84              	.LFE3:
  85              		.size	_exit, .-_exit
  86 0012 C046     		.section	.text._sbrk,"ax",%progbits
  87              		.align	2
  88              		.weak	_sbrk
  89              		.code	16
  90              		.thumb_func
  91              		.type	_sbrk, %function
  92              	_sbrk:
  93              	.LFB4:
 262:Generated_Source\PSoC4/Cm0Start.c **** }
 263:Generated_Source\PSoC4/Cm0Start.c **** 
 264:Generated_Source\PSoC4/Cm0Start.c **** 
 265:Generated_Source\PSoC4/Cm0Start.c **** /*******************************************************************************
 266:Generated_Source\PSoC4/Cm0Start.c **** * Function Name: _sbrk
 267:Generated_Source\PSoC4/Cm0Start.c **** ****************************************************************************//**
 268:Generated_Source\PSoC4/Cm0Start.c **** *
 269:Generated_Source\PSoC4/Cm0Start.c **** * Increase program data space. As malloc and related functions depend on this,
 270:Generated_Source\PSoC4/Cm0Start.c **** * it is useful to have a working implementation. The following suffices for a
 271:Generated_Source\PSoC4/Cm0Start.c **** * standalone system; it exploits the symbol end automatically defined by the
 272:Generated_Source\PSoC4/Cm0Start.c **** * GNU linker.
 273:Generated_Source\PSoC4/Cm0Start.c **** *
 274:Generated_Source\PSoC4/Cm0Start.c **** * \param nbytes: The number of bytes requested (if the parameter value is positive)
 275:Generated_Source\PSoC4/Cm0Start.c **** * from the heap or returned back to the heap (if the parameter value is
 276:Generated_Source\PSoC4/Cm0Start.c **** * negative).
 277:Generated_Source\PSoC4/Cm0Start.c **** *
 278:Generated_Source\PSoC4/Cm0Start.c **** *******************************************************************************/
 279:Generated_Source\PSoC4/Cm0Start.c **** __attribute__((weak))
 280:Generated_Source\PSoC4/Cm0Start.c **** void * _sbrk (int nbytes)
 281:Generated_Source\PSoC4/Cm0Start.c **** {
  94              		.loc 1 281 0
  95              		.cfi_startproc
  96              		@ args = 0, pretend = 0, frame = 16
  97              		@ frame_needed = 0, uses_anonymous_args = 0
  98 0000 00B5     		push	{lr}
  99              		.cfi_def_cfa_offset 4
 100              		.cfi_offset 14, -4
 101 0002 85B0     		sub	sp, sp, #20
 102              		.cfi_def_cfa_offset 24
 103 0004 0190     		str	r0, [sp, #4]
 282:Generated_Source\PSoC4/Cm0Start.c ****     extern int  end;            /* Symbol defined by linker map. Start of free memory (as symbol). 
 283:Generated_Source\PSoC4/Cm0Start.c ****     void *      returnValue;
 284:Generated_Source\PSoC4/Cm0Start.c **** 
 285:Generated_Source\PSoC4/Cm0Start.c ****     /* The statically held previous end of the heap, with its initialization. */
 286:Generated_Source\PSoC4/Cm0Start.c ****     static uint8 *heapPointer = (uint8 *) &end;                 /* Previous end */
 287:Generated_Source\PSoC4/Cm0Start.c **** 
 288:Generated_Source\PSoC4/Cm0Start.c ****     if (((heapPointer + nbytes) - (uint8 *) &end) <= CYDEV_HEAP_SIZE)
 104              		.loc 1 288 0
 105 0006 104B     		ldr	r3, .L10
 106 0008 1A68     		ldr	r2, [r3]
 107 000a 019B     		ldr	r3, [sp, #4]
 108 000c D318     		adds	r3, r2, r3
 109 000e 1A00     		movs	r2, r3
 110 0010 0E4B     		ldr	r3, .L10+4
 111 0012 D21A     		subs	r2, r2, r3
ARM GAS  C:\Users\andrew\AppData\Local\Temp\ccS6CR5p.s 			page 8


 112 0014 8023     		movs	r3, #128
 113 0016 9B01     		lsls	r3, r3, #6
 114 0018 9A42     		cmp	r2, r3
 115 001a 09DC     		bgt	.L7
 289:Generated_Source\PSoC4/Cm0Start.c ****     {
 290:Generated_Source\PSoC4/Cm0Start.c ****         returnValue  = (void *) heapPointer;
 116              		.loc 1 290 0
 117 001c 0A4B     		ldr	r3, .L10
 118 001e 1B68     		ldr	r3, [r3]
 119 0020 0393     		str	r3, [sp, #12]
 291:Generated_Source\PSoC4/Cm0Start.c ****         heapPointer += nbytes;
 120              		.loc 1 291 0
 121 0022 094B     		ldr	r3, .L10
 122 0024 1A68     		ldr	r2, [r3]
 123 0026 019B     		ldr	r3, [sp, #4]
 124 0028 D218     		adds	r2, r2, r3
 125 002a 074B     		ldr	r3, .L10
 126 002c 1A60     		str	r2, [r3]
 127 002e 07E0     		b	.L8
 128              	.L7:
 292:Generated_Source\PSoC4/Cm0Start.c ****     }
 293:Generated_Source\PSoC4/Cm0Start.c ****     else
 294:Generated_Source\PSoC4/Cm0Start.c ****     {
 295:Generated_Source\PSoC4/Cm0Start.c ****         errno = ENOMEM;
 129              		.loc 1 295 0
 130 0030 FFF7FEFF 		bl	__errno
 131 0034 0300     		movs	r3, r0
 132 0036 0C22     		movs	r2, #12
 133 0038 1A60     		str	r2, [r3]
 296:Generated_Source\PSoC4/Cm0Start.c ****         returnValue = (void *) -1;
 134              		.loc 1 296 0
 135 003a 0123     		movs	r3, #1
 136 003c 5B42     		rsbs	r3, r3, #0
 137 003e 0393     		str	r3, [sp, #12]
 138              	.L8:
 297:Generated_Source\PSoC4/Cm0Start.c ****     }
 298:Generated_Source\PSoC4/Cm0Start.c **** 
 299:Generated_Source\PSoC4/Cm0Start.c ****     return (returnValue);
 139              		.loc 1 299 0
 140 0040 039B     		ldr	r3, [sp, #12]
 300:Generated_Source\PSoC4/Cm0Start.c **** }
 141              		.loc 1 300 0
 142 0042 1800     		movs	r0, r3
 143 0044 05B0     		add	sp, sp, #20
 144              		@ sp needed
 145 0046 00BD     		pop	{pc}
 146              	.L11:
 147              		.align	2
 148              	.L10:
 149 0048 00000000 		.word	heapPointer.4891
 150 004c 00000000 		.word	end
 151              		.cfi_endproc
 152              	.LFE4:
 153              		.size	_sbrk, .-_sbrk
 154              		.section	.text.Start_c,"ax",%progbits
 155              		.align	2
 156              		.global	Start_c
ARM GAS  C:\Users\andrew\AppData\Local\Temp\ccS6CR5p.s 			page 9


 157              		.code	16
 158              		.thumb_func
 159              		.type	Start_c, %function
 160              	Start_c:
 161              	.LFB5:
 301:Generated_Source\PSoC4/Cm0Start.c **** 
 302:Generated_Source\PSoC4/Cm0Start.c **** 
 303:Generated_Source\PSoC4/Cm0Start.c **** /*******************************************************************************
 304:Generated_Source\PSoC4/Cm0Start.c **** * Function Name: Start_c
 305:Generated_Source\PSoC4/Cm0Start.c **** ****************************************************************************//**
 306:Generated_Source\PSoC4/Cm0Start.c **** *
 307:Generated_Source\PSoC4/Cm0Start.c **** * This function handles initializing the .data and .bss sections in
 308:Generated_Source\PSoC4/Cm0Start.c **** * preparation for running the standard c code.  Once initialization is complete
 309:Generated_Source\PSoC4/Cm0Start.c **** * it will call main().  This function will never return.
 310:Generated_Source\PSoC4/Cm0Start.c **** *
 311:Generated_Source\PSoC4/Cm0Start.c **** *******************************************************************************/
 312:Generated_Source\PSoC4/Cm0Start.c **** void Start_c(void)  __attribute__ ((noreturn, noinline));
 313:Generated_Source\PSoC4/Cm0Start.c **** void Start_c(void)
 314:Generated_Source\PSoC4/Cm0Start.c **** {
 162              		.loc 1 314 0
 163              		.cfi_startproc
 164              		@ args = 0, pretend = 0, frame = 24
 165              		@ frame_needed = 0, uses_anonymous_args = 0
 166 0000 00B5     		push	{lr}
 167              		.cfi_def_cfa_offset 4
 168              		.cfi_offset 14, -4
 169 0002 87B0     		sub	sp, sp, #28
 170              		.cfi_def_cfa_offset 32
 315:Generated_Source\PSoC4/Cm0Start.c ****     #ifdef CY_BOOT_START_C_CALLBACK
 316:Generated_Source\PSoC4/Cm0Start.c ****         CyBoot_Start_c_Callback();
 317:Generated_Source\PSoC4/Cm0Start.c ****     #else
 318:Generated_Source\PSoC4/Cm0Start.c ****         unsigned regions = __cy_region_num;
 171              		.loc 1 318 0
 172 0004 224B     		ldr	r3, .L20
 173 0006 0593     		str	r3, [sp, #20]
 319:Generated_Source\PSoC4/Cm0Start.c ****         const struct __cy_region *rptr = __cy_regions;
 174              		.loc 1 319 0
 175 0008 224B     		ldr	r3, .L20+4
 176 000a 0493     		str	r3, [sp, #16]
 320:Generated_Source\PSoC4/Cm0Start.c **** 
 321:Generated_Source\PSoC4/Cm0Start.c ****         /* Initialize memory */
 322:Generated_Source\PSoC4/Cm0Start.c ****         for (regions = __cy_region_num; regions != 0u; regions--)
 177              		.loc 1 322 0
 178 000c 204B     		ldr	r3, .L20
 179 000e 0593     		str	r3, [sp, #20]
 180 0010 35E0     		b	.L13
 181              	.L18:
 182              	.LBB2:
 323:Generated_Source\PSoC4/Cm0Start.c ****         {
 324:Generated_Source\PSoC4/Cm0Start.c ****             uint32 *src = (uint32 *)rptr->init;
 183              		.loc 1 324 0
 184 0012 049B     		ldr	r3, [sp, #16]
 185 0014 1B68     		ldr	r3, [r3]
 186 0016 0393     		str	r3, [sp, #12]
 325:Generated_Source\PSoC4/Cm0Start.c ****             uint32 *dst = (uint32 *)rptr->data;
 187              		.loc 1 325 0
 188 0018 049B     		ldr	r3, [sp, #16]
ARM GAS  C:\Users\andrew\AppData\Local\Temp\ccS6CR5p.s 			page 10


 189 001a 5B68     		ldr	r3, [r3, #4]
 190 001c 0293     		str	r3, [sp, #8]
 326:Generated_Source\PSoC4/Cm0Start.c ****             unsigned limit = rptr->init_size;
 191              		.loc 1 326 0
 192 001e 049B     		ldr	r3, [sp, #16]
 193 0020 9B68     		ldr	r3, [r3, #8]
 194 0022 0093     		str	r3, [sp]
 327:Generated_Source\PSoC4/Cm0Start.c ****             unsigned count;
 328:Generated_Source\PSoC4/Cm0Start.c **** 
 329:Generated_Source\PSoC4/Cm0Start.c ****             for (count = 0u; count != limit; count += sizeof (uint32))
 195              		.loc 1 329 0
 196 0024 0023     		movs	r3, #0
 197 0026 0193     		str	r3, [sp, #4]
 198 0028 0CE0     		b	.L14
 199              	.L15:
 330:Generated_Source\PSoC4/Cm0Start.c ****             {
 331:Generated_Source\PSoC4/Cm0Start.c ****                 *dst = *src;
 200              		.loc 1 331 0 discriminator 3
 201 002a 039B     		ldr	r3, [sp, #12]
 202 002c 1A68     		ldr	r2, [r3]
 203 002e 029B     		ldr	r3, [sp, #8]
 204 0030 1A60     		str	r2, [r3]
 332:Generated_Source\PSoC4/Cm0Start.c ****                 dst++;
 205              		.loc 1 332 0 discriminator 3
 206 0032 029B     		ldr	r3, [sp, #8]
 207 0034 0433     		adds	r3, r3, #4
 208 0036 0293     		str	r3, [sp, #8]
 333:Generated_Source\PSoC4/Cm0Start.c ****                 src++;
 209              		.loc 1 333 0 discriminator 3
 210 0038 039B     		ldr	r3, [sp, #12]
 211 003a 0433     		adds	r3, r3, #4
 212 003c 0393     		str	r3, [sp, #12]
 329:Generated_Source\PSoC4/Cm0Start.c ****             {
 213              		.loc 1 329 0 discriminator 3
 214 003e 019B     		ldr	r3, [sp, #4]
 215 0040 0433     		adds	r3, r3, #4
 216 0042 0193     		str	r3, [sp, #4]
 217              	.L14:
 329:Generated_Source\PSoC4/Cm0Start.c ****             {
 218              		.loc 1 329 0 is_stmt 0 discriminator 1
 219 0044 019A     		ldr	r2, [sp, #4]
 220 0046 009B     		ldr	r3, [sp]
 221 0048 9A42     		cmp	r2, r3
 222 004a EED1     		bne	.L15
 334:Generated_Source\PSoC4/Cm0Start.c ****             }
 335:Generated_Source\PSoC4/Cm0Start.c ****             limit = rptr->zero_size;
 223              		.loc 1 335 0 is_stmt 1
 224 004c 049B     		ldr	r3, [sp, #16]
 225 004e DB68     		ldr	r3, [r3, #12]
 226 0050 0093     		str	r3, [sp]
 336:Generated_Source\PSoC4/Cm0Start.c ****             for (count = 0u; count != limit; count += sizeof (uint32))
 227              		.loc 1 336 0
 228 0052 0023     		movs	r3, #0
 229 0054 0193     		str	r3, [sp, #4]
 230 0056 08E0     		b	.L16
 231              	.L17:
 337:Generated_Source\PSoC4/Cm0Start.c ****             {
ARM GAS  C:\Users\andrew\AppData\Local\Temp\ccS6CR5p.s 			page 11


 338:Generated_Source\PSoC4/Cm0Start.c ****                 *dst = 0u;
 232              		.loc 1 338 0 discriminator 3
 233 0058 029B     		ldr	r3, [sp, #8]
 234 005a 0022     		movs	r2, #0
 235 005c 1A60     		str	r2, [r3]
 339:Generated_Source\PSoC4/Cm0Start.c ****                 dst++;
 236              		.loc 1 339 0 discriminator 3
 237 005e 029B     		ldr	r3, [sp, #8]
 238 0060 0433     		adds	r3, r3, #4
 239 0062 0293     		str	r3, [sp, #8]
 336:Generated_Source\PSoC4/Cm0Start.c ****             for (count = 0u; count != limit; count += sizeof (uint32))
 240              		.loc 1 336 0 discriminator 3
 241 0064 019B     		ldr	r3, [sp, #4]
 242 0066 0433     		adds	r3, r3, #4
 243 0068 0193     		str	r3, [sp, #4]
 244              	.L16:
 336:Generated_Source\PSoC4/Cm0Start.c ****             for (count = 0u; count != limit; count += sizeof (uint32))
 245              		.loc 1 336 0 is_stmt 0 discriminator 1
 246 006a 019A     		ldr	r2, [sp, #4]
 247 006c 009B     		ldr	r3, [sp]
 248 006e 9A42     		cmp	r2, r3
 249 0070 F2D1     		bne	.L17
 340:Generated_Source\PSoC4/Cm0Start.c ****             }
 341:Generated_Source\PSoC4/Cm0Start.c **** 
 342:Generated_Source\PSoC4/Cm0Start.c ****             rptr++;
 250              		.loc 1 342 0 is_stmt 1 discriminator 2
 251 0072 049B     		ldr	r3, [sp, #16]
 252 0074 1033     		adds	r3, r3, #16
 253 0076 0493     		str	r3, [sp, #16]
 254              	.LBE2:
 322:Generated_Source\PSoC4/Cm0Start.c ****         {
 255              		.loc 1 322 0 discriminator 2
 256 0078 059B     		ldr	r3, [sp, #20]
 257 007a 013B     		subs	r3, r3, #1
 258 007c 0593     		str	r3, [sp, #20]
 259              	.L13:
 322:Generated_Source\PSoC4/Cm0Start.c ****         {
 260              		.loc 1 322 0 is_stmt 0 discriminator 1
 261 007e 059B     		ldr	r3, [sp, #20]
 262 0080 002B     		cmp	r3, #0
 263 0082 C6D1     		bne	.L18
 343:Generated_Source\PSoC4/Cm0Start.c ****         }
 344:Generated_Source\PSoC4/Cm0Start.c **** 
 345:Generated_Source\PSoC4/Cm0Start.c ****         /* Invoke static objects constructors */
 346:Generated_Source\PSoC4/Cm0Start.c ****         __libc_init_array();
 264              		.loc 1 346 0 is_stmt 1
 265 0084 FFF7FEFF 		bl	__libc_init_array
 347:Generated_Source\PSoC4/Cm0Start.c ****         (void) main();
 266              		.loc 1 347 0
 267 0088 FFF7FEFF 		bl	main
 268              	.L19:
 348:Generated_Source\PSoC4/Cm0Start.c **** 
 349:Generated_Source\PSoC4/Cm0Start.c ****         while (1)
 350:Generated_Source\PSoC4/Cm0Start.c ****         {
 351:Generated_Source\PSoC4/Cm0Start.c ****             /* If main returns, make sure we don't return. */
 352:Generated_Source\PSoC4/Cm0Start.c ****         }
 269              		.loc 1 352 0 discriminator 1
ARM GAS  C:\Users\andrew\AppData\Local\Temp\ccS6CR5p.s 			page 12


 270 008c FEE7     		b	.L19
 271              	.L21:
 272 008e C046     		.align	2
 273              	.L20:
 274 0090 00000000 		.word	__cy_region_num
 275 0094 00000000 		.word	__cy_regions
 276              		.cfi_endproc
 277              	.LFE5:
 278              		.size	Start_c, .-Start_c
 279              		.section	.text.Reset,"ax",%progbits
 280              		.align	2
 281              		.global	Reset
 282              		.code	16
 283              		.thumb_func
 284              		.type	Reset, %function
 285              	Reset:
 286              	.LFB6:
 353:Generated_Source\PSoC4/Cm0Start.c **** 
 354:Generated_Source\PSoC4/Cm0Start.c ****     #endif /* CY_BOOT_START_C_CALLBACK */
 355:Generated_Source\PSoC4/Cm0Start.c **** }
 356:Generated_Source\PSoC4/Cm0Start.c **** 
 357:Generated_Source\PSoC4/Cm0Start.c **** 
 358:Generated_Source\PSoC4/Cm0Start.c **** /*******************************************************************************
 359:Generated_Source\PSoC4/Cm0Start.c **** * Function Name: Reset
 360:Generated_Source\PSoC4/Cm0Start.c **** ****************************************************************************//**
 361:Generated_Source\PSoC4/Cm0Start.c **** *
 362:Generated_Source\PSoC4/Cm0Start.c **** * This function handles the reset interrupt for the GCC toolchain.  This is
 363:Generated_Source\PSoC4/Cm0Start.c **** * the first bit of code that is executed at startup.
 364:Generated_Source\PSoC4/Cm0Start.c **** *
 365:Generated_Source\PSoC4/Cm0Start.c **** *******************************************************************************/
 366:Generated_Source\PSoC4/Cm0Start.c **** void Reset(void)
 367:Generated_Source\PSoC4/Cm0Start.c **** {
 287              		.loc 1 367 0
 288              		.cfi_startproc
 289              		@ args = 0, pretend = 0, frame = 0
 290              		@ frame_needed = 0, uses_anonymous_args = 0
 291 0000 10B5     		push	{r4, lr}
 292              		.cfi_def_cfa_offset 8
 293              		.cfi_offset 4, -8
 294              		.cfi_offset 14, -4
 368:Generated_Source\PSoC4/Cm0Start.c ****     #if (CYDEV_PROJ_TYPE == CYDEV_PROJ_TYPE_LOADABLE || CYDEV_PROJ_TYPE == CYDEV_PROJ_TYPE_LOADABLE
 369:Generated_Source\PSoC4/Cm0Start.c **** 
 370:Generated_Source\PSoC4/Cm0Start.c ****         /* The bootloadable application image is started at Reset() handler
 371:Generated_Source\PSoC4/Cm0Start.c ****         * as a result of a branch instruction execution from the bootloader.
 372:Generated_Source\PSoC4/Cm0Start.c ****         * So, the stack pointer needs to be reset to be sure that
 373:Generated_Source\PSoC4/Cm0Start.c ****         * there is no garbage in the stack.
 374:Generated_Source\PSoC4/Cm0Start.c ****         */
 375:Generated_Source\PSoC4/Cm0Start.c ****         __asm volatile ("MSR msp, %0\n" : : "r" ((uint32)&__cy_stack) : "sp");
 376:Generated_Source\PSoC4/Cm0Start.c ****     #endif /* CYDEV_PROJ_TYPE_LOADABLE */
 377:Generated_Source\PSoC4/Cm0Start.c **** 
 378:Generated_Source\PSoC4/Cm0Start.c ****     #if(CY_IP_SRSSLT)
 379:Generated_Source\PSoC4/Cm0Start.c ****         CySysWdtDisable();
 380:Generated_Source\PSoC4/Cm0Start.c ****     #endif  /* (CY_IP_SRSSLT) */
 381:Generated_Source\PSoC4/Cm0Start.c **** 
 382:Generated_Source\PSoC4/Cm0Start.c ****     #if ((CYDEV_BOOTLOADER_ENABLE) && (CYDEV_PROJ_TYPE != CYDEV_PROJ_TYPE_LOADABLEANDBOOTLOADER))
 383:Generated_Source\PSoC4/Cm0Start.c ****         CyBtldr_CheckLaunch();
 384:Generated_Source\PSoC4/Cm0Start.c ****     #endif /* ((CYDEV_BOOTLOADER_ENABLE) && (CYDEV_PROJ_TYPE != CYDEV_PROJ_TYPE_LOADABLEANDBOOTLOAD
ARM GAS  C:\Users\andrew\AppData\Local\Temp\ccS6CR5p.s 			page 13


 385:Generated_Source\PSoC4/Cm0Start.c ****     Start_c();
 295              		.loc 1 385 0
 296 0002 FFF7FEFF 		bl	Start_c
 297              		.cfi_endproc
 298              	.LFE6:
 299              		.size	Reset, .-Reset
 300              		.global	CyRamVectors
 301 0006 C046     		.section	.ramvectors,"aw",%progbits
 302              		.align	2
 303              		.type	CyRamVectors, %object
 304              		.size	CyRamVectors, 192
 305              	CyRamVectors:
 306 0000 00000000 		.space	192
 306      00000000 
 306      00000000 
 306      00000000 
 306      00000000 
 307              		.global	RomVectors
 308              		.section	.romvectors,"a",%progbits
 309              		.align	2
 310              		.type	RomVectors, %object
 311              		.size	RomVectors, 16
 312              	RomVectors:
 313 0000 00000000 		.word	__cy_stack
 314 0004 00000000 		.word	Reset
 315 0008 00000000 		.word	IntDefaultHandler
 316 000c 00000000 		.word	IntDefaultHandler
 317              		.section	.text.initialize_psoc,"ax",%progbits
 318              		.align	2
 319              		.global	initialize_psoc
 320              		.code	16
 321              		.thumb_func
 322              		.type	initialize_psoc, %function
 323              	initialize_psoc:
 324              	.LFB7:
 386:Generated_Source\PSoC4/Cm0Start.c **** }
 387:Generated_Source\PSoC4/Cm0Start.c **** 
 388:Generated_Source\PSoC4/Cm0Start.c **** #elif defined (__ICCARM__)
 389:Generated_Source\PSoC4/Cm0Start.c **** 
 390:Generated_Source\PSoC4/Cm0Start.c **** 
 391:Generated_Source\PSoC4/Cm0Start.c **** /*******************************************************************************
 392:Generated_Source\PSoC4/Cm0Start.c **** * Function Name: __low_level_init
 393:Generated_Source\PSoC4/Cm0Start.c **** ****************************************************************************//**
 394:Generated_Source\PSoC4/Cm0Start.c **** *
 395:Generated_Source\PSoC4/Cm0Start.c **** * This function performs early initializations for the IAR Embedded
 396:Generated_Source\PSoC4/Cm0Start.c **** * Workbench IDE. It is executed in the context of reset interrupt handler
 397:Generated_Source\PSoC4/Cm0Start.c **** * before the data sections are initialized.
 398:Generated_Source\PSoC4/Cm0Start.c **** *
 399:Generated_Source\PSoC4/Cm0Start.c **** * \return The value that determines whether or not data sections should be
 400:Generated_Source\PSoC4/Cm0Start.c **** * initialized by the system startup code:
 401:Generated_Source\PSoC4/Cm0Start.c **** *    0 - skip data sections initialization;
 402:Generated_Source\PSoC4/Cm0Start.c **** *    1 - initialize data sections;
 403:Generated_Source\PSoC4/Cm0Start.c **** *
 404:Generated_Source\PSoC4/Cm0Start.c **** *******************************************************************************/
 405:Generated_Source\PSoC4/Cm0Start.c **** #pragma inline = never
 406:Generated_Source\PSoC4/Cm0Start.c **** int __low_level_init(void)
 407:Generated_Source\PSoC4/Cm0Start.c **** {
ARM GAS  C:\Users\andrew\AppData\Local\Temp\ccS6CR5p.s 			page 14


 408:Generated_Source\PSoC4/Cm0Start.c ****     #if(CY_IP_SRSSLT)
 409:Generated_Source\PSoC4/Cm0Start.c ****         CySysWdtDisable();
 410:Generated_Source\PSoC4/Cm0Start.c ****     #endif  /* (CY_IP_SRSSLT) */
 411:Generated_Source\PSoC4/Cm0Start.c **** 
 412:Generated_Source\PSoC4/Cm0Start.c **** #if ((CYDEV_BOOTLOADER_ENABLE) && (CYDEV_PROJ_TYPE != CYDEV_PROJ_TYPE_LOADABLEANDBOOTLOADER))
 413:Generated_Source\PSoC4/Cm0Start.c ****     CyBtldr_CheckLaunch();
 414:Generated_Source\PSoC4/Cm0Start.c **** #endif /* ((CYDEV_BOOTLOADER_ENABLE) && (CYDEV_PROJ_TYPE != CYDEV_PROJ_TYPE_LOADABLEANDBOOTLOADER))
 415:Generated_Source\PSoC4/Cm0Start.c **** 
 416:Generated_Source\PSoC4/Cm0Start.c ****     /* Initialize data sections */
 417:Generated_Source\PSoC4/Cm0Start.c ****     __iar_data_init3();
 418:Generated_Source\PSoC4/Cm0Start.c **** 
 419:Generated_Source\PSoC4/Cm0Start.c ****     initialize_psoc();
 420:Generated_Source\PSoC4/Cm0Start.c **** 
 421:Generated_Source\PSoC4/Cm0Start.c ****     return 0;
 422:Generated_Source\PSoC4/Cm0Start.c **** }
 423:Generated_Source\PSoC4/Cm0Start.c **** 
 424:Generated_Source\PSoC4/Cm0Start.c **** #endif /* __GNUC__ */
 425:Generated_Source\PSoC4/Cm0Start.c **** 
 426:Generated_Source\PSoC4/Cm0Start.c **** 
 427:Generated_Source\PSoC4/Cm0Start.c **** /*******************************************************************************
 428:Generated_Source\PSoC4/Cm0Start.c **** * Ram Interrupt Vector table storage area. Must be placed at 0x20000000.
 429:Generated_Source\PSoC4/Cm0Start.c **** *******************************************************************************/
 430:Generated_Source\PSoC4/Cm0Start.c **** 
 431:Generated_Source\PSoC4/Cm0Start.c **** #if defined (__ICCARM__)
 432:Generated_Source\PSoC4/Cm0Start.c ****     #pragma location=".ramvectors"
 433:Generated_Source\PSoC4/Cm0Start.c **** #elif defined (__ARMCC_VERSION)
 434:Generated_Source\PSoC4/Cm0Start.c ****     #ifndef CY_SYS_RAM_VECTOR_SECTION
 435:Generated_Source\PSoC4/Cm0Start.c ****         #define CY_SYS_RAM_VECTOR_SECTION __attribute__((section(".ramvectors"), zero_init))
 436:Generated_Source\PSoC4/Cm0Start.c ****     #endif /* CY_SYS_RAM_VECTOR_SECTION */
 437:Generated_Source\PSoC4/Cm0Start.c ****     CY_SYS_RAM_VECTOR_SECTION    
 438:Generated_Source\PSoC4/Cm0Start.c **** #else
 439:Generated_Source\PSoC4/Cm0Start.c ****     #ifndef CY_SYS_RAM_VECTOR_SECTION
 440:Generated_Source\PSoC4/Cm0Start.c ****         #define CY_SYS_RAM_VECTOR_SECTION CY_SECTION(".ramvectors")
 441:Generated_Source\PSoC4/Cm0Start.c ****     #endif /* CY_SYS_RAM_VECTOR_SECTION */
 442:Generated_Source\PSoC4/Cm0Start.c ****     CY_SYS_RAM_VECTOR_SECTION
 443:Generated_Source\PSoC4/Cm0Start.c **** #endif  /* defined (__ICCARM__) */
 444:Generated_Source\PSoC4/Cm0Start.c **** cyisraddress CyRamVectors[CY_NUM_VECTORS];
 445:Generated_Source\PSoC4/Cm0Start.c **** 
 446:Generated_Source\PSoC4/Cm0Start.c **** 
 447:Generated_Source\PSoC4/Cm0Start.c **** /*******************************************************************************
 448:Generated_Source\PSoC4/Cm0Start.c **** * Rom Interrupt Vector table storage area. Must be 256-byte aligned.
 449:Generated_Source\PSoC4/Cm0Start.c **** *******************************************************************************/
 450:Generated_Source\PSoC4/Cm0Start.c **** 
 451:Generated_Source\PSoC4/Cm0Start.c **** #if defined(__ARMCC_VERSION)
 452:Generated_Source\PSoC4/Cm0Start.c ****     /* Suppress diagnostic message 1296-D: extended constant initialiser used */
 453:Generated_Source\PSoC4/Cm0Start.c ****     #pragma diag_suppress 1296
 454:Generated_Source\PSoC4/Cm0Start.c **** #endif  /* defined(__ARMCC_VERSION) */
 455:Generated_Source\PSoC4/Cm0Start.c **** 
 456:Generated_Source\PSoC4/Cm0Start.c **** #if defined (__ICCARM__)
 457:Generated_Source\PSoC4/Cm0Start.c ****     #pragma location=".romvectors"
 458:Generated_Source\PSoC4/Cm0Start.c ****     const intvec_elem __vector_table[CY_NUM_ROM_VECTORS] =
 459:Generated_Source\PSoC4/Cm0Start.c **** #else
 460:Generated_Source\PSoC4/Cm0Start.c ****     #ifndef CY_SYS_ROM_VECTOR_SECTION
 461:Generated_Source\PSoC4/Cm0Start.c ****         #define CY_SYS_ROM_VECTOR_SECTION CY_SECTION(".romvectors")
 462:Generated_Source\PSoC4/Cm0Start.c ****     #endif /* CY_SYS_ROM_VECTOR_SECTION */
 463:Generated_Source\PSoC4/Cm0Start.c ****     CY_SYS_ROM_VECTOR_SECTION
 464:Generated_Source\PSoC4/Cm0Start.c ****     const cyisraddress RomVectors[CY_NUM_ROM_VECTORS] =
ARM GAS  C:\Users\andrew\AppData\Local\Temp\ccS6CR5p.s 			page 15


 465:Generated_Source\PSoC4/Cm0Start.c **** #endif  /* defined (__ICCARM__) */
 466:Generated_Source\PSoC4/Cm0Start.c **** {
 467:Generated_Source\PSoC4/Cm0Start.c ****     CY_SYS_INITIAL_STACK_POINTER,   /* The initial stack pointer  0 */
 468:Generated_Source\PSoC4/Cm0Start.c ****     #if defined (__ICCARM__) /* The reset handler          1 */
 469:Generated_Source\PSoC4/Cm0Start.c ****         __iar_program_start,
 470:Generated_Source\PSoC4/Cm0Start.c ****     #else
 471:Generated_Source\PSoC4/Cm0Start.c ****         (cyisraddress)&Reset,
 472:Generated_Source\PSoC4/Cm0Start.c ****     #endif  /* defined (__ICCARM__) */
 473:Generated_Source\PSoC4/Cm0Start.c ****     &IntDefaultHandler,      /* The NMI handler            2 */
 474:Generated_Source\PSoC4/Cm0Start.c ****     &IntDefaultHandler,      /* The hard fault handler     3 */
 475:Generated_Source\PSoC4/Cm0Start.c **** };
 476:Generated_Source\PSoC4/Cm0Start.c **** 
 477:Generated_Source\PSoC4/Cm0Start.c **** #if defined(__ARMCC_VERSION)
 478:Generated_Source\PSoC4/Cm0Start.c ****     #pragma diag_default 1296
 479:Generated_Source\PSoC4/Cm0Start.c **** #endif  /* defined(__ARMCC_VERSION) */
 480:Generated_Source\PSoC4/Cm0Start.c **** 
 481:Generated_Source\PSoC4/Cm0Start.c **** 
 482:Generated_Source\PSoC4/Cm0Start.c **** /*******************************************************************************
 483:Generated_Source\PSoC4/Cm0Start.c **** * Function Name: initialize_psoc
 484:Generated_Source\PSoC4/Cm0Start.c **** ****************************************************************************//**
 485:Generated_Source\PSoC4/Cm0Start.c **** *
 486:Generated_Source\PSoC4/Cm0Start.c **** * This function is used to initialize the PSoC chip before calling main.
 487:Generated_Source\PSoC4/Cm0Start.c **** *
 488:Generated_Source\PSoC4/Cm0Start.c **** *******************************************************************************/
 489:Generated_Source\PSoC4/Cm0Start.c **** #if(defined(__GNUC__) && !defined(__ARMCC_VERSION))
 490:Generated_Source\PSoC4/Cm0Start.c **** __attribute__ ((constructor(101)))
 491:Generated_Source\PSoC4/Cm0Start.c **** #endif  /* (defined(__GNUC__) && !defined(__ARMCC_VERSION)) */
 492:Generated_Source\PSoC4/Cm0Start.c **** void initialize_psoc(void)
 493:Generated_Source\PSoC4/Cm0Start.c **** {
 325              		.loc 1 493 0
 326              		.cfi_startproc
 327              		@ args = 0, pretend = 0, frame = 8
 328              		@ frame_needed = 0, uses_anonymous_args = 0
 329 0000 00B5     		push	{lr}
 330              		.cfi_def_cfa_offset 4
 331              		.cfi_offset 14, -4
 332 0002 83B0     		sub	sp, sp, #12
 333              		.cfi_def_cfa_offset 16
 494:Generated_Source\PSoC4/Cm0Start.c ****     uint32 indexInit;
 495:Generated_Source\PSoC4/Cm0Start.c **** 
 496:Generated_Source\PSoC4/Cm0Start.c ****     #if(CY_IP_CPUSSV2)
 497:Generated_Source\PSoC4/Cm0Start.c ****         #if (CY_IP_CPUSS_CM0)
 498:Generated_Source\PSoC4/Cm0Start.c ****             /***********************************************************************
 499:Generated_Source\PSoC4/Cm0Start.c ****             * Make sure that Vector Table is located at 0000_0000 in Flash, before
 500:Generated_Source\PSoC4/Cm0Start.c ****             * accessing RomVectors or calling functions that may be placed in
 501:Generated_Source\PSoC4/Cm0Start.c ****             * .psocinit (cyfitter_cfg and ClockSetup). Note The CY_CPUSS_CONFIG_REG
 502:Generated_Source\PSoC4/Cm0Start.c ****             * register is retention for the specified device family.
 503:Generated_Source\PSoC4/Cm0Start.c ****             ***********************************************************************/
 504:Generated_Source\PSoC4/Cm0Start.c ****             CY_CPUSS_CONFIG_REG &= (uint32) ~CY_CPUSS_CONFIG_VECT_IN_RAM;
 334              		.loc 1 504 0
 335 0004 144B     		ldr	r3, .L28
 336 0006 144A     		ldr	r2, .L28
 337 0008 1268     		ldr	r2, [r2]
 338 000a 0121     		movs	r1, #1
 339 000c 8A43     		bics	r2, r1
 340 000e 1A60     		str	r2, [r3]
 505:Generated_Source\PSoC4/Cm0Start.c ****         #endif /* (CY_IP_CPUSS_CM0) */
ARM GAS  C:\Users\andrew\AppData\Local\Temp\ccS6CR5p.s 			page 16


 506:Generated_Source\PSoC4/Cm0Start.c ****     #endif  /* (CY_IP_CPUSSV2) */
 507:Generated_Source\PSoC4/Cm0Start.c **** 
 508:Generated_Source\PSoC4/Cm0Start.c ****     /* Set Ram interrupt vectors to default functions. */
 509:Generated_Source\PSoC4/Cm0Start.c ****     for (indexInit = 0u; indexInit < CY_NUM_VECTORS; indexInit++)
 341              		.loc 1 509 0
 342 0010 0023     		movs	r3, #0
 343 0012 0193     		str	r3, [sp, #4]
 344 0014 0FE0     		b	.L24
 345              	.L27:
 510:Generated_Source\PSoC4/Cm0Start.c ****     {
 511:Generated_Source\PSoC4/Cm0Start.c ****         CyRamVectors[indexInit] = (indexInit < CY_NUM_ROM_VECTORS) ?
 512:Generated_Source\PSoC4/Cm0Start.c ****             #if defined (__ICCARM__)
 513:Generated_Source\PSoC4/Cm0Start.c ****                 __vector_table[indexInit].__fun : &IntDefaultHandler;
 514:Generated_Source\PSoC4/Cm0Start.c ****             #else
 515:Generated_Source\PSoC4/Cm0Start.c ****                 RomVectors[indexInit] : &IntDefaultHandler;
 346              		.loc 1 515 0
 347 0016 019B     		ldr	r3, [sp, #4]
 348 0018 032B     		cmp	r3, #3
 349 001a 04D8     		bhi	.L25
 350              		.loc 1 515 0 is_stmt 0 discriminator 1
 351 001c 0F4B     		ldr	r3, .L28+4
 352 001e 019A     		ldr	r2, [sp, #4]
 353 0020 9200     		lsls	r2, r2, #2
 354 0022 D358     		ldr	r3, [r2, r3]
 355 0024 00E0     		b	.L26
 356              	.L25:
 357              		.loc 1 515 0 discriminator 2
 358 0026 0E4B     		ldr	r3, .L28+8
 359              	.L26:
 511:Generated_Source\PSoC4/Cm0Start.c ****             #if defined (__ICCARM__)
 360              		.loc 1 511 0 is_stmt 1 discriminator 2
 361 0028 0E4A     		ldr	r2, .L28+12
 362 002a 0199     		ldr	r1, [sp, #4]
 363 002c 8900     		lsls	r1, r1, #2
 364 002e 8B50     		str	r3, [r1, r2]
 509:Generated_Source\PSoC4/Cm0Start.c ****     {
 365              		.loc 1 509 0 discriminator 2
 366 0030 019B     		ldr	r3, [sp, #4]
 367 0032 0133     		adds	r3, r3, #1
 368 0034 0193     		str	r3, [sp, #4]
 369              	.L24:
 509:Generated_Source\PSoC4/Cm0Start.c ****     {
 370              		.loc 1 509 0 is_stmt 0 discriminator 1
 371 0036 019B     		ldr	r3, [sp, #4]
 372 0038 2F2B     		cmp	r3, #47
 373 003a ECD9     		bls	.L27
 516:Generated_Source\PSoC4/Cm0Start.c ****             #endif  /* defined (__ICCARM__) */
 517:Generated_Source\PSoC4/Cm0Start.c ****     }
 518:Generated_Source\PSoC4/Cm0Start.c **** 
 519:Generated_Source\PSoC4/Cm0Start.c ****     /* Initialize configuration registers. */
 520:Generated_Source\PSoC4/Cm0Start.c ****     cyfitter_cfg();
 374              		.loc 1 520 0 is_stmt 1
 375 003c FFF7FEFF 		bl	cyfitter_cfg
 521:Generated_Source\PSoC4/Cm0Start.c **** 
 522:Generated_Source\PSoC4/Cm0Start.c ****     #if !defined (__ICCARM__)
 523:Generated_Source\PSoC4/Cm0Start.c ****         /* Actually, no need to clean this variable, just to make compiler happy. */
 524:Generated_Source\PSoC4/Cm0Start.c ****         cySysNoInitDataValid = 0u;
ARM GAS  C:\Users\andrew\AppData\Local\Temp\ccS6CR5p.s 			page 17


 376              		.loc 1 524 0
 377 0040 094B     		ldr	r3, .L28+16
 378 0042 0022     		movs	r2, #0
 379 0044 1A60     		str	r2, [r3]
 525:Generated_Source\PSoC4/Cm0Start.c ****     #endif  /* !defined (__ICCARM__) */
 526:Generated_Source\PSoC4/Cm0Start.c **** 
 527:Generated_Source\PSoC4/Cm0Start.c ****     #if (CYDEV_PROJ_TYPE != CYDEV_PROJ_TYPE_STANDARD)
 528:Generated_Source\PSoC4/Cm0Start.c **** 
 529:Generated_Source\PSoC4/Cm0Start.c ****         /* Need to make sure that this variable will not be optimized out */
 530:Generated_Source\PSoC4/Cm0Start.c ****         if (0u == cyBtldrRunType)
 531:Generated_Source\PSoC4/Cm0Start.c ****         {
 532:Generated_Source\PSoC4/Cm0Start.c ****             cyBtldrRunType = 0u;
 533:Generated_Source\PSoC4/Cm0Start.c ****         }
 534:Generated_Source\PSoC4/Cm0Start.c **** 
 535:Generated_Source\PSoC4/Cm0Start.c ****     #endif  /* (CYDEV_PROJ_TYPE != CYDEV_PROJ_TYPE_STANDARD) */
 536:Generated_Source\PSoC4/Cm0Start.c **** 
 537:Generated_Source\PSoC4/Cm0Start.c ****     #if (CY_IP_CPUSS_CM0)
 538:Generated_Source\PSoC4/Cm0Start.c ****         /* Vector Table is located at 0x2000:0000 in SRAM */
 539:Generated_Source\PSoC4/Cm0Start.c ****         CY_CPUSS_CONFIG_REG |= CY_CPUSS_CONFIG_VECT_IN_RAM;
 380              		.loc 1 539 0
 381 0046 044B     		ldr	r3, .L28
 382 0048 034A     		ldr	r2, .L28
 383 004a 1268     		ldr	r2, [r2]
 384 004c 0121     		movs	r1, #1
 385 004e 0A43     		orrs	r2, r1
 386 0050 1A60     		str	r2, [r3]
 540:Generated_Source\PSoC4/Cm0Start.c **** 	#else
 541:Generated_Source\PSoC4/Cm0Start.c **** 		(*(uint32 *)CYREG_CM0P_VTOR) = CY_CPUSS_CONFIG_VECT_ADDR_IN_RAM;
 542:Generated_Source\PSoC4/Cm0Start.c ****     #endif /* (CY_IP_CPUSS_CM0) */
 543:Generated_Source\PSoC4/Cm0Start.c **** }
 387              		.loc 1 543 0
 388 0052 C046     		nop
 389 0054 03B0     		add	sp, sp, #12
 390              		@ sp needed
 391 0056 00BD     		pop	{pc}
 392              	.L29:
 393              		.align	2
 394              	.L28:
 395 0058 00001040 		.word	1074790400
 396 005c 00000000 		.word	RomVectors
 397 0060 00000000 		.word	IntDefaultHandler
 398 0064 00000000 		.word	CyRamVectors
 399 0068 00000000 		.word	cySysNoInitDataValid
 400              		.cfi_endproc
 401              	.LFE7:
 402              		.size	initialize_psoc, .-initialize_psoc
 403              		.section	.init_array,"aw",%init_array
 404              		.align	2
 405 0000 00000000 		.word	initialize_psoc(target1)
 406              		.data
 407              		.align	2
 408              		.type	heapPointer.4891, %object
 409              		.size	heapPointer.4891, 4
 410              	heapPointer.4891:
 411 0000 00000000 		.word	end
 412              		.weak	__cy_region_num
 413              		.text
ARM GAS  C:\Users\andrew\AppData\Local\Temp\ccS6CR5p.s 			page 18


 414              	.Letext0:
 415              		.file 2 "c:\\program files (x86)\\cypress\\psoc creator\\4.1\\psoc creator\\import\\gnu\\arm\\5.4.
 416              		.file 3 "Generated_Source\\PSoC4\\cytypes.h"
 417              		.section	.debug_info,"",%progbits
 418              	.Ldebug_info0:
 419 0000 0E030000 		.4byte	0x30e
 420 0004 0400     		.2byte	0x4
 421 0006 00000000 		.4byte	.Ldebug_abbrev0
 422 000a 04       		.byte	0x4
 423 000b 01       		.uleb128 0x1
 424 000c 0D000000 		.4byte	.LASF41
 425 0010 0C       		.byte	0xc
 426 0011 39020000 		.4byte	.LASF42
 427 0015 FA000000 		.4byte	.LASF43
 428 0019 00000000 		.4byte	.Ldebug_ranges0+0
 429 001d 00000000 		.4byte	0
 430 0021 00000000 		.4byte	.Ldebug_line0
 431 0025 02       		.uleb128 0x2
 432 0026 01       		.byte	0x1
 433 0027 06       		.byte	0x6
 434 0028 F9020000 		.4byte	.LASF0
 435 002c 02       		.uleb128 0x2
 436 002d 01       		.byte	0x1
 437 002e 08       		.byte	0x8
 438 002f AC010000 		.4byte	.LASF1
 439 0033 02       		.uleb128 0x2
 440 0034 02       		.byte	0x2
 441 0035 05       		.byte	0x5
 442 0036 DA020000 		.4byte	.LASF2
 443 003a 02       		.uleb128 0x2
 444 003b 02       		.byte	0x2
 445 003c 07       		.byte	0x7
 446 003d D7000000 		.4byte	.LASF3
 447 0041 02       		.uleb128 0x2
 448 0042 04       		.byte	0x4
 449 0043 05       		.byte	0x5
 450 0044 E4020000 		.4byte	.LASF4
 451 0048 02       		.uleb128 0x2
 452 0049 04       		.byte	0x4
 453 004a 07       		.byte	0x7
 454 004b D1010000 		.4byte	.LASF5
 455 004f 02       		.uleb128 0x2
 456 0050 08       		.byte	0x8
 457 0051 05       		.byte	0x5
 458 0052 C7020000 		.4byte	.LASF6
 459 0056 02       		.uleb128 0x2
 460 0057 08       		.byte	0x8
 461 0058 07       		.byte	0x7
 462 0059 79020000 		.4byte	.LASF7
 463 005d 03       		.uleb128 0x3
 464 005e 04       		.byte	0x4
 465 005f 05       		.byte	0x5
 466 0060 696E7400 		.ascii	"int\000"
 467 0064 02       		.uleb128 0x2
 468 0065 04       		.byte	0x4
 469 0066 07       		.byte	0x7
 470 0067 6C020000 		.4byte	.LASF8
ARM GAS  C:\Users\andrew\AppData\Local\Temp\ccS6CR5p.s 			page 19


 471 006b 04       		.uleb128 0x4
 472 006c 06000000 		.4byte	.LASF10
 473 0070 02       		.byte	0x2
 474 0071 D8       		.byte	0xd8
 475 0072 64000000 		.4byte	0x64
 476 0076 02       		.uleb128 0x2
 477 0077 08       		.byte	0x8
 478 0078 04       		.byte	0x4
 479 0079 ED020000 		.4byte	.LASF9
 480 007d 05       		.uleb128 0x5
 481 007e F8010000 		.4byte	.LASF11
 482 0082 03       		.byte	0x3
 483 0083 D201     		.2byte	0x1d2
 484 0085 2C000000 		.4byte	0x2c
 485 0089 05       		.uleb128 0x5
 486 008a 5B020000 		.4byte	.LASF12
 487 008e 03       		.byte	0x3
 488 008f D401     		.2byte	0x1d4
 489 0091 48000000 		.4byte	0x48
 490 0095 02       		.uleb128 0x2
 491 0096 04       		.byte	0x4
 492 0097 04       		.byte	0x4
 493 0098 A1010000 		.4byte	.LASF13
 494 009c 02       		.uleb128 0x2
 495 009d 08       		.byte	0x8
 496 009e 04       		.byte	0x4
 497 009f 22020000 		.4byte	.LASF14
 498 00a3 02       		.uleb128 0x2
 499 00a4 01       		.byte	0x1
 500 00a5 08       		.byte	0x8
 501 00a6 D5020000 		.4byte	.LASF15
 502 00aa 05       		.uleb128 0x5
 503 00ab 00000000 		.4byte	.LASF16
 504 00af 03       		.byte	0x3
 505 00b0 7E02     		.2byte	0x27e
 506 00b2 B6000000 		.4byte	0xb6
 507 00b6 06       		.uleb128 0x6
 508 00b7 89000000 		.4byte	0x89
 509 00bb 05       		.uleb128 0x5
 510 00bc 96020000 		.4byte	.LASF17
 511 00c0 03       		.byte	0x3
 512 00c1 8E02     		.2byte	0x28e
 513 00c3 C7000000 		.4byte	0xc7
 514 00c7 07       		.uleb128 0x7
 515 00c8 04       		.byte	0x4
 516 00c9 CD000000 		.4byte	0xcd
 517 00cd 08       		.uleb128 0x8
 518 00ce 02       		.uleb128 0x2
 519 00cf 04       		.byte	0x4
 520 00d0 07       		.byte	0x7
 521 00d1 BE020000 		.4byte	.LASF18
 522 00d5 09       		.uleb128 0x9
 523 00d6 04       		.byte	0x4
 524 00d7 0A       		.uleb128 0xa
 525 00d8 A3000000 		.4byte	0xa3
 526 00dc 04       		.uleb128 0x4
 527 00dd AD020000 		.4byte	.LASF19
ARM GAS  C:\Users\andrew\AppData\Local\Temp\ccS6CR5p.s 			page 20


 528 00e1 01       		.byte	0x1
 529 00e2 DE       		.byte	0xde
 530 00e3 2C000000 		.4byte	0x2c
 531 00e7 0B       		.uleb128 0xb
 532 00e8 21030000 		.4byte	.LASF44
 533 00ec 10       		.byte	0x10
 534 00ed 01       		.byte	0x1
 535 00ee E0       		.byte	0xe0
 536 00ef 24010000 		.4byte	0x124
 537 00f3 0C       		.uleb128 0xc
 538 00f4 86010000 		.4byte	.LASF20
 539 00f8 01       		.byte	0x1
 540 00f9 E2       		.byte	0xe2
 541 00fa 24010000 		.4byte	0x124
 542 00fe 00       		.byte	0
 543 00ff 0C       		.uleb128 0xc
 544 0100 A7010000 		.4byte	.LASF21
 545 0104 01       		.byte	0x1
 546 0105 E3       		.byte	0xe3
 547 0106 24010000 		.4byte	0x124
 548 010a 04       		.byte	0x4
 549 010b 0C       		.uleb128 0xc
 550 010c A3020000 		.4byte	.LASF22
 551 0110 01       		.byte	0x1
 552 0111 E4       		.byte	0xe4
 553 0112 6B000000 		.4byte	0x6b
 554 0116 08       		.byte	0x8
 555 0117 0C       		.uleb128 0xc
 556 0118 92010000 		.4byte	.LASF23
 557 011c 01       		.byte	0x1
 558 011d E5       		.byte	0xe5
 559 011e 6B000000 		.4byte	0x6b
 560 0122 0C       		.byte	0xc
 561 0123 00       		.byte	0
 562 0124 07       		.uleb128 0x7
 563 0125 04       		.byte	0x4
 564 0126 DC000000 		.4byte	0xdc
 565 012a 0D       		.uleb128 0xd
 566 012b 0A020000 		.4byte	.LASF45
 567 012f 01       		.byte	0x1
 568 0130 6D       		.byte	0x6d
 569 0131 00000000 		.4byte	.LFB2
 570 0135 12000000 		.4byte	.LFE2-.LFB2
 571 0139 01       		.uleb128 0x1
 572 013a 9C       		.byte	0x9c
 573 013b 0E       		.uleb128 0xe
 574 013c 04020000 		.4byte	.LASF24
 575 0140 01       		.byte	0x1
 576 0141 FE       		.byte	0xfe
 577 0142 00000000 		.4byte	.LFB3
 578 0146 12000000 		.4byte	.LFE3-.LFB3
 579 014a 01       		.uleb128 0x1
 580 014b 9C       		.byte	0x9c
 581 014c 5F010000 		.4byte	0x15f
 582 0150 0F       		.uleb128 0xf
 583 0151 8B010000 		.4byte	.LASF26
 584 0155 01       		.byte	0x1
ARM GAS  C:\Users\andrew\AppData\Local\Temp\ccS6CR5p.s 			page 21


 585 0156 FE       		.byte	0xfe
 586 0157 5D000000 		.4byte	0x5d
 587 015b 02       		.uleb128 0x2
 588 015c 91       		.byte	0x91
 589 015d 74       		.sleb128 -12
 590 015e 00       		.byte	0
 591 015f 10       		.uleb128 0x10
 592 0160 1C020000 		.4byte	.LASF25
 593 0164 01       		.byte	0x1
 594 0165 1801     		.2byte	0x118
 595 0167 D5000000 		.4byte	0xd5
 596 016b 00000000 		.4byte	.LFB4
 597 016f 50000000 		.4byte	.LFE4-.LFB4
 598 0173 01       		.uleb128 0x1
 599 0174 9C       		.byte	0x9c
 600 0175 B6010000 		.4byte	0x1b6
 601 0179 11       		.uleb128 0x11
 602 017a 1A030000 		.4byte	.LASF27
 603 017e 01       		.byte	0x1
 604 017f 1801     		.2byte	0x118
 605 0181 5D000000 		.4byte	0x5d
 606 0185 02       		.uleb128 0x2
 607 0186 91       		.byte	0x91
 608 0187 6C       		.sleb128 -20
 609 0188 12       		.uleb128 0x12
 610 0189 656E6400 		.ascii	"end\000"
 611 018d 01       		.byte	0x1
 612 018e 1A01     		.2byte	0x11a
 613 0190 5D000000 		.4byte	0x5d
 614 0194 13       		.uleb128 0x13
 615 0195 BA010000 		.4byte	.LASF28
 616 0199 01       		.byte	0x1
 617 019a 1B01     		.2byte	0x11b
 618 019c D5000000 		.4byte	0xd5
 619 01a0 02       		.uleb128 0x2
 620 01a1 91       		.byte	0x91
 621 01a2 74       		.sleb128 -12
 622 01a3 13       		.uleb128 0x13
 623 01a4 CB000000 		.4byte	.LASF29
 624 01a8 01       		.byte	0x1
 625 01a9 1E01     		.2byte	0x11e
 626 01ab B6010000 		.4byte	0x1b6
 627 01af 05       		.uleb128 0x5
 628 01b0 03       		.byte	0x3
 629 01b1 00000000 		.4byte	heapPointer.4891
 630 01b5 00       		.byte	0
 631 01b6 07       		.uleb128 0x7
 632 01b7 04       		.byte	0x4
 633 01b8 7D000000 		.4byte	0x7d
 634 01bc 14       		.uleb128 0x14
 635 01bd BD000000 		.4byte	.LASF30
 636 01c1 01       		.byte	0x1
 637 01c2 3901     		.2byte	0x139
 638 01c4 00000000 		.4byte	.LFB5
 639 01c8 98000000 		.4byte	.LFE5-.LFB5
 640 01cc 01       		.uleb128 0x1
 641 01cd 9C       		.byte	0x9c
ARM GAS  C:\Users\andrew\AppData\Local\Temp\ccS6CR5p.s 			page 22


 642 01ce 37020000 		.4byte	0x237
 643 01d2 13       		.uleb128 0x13
 644 01d3 12030000 		.4byte	.LASF31
 645 01d7 01       		.byte	0x1
 646 01d8 3E01     		.2byte	0x13e
 647 01da 64000000 		.4byte	0x64
 648 01de 02       		.uleb128 0x2
 649 01df 91       		.byte	0x91
 650 01e0 74       		.sleb128 -12
 651 01e1 13       		.uleb128 0x13
 652 01e2 9C010000 		.4byte	.LASF32
 653 01e6 01       		.byte	0x1
 654 01e7 3F01     		.2byte	0x13f
 655 01e9 37020000 		.4byte	0x237
 656 01ed 02       		.uleb128 0x2
 657 01ee 91       		.byte	0x91
 658 01ef 70       		.sleb128 -16
 659 01f0 15       		.uleb128 0x15
 660 01f1 12000000 		.4byte	.LBB2
 661 01f5 66000000 		.4byte	.LBE2-.LBB2
 662 01f9 16       		.uleb128 0x16
 663 01fa 73726300 		.ascii	"src\000"
 664 01fe 01       		.byte	0x1
 665 01ff 4401     		.2byte	0x144
 666 0201 42020000 		.4byte	0x242
 667 0205 02       		.uleb128 0x2
 668 0206 91       		.byte	0x91
 669 0207 6C       		.sleb128 -20
 670 0208 16       		.uleb128 0x16
 671 0209 64737400 		.ascii	"dst\000"
 672 020d 01       		.byte	0x1
 673 020e 4501     		.2byte	0x145
 674 0210 42020000 		.4byte	0x242
 675 0214 02       		.uleb128 0x2
 676 0215 91       		.byte	0x91
 677 0216 68       		.sleb128 -24
 678 0217 13       		.uleb128 0x13
 679 0218 90020000 		.4byte	.LASF33
 680 021c 01       		.byte	0x1
 681 021d 4601     		.2byte	0x146
 682 021f 64000000 		.4byte	0x64
 683 0223 02       		.uleb128 0x2
 684 0224 91       		.byte	0x91
 685 0225 60       		.sleb128 -32
 686 0226 13       		.uleb128 0x13
 687 0227 C5000000 		.4byte	.LASF34
 688 022b 01       		.byte	0x1
 689 022c 4701     		.2byte	0x147
 690 022e 64000000 		.4byte	0x64
 691 0232 02       		.uleb128 0x2
 692 0233 91       		.byte	0x91
 693 0234 64       		.sleb128 -28
 694 0235 00       		.byte	0
 695 0236 00       		.byte	0
 696 0237 07       		.uleb128 0x7
 697 0238 04       		.byte	0x4
 698 0239 3D020000 		.4byte	0x23d
ARM GAS  C:\Users\andrew\AppData\Local\Temp\ccS6CR5p.s 			page 23


 699 023d 0A       		.uleb128 0xa
 700 023e E7000000 		.4byte	0xe7
 701 0242 07       		.uleb128 0x7
 702 0243 04       		.byte	0x4
 703 0244 89000000 		.4byte	0x89
 704 0248 17       		.uleb128 0x17
 705 0249 FE010000 		.4byte	.LASF46
 706 024d 01       		.byte	0x1
 707 024e 6E01     		.2byte	0x16e
 708 0250 00000000 		.4byte	.LFB6
 709 0254 06000000 		.4byte	.LFE6-.LFB6
 710 0258 01       		.uleb128 0x1
 711 0259 9C       		.byte	0x9c
 712 025a 18       		.uleb128 0x18
 713 025b 29020000 		.4byte	.LASF47
 714 025f 01       		.byte	0x1
 715 0260 EC01     		.2byte	0x1ec
 716 0262 00000000 		.4byte	.LFB7
 717 0266 6C000000 		.4byte	.LFE7-.LFB7
 718 026a 01       		.uleb128 0x1
 719 026b 9C       		.byte	0x9c
 720 026c 80020000 		.4byte	0x280
 721 0270 13       		.uleb128 0x13
 722 0271 62020000 		.4byte	.LASF35
 723 0275 01       		.byte	0x1
 724 0276 EE01     		.2byte	0x1ee
 725 0278 89000000 		.4byte	0x89
 726 027c 02       		.uleb128 0x2
 727 027d 91       		.byte	0x91
 728 027e 74       		.sleb128 -12
 729 027f 00       		.byte	0
 730 0280 19       		.uleb128 0x19
 731 0281 E3010000 		.4byte	.LASF36
 732 0285 01       		.byte	0x1
 733 0286 4E       		.byte	0x4e
 734 0287 89000000 		.4byte	0x89
 735 028b 05       		.uleb128 0x5
 736 028c 03       		.byte	0x3
 737 028d 00000000 		.4byte	cySysNoInitDataValid
 738 0291 12       		.uleb128 0x12
 739 0292 656E6400 		.ascii	"end\000"
 740 0296 01       		.byte	0x1
 741 0297 1A01     		.2byte	0x11a
 742 0299 5D000000 		.4byte	0x5d
 743 029d 1A       		.uleb128 0x1a
 744 029e 3D020000 		.4byte	0x23d
 745 02a2 A8020000 		.4byte	0x2a8
 746 02a6 1B       		.uleb128 0x1b
 747 02a7 00       		.byte	0
 748 02a8 1C       		.uleb128 0x1c
 749 02a9 05030000 		.4byte	.LASF37
 750 02ad 01       		.byte	0x1
 751 02ae E8       		.byte	0xe8
 752 02af B3020000 		.4byte	0x2b3
 753 02b3 0A       		.uleb128 0xa
 754 02b4 9D020000 		.4byte	0x29d
 755 02b8 1C       		.uleb128 0x1c
ARM GAS  C:\Users\andrew\AppData\Local\Temp\ccS6CR5p.s 			page 24


 756 02b9 EA000000 		.4byte	.LASF38
 757 02bd 01       		.byte	0x1
 758 02be E9       		.byte	0xe9
 759 02bf D7000000 		.4byte	0xd7
 760 02c3 1A       		.uleb128 0x1a
 761 02c4 BB000000 		.4byte	0xbb
 762 02c8 D3020000 		.4byte	0x2d3
 763 02cc 1D       		.uleb128 0x1d
 764 02cd CE000000 		.4byte	0xce
 765 02d1 2F       		.byte	0x2f
 766 02d2 00       		.byte	0
 767 02d3 1E       		.uleb128 0x1e
 768 02d4 B0000000 		.4byte	.LASF39
 769 02d8 01       		.byte	0x1
 770 02d9 BC01     		.2byte	0x1bc
 771 02db C3020000 		.4byte	0x2c3
 772 02df 05       		.uleb128 0x5
 773 02e0 03       		.byte	0x3
 774 02e1 00000000 		.4byte	CyRamVectors
 775 02e5 1A       		.uleb128 0x1a
 776 02e6 F5020000 		.4byte	0x2f5
 777 02ea F5020000 		.4byte	0x2f5
 778 02ee 1D       		.uleb128 0x1d
 779 02ef CE000000 		.4byte	0xce
 780 02f3 03       		.byte	0x3
 781 02f4 00       		.byte	0
 782 02f5 0A       		.uleb128 0xa
 783 02f6 BB000000 		.4byte	0xbb
 784 02fa 1E       		.uleb128 0x1e
 785 02fb C6010000 		.4byte	.LASF40
 786 02ff 01       		.byte	0x1
 787 0300 D001     		.2byte	0x1d0
 788 0302 0C030000 		.4byte	0x30c
 789 0306 05       		.uleb128 0x5
 790 0307 03       		.byte	0x3
 791 0308 00000000 		.4byte	RomVectors
 792 030c 0A       		.uleb128 0xa
 793 030d E5020000 		.4byte	0x2e5
 794 0311 00       		.byte	0
 795              		.section	.debug_abbrev,"",%progbits
 796              	.Ldebug_abbrev0:
 797 0000 01       		.uleb128 0x1
 798 0001 11       		.uleb128 0x11
 799 0002 01       		.byte	0x1
 800 0003 25       		.uleb128 0x25
 801 0004 0E       		.uleb128 0xe
 802 0005 13       		.uleb128 0x13
 803 0006 0B       		.uleb128 0xb
 804 0007 03       		.uleb128 0x3
 805 0008 0E       		.uleb128 0xe
 806 0009 1B       		.uleb128 0x1b
 807 000a 0E       		.uleb128 0xe
 808 000b 55       		.uleb128 0x55
 809 000c 17       		.uleb128 0x17
 810 000d 11       		.uleb128 0x11
 811 000e 01       		.uleb128 0x1
 812 000f 10       		.uleb128 0x10
ARM GAS  C:\Users\andrew\AppData\Local\Temp\ccS6CR5p.s 			page 25


 813 0010 17       		.uleb128 0x17
 814 0011 00       		.byte	0
 815 0012 00       		.byte	0
 816 0013 02       		.uleb128 0x2
 817 0014 24       		.uleb128 0x24
 818 0015 00       		.byte	0
 819 0016 0B       		.uleb128 0xb
 820 0017 0B       		.uleb128 0xb
 821 0018 3E       		.uleb128 0x3e
 822 0019 0B       		.uleb128 0xb
 823 001a 03       		.uleb128 0x3
 824 001b 0E       		.uleb128 0xe
 825 001c 00       		.byte	0
 826 001d 00       		.byte	0
 827 001e 03       		.uleb128 0x3
 828 001f 24       		.uleb128 0x24
 829 0020 00       		.byte	0
 830 0021 0B       		.uleb128 0xb
 831 0022 0B       		.uleb128 0xb
 832 0023 3E       		.uleb128 0x3e
 833 0024 0B       		.uleb128 0xb
 834 0025 03       		.uleb128 0x3
 835 0026 08       		.uleb128 0x8
 836 0027 00       		.byte	0
 837 0028 00       		.byte	0
 838 0029 04       		.uleb128 0x4
 839 002a 16       		.uleb128 0x16
 840 002b 00       		.byte	0
 841 002c 03       		.uleb128 0x3
 842 002d 0E       		.uleb128 0xe
 843 002e 3A       		.uleb128 0x3a
 844 002f 0B       		.uleb128 0xb
 845 0030 3B       		.uleb128 0x3b
 846 0031 0B       		.uleb128 0xb
 847 0032 49       		.uleb128 0x49
 848 0033 13       		.uleb128 0x13
 849 0034 00       		.byte	0
 850 0035 00       		.byte	0
 851 0036 05       		.uleb128 0x5
 852 0037 16       		.uleb128 0x16
 853 0038 00       		.byte	0
 854 0039 03       		.uleb128 0x3
 855 003a 0E       		.uleb128 0xe
 856 003b 3A       		.uleb128 0x3a
 857 003c 0B       		.uleb128 0xb
 858 003d 3B       		.uleb128 0x3b
 859 003e 05       		.uleb128 0x5
 860 003f 49       		.uleb128 0x49
 861 0040 13       		.uleb128 0x13
 862 0041 00       		.byte	0
 863 0042 00       		.byte	0
 864 0043 06       		.uleb128 0x6
 865 0044 35       		.uleb128 0x35
 866 0045 00       		.byte	0
 867 0046 49       		.uleb128 0x49
 868 0047 13       		.uleb128 0x13
 869 0048 00       		.byte	0
ARM GAS  C:\Users\andrew\AppData\Local\Temp\ccS6CR5p.s 			page 26


 870 0049 00       		.byte	0
 871 004a 07       		.uleb128 0x7
 872 004b 0F       		.uleb128 0xf
 873 004c 00       		.byte	0
 874 004d 0B       		.uleb128 0xb
 875 004e 0B       		.uleb128 0xb
 876 004f 49       		.uleb128 0x49
 877 0050 13       		.uleb128 0x13
 878 0051 00       		.byte	0
 879 0052 00       		.byte	0
 880 0053 08       		.uleb128 0x8
 881 0054 15       		.uleb128 0x15
 882 0055 00       		.byte	0
 883 0056 27       		.uleb128 0x27
 884 0057 19       		.uleb128 0x19
 885 0058 00       		.byte	0
 886 0059 00       		.byte	0
 887 005a 09       		.uleb128 0x9
 888 005b 0F       		.uleb128 0xf
 889 005c 00       		.byte	0
 890 005d 0B       		.uleb128 0xb
 891 005e 0B       		.uleb128 0xb
 892 005f 00       		.byte	0
 893 0060 00       		.byte	0
 894 0061 0A       		.uleb128 0xa
 895 0062 26       		.uleb128 0x26
 896 0063 00       		.byte	0
 897 0064 49       		.uleb128 0x49
 898 0065 13       		.uleb128 0x13
 899 0066 00       		.byte	0
 900 0067 00       		.byte	0
 901 0068 0B       		.uleb128 0xb
 902 0069 13       		.uleb128 0x13
 903 006a 01       		.byte	0x1
 904 006b 03       		.uleb128 0x3
 905 006c 0E       		.uleb128 0xe
 906 006d 0B       		.uleb128 0xb
 907 006e 0B       		.uleb128 0xb
 908 006f 3A       		.uleb128 0x3a
 909 0070 0B       		.uleb128 0xb
 910 0071 3B       		.uleb128 0x3b
 911 0072 0B       		.uleb128 0xb
 912 0073 01       		.uleb128 0x1
 913 0074 13       		.uleb128 0x13
 914 0075 00       		.byte	0
 915 0076 00       		.byte	0
 916 0077 0C       		.uleb128 0xc
 917 0078 0D       		.uleb128 0xd
 918 0079 00       		.byte	0
 919 007a 03       		.uleb128 0x3
 920 007b 0E       		.uleb128 0xe
 921 007c 3A       		.uleb128 0x3a
 922 007d 0B       		.uleb128 0xb
 923 007e 3B       		.uleb128 0x3b
 924 007f 0B       		.uleb128 0xb
 925 0080 49       		.uleb128 0x49
 926 0081 13       		.uleb128 0x13
ARM GAS  C:\Users\andrew\AppData\Local\Temp\ccS6CR5p.s 			page 27


 927 0082 38       		.uleb128 0x38
 928 0083 0B       		.uleb128 0xb
 929 0084 00       		.byte	0
 930 0085 00       		.byte	0
 931 0086 0D       		.uleb128 0xd
 932 0087 2E       		.uleb128 0x2e
 933 0088 00       		.byte	0
 934 0089 3F       		.uleb128 0x3f
 935 008a 19       		.uleb128 0x19
 936 008b 03       		.uleb128 0x3
 937 008c 0E       		.uleb128 0xe
 938 008d 3A       		.uleb128 0x3a
 939 008e 0B       		.uleb128 0xb
 940 008f 3B       		.uleb128 0x3b
 941 0090 0B       		.uleb128 0xb
 942 0091 27       		.uleb128 0x27
 943 0092 19       		.uleb128 0x19
 944 0093 8701     		.uleb128 0x87
 945 0095 19       		.uleb128 0x19
 946 0096 11       		.uleb128 0x11
 947 0097 01       		.uleb128 0x1
 948 0098 12       		.uleb128 0x12
 949 0099 06       		.uleb128 0x6
 950 009a 40       		.uleb128 0x40
 951 009b 18       		.uleb128 0x18
 952 009c 9642     		.uleb128 0x2116
 953 009e 19       		.uleb128 0x19
 954 009f 00       		.byte	0
 955 00a0 00       		.byte	0
 956 00a1 0E       		.uleb128 0xe
 957 00a2 2E       		.uleb128 0x2e
 958 00a3 01       		.byte	0x1
 959 00a4 3F       		.uleb128 0x3f
 960 00a5 19       		.uleb128 0x19
 961 00a6 03       		.uleb128 0x3
 962 00a7 0E       		.uleb128 0xe
 963 00a8 3A       		.uleb128 0x3a
 964 00a9 0B       		.uleb128 0xb
 965 00aa 3B       		.uleb128 0x3b
 966 00ab 0B       		.uleb128 0xb
 967 00ac 27       		.uleb128 0x27
 968 00ad 19       		.uleb128 0x19
 969 00ae 8701     		.uleb128 0x87
 970 00b0 19       		.uleb128 0x19
 971 00b1 11       		.uleb128 0x11
 972 00b2 01       		.uleb128 0x1
 973 00b3 12       		.uleb128 0x12
 974 00b4 06       		.uleb128 0x6
 975 00b5 40       		.uleb128 0x40
 976 00b6 18       		.uleb128 0x18
 977 00b7 9642     		.uleb128 0x2116
 978 00b9 19       		.uleb128 0x19
 979 00ba 01       		.uleb128 0x1
 980 00bb 13       		.uleb128 0x13
 981 00bc 00       		.byte	0
 982 00bd 00       		.byte	0
 983 00be 0F       		.uleb128 0xf
ARM GAS  C:\Users\andrew\AppData\Local\Temp\ccS6CR5p.s 			page 28


 984 00bf 05       		.uleb128 0x5
 985 00c0 00       		.byte	0
 986 00c1 03       		.uleb128 0x3
 987 00c2 0E       		.uleb128 0xe
 988 00c3 3A       		.uleb128 0x3a
 989 00c4 0B       		.uleb128 0xb
 990 00c5 3B       		.uleb128 0x3b
 991 00c6 0B       		.uleb128 0xb
 992 00c7 49       		.uleb128 0x49
 993 00c8 13       		.uleb128 0x13
 994 00c9 02       		.uleb128 0x2
 995 00ca 18       		.uleb128 0x18
 996 00cb 00       		.byte	0
 997 00cc 00       		.byte	0
 998 00cd 10       		.uleb128 0x10
 999 00ce 2E       		.uleb128 0x2e
 1000 00cf 01       		.byte	0x1
 1001 00d0 3F       		.uleb128 0x3f
 1002 00d1 19       		.uleb128 0x19
 1003 00d2 03       		.uleb128 0x3
 1004 00d3 0E       		.uleb128 0xe
 1005 00d4 3A       		.uleb128 0x3a
 1006 00d5 0B       		.uleb128 0xb
 1007 00d6 3B       		.uleb128 0x3b
 1008 00d7 05       		.uleb128 0x5
 1009 00d8 27       		.uleb128 0x27
 1010 00d9 19       		.uleb128 0x19
 1011 00da 49       		.uleb128 0x49
 1012 00db 13       		.uleb128 0x13
 1013 00dc 11       		.uleb128 0x11
 1014 00dd 01       		.uleb128 0x1
 1015 00de 12       		.uleb128 0x12
 1016 00df 06       		.uleb128 0x6
 1017 00e0 40       		.uleb128 0x40
 1018 00e1 18       		.uleb128 0x18
 1019 00e2 9642     		.uleb128 0x2116
 1020 00e4 19       		.uleb128 0x19
 1021 00e5 01       		.uleb128 0x1
 1022 00e6 13       		.uleb128 0x13
 1023 00e7 00       		.byte	0
 1024 00e8 00       		.byte	0
 1025 00e9 11       		.uleb128 0x11
 1026 00ea 05       		.uleb128 0x5
 1027 00eb 00       		.byte	0
 1028 00ec 03       		.uleb128 0x3
 1029 00ed 0E       		.uleb128 0xe
 1030 00ee 3A       		.uleb128 0x3a
 1031 00ef 0B       		.uleb128 0xb
 1032 00f0 3B       		.uleb128 0x3b
 1033 00f1 05       		.uleb128 0x5
 1034 00f2 49       		.uleb128 0x49
 1035 00f3 13       		.uleb128 0x13
 1036 00f4 02       		.uleb128 0x2
 1037 00f5 18       		.uleb128 0x18
 1038 00f6 00       		.byte	0
 1039 00f7 00       		.byte	0
 1040 00f8 12       		.uleb128 0x12
ARM GAS  C:\Users\andrew\AppData\Local\Temp\ccS6CR5p.s 			page 29


 1041 00f9 34       		.uleb128 0x34
 1042 00fa 00       		.byte	0
 1043 00fb 03       		.uleb128 0x3
 1044 00fc 08       		.uleb128 0x8
 1045 00fd 3A       		.uleb128 0x3a
 1046 00fe 0B       		.uleb128 0xb
 1047 00ff 3B       		.uleb128 0x3b
 1048 0100 05       		.uleb128 0x5
 1049 0101 49       		.uleb128 0x49
 1050 0102 13       		.uleb128 0x13
 1051 0103 3F       		.uleb128 0x3f
 1052 0104 19       		.uleb128 0x19
 1053 0105 3C       		.uleb128 0x3c
 1054 0106 19       		.uleb128 0x19
 1055 0107 00       		.byte	0
 1056 0108 00       		.byte	0
 1057 0109 13       		.uleb128 0x13
 1058 010a 34       		.uleb128 0x34
 1059 010b 00       		.byte	0
 1060 010c 03       		.uleb128 0x3
 1061 010d 0E       		.uleb128 0xe
 1062 010e 3A       		.uleb128 0x3a
 1063 010f 0B       		.uleb128 0xb
 1064 0110 3B       		.uleb128 0x3b
 1065 0111 05       		.uleb128 0x5
 1066 0112 49       		.uleb128 0x49
 1067 0113 13       		.uleb128 0x13
 1068 0114 02       		.uleb128 0x2
 1069 0115 18       		.uleb128 0x18
 1070 0116 00       		.byte	0
 1071 0117 00       		.byte	0
 1072 0118 14       		.uleb128 0x14
 1073 0119 2E       		.uleb128 0x2e
 1074 011a 01       		.byte	0x1
 1075 011b 3F       		.uleb128 0x3f
 1076 011c 19       		.uleb128 0x19
 1077 011d 03       		.uleb128 0x3
 1078 011e 0E       		.uleb128 0xe
 1079 011f 3A       		.uleb128 0x3a
 1080 0120 0B       		.uleb128 0xb
 1081 0121 3B       		.uleb128 0x3b
 1082 0122 05       		.uleb128 0x5
 1083 0123 27       		.uleb128 0x27
 1084 0124 19       		.uleb128 0x19
 1085 0125 8701     		.uleb128 0x87
 1086 0127 19       		.uleb128 0x19
 1087 0128 11       		.uleb128 0x11
 1088 0129 01       		.uleb128 0x1
 1089 012a 12       		.uleb128 0x12
 1090 012b 06       		.uleb128 0x6
 1091 012c 40       		.uleb128 0x40
 1092 012d 18       		.uleb128 0x18
 1093 012e 9642     		.uleb128 0x2116
 1094 0130 19       		.uleb128 0x19
 1095 0131 01       		.uleb128 0x1
 1096 0132 13       		.uleb128 0x13
 1097 0133 00       		.byte	0
ARM GAS  C:\Users\andrew\AppData\Local\Temp\ccS6CR5p.s 			page 30


 1098 0134 00       		.byte	0
 1099 0135 15       		.uleb128 0x15
 1100 0136 0B       		.uleb128 0xb
 1101 0137 01       		.byte	0x1
 1102 0138 11       		.uleb128 0x11
 1103 0139 01       		.uleb128 0x1
 1104 013a 12       		.uleb128 0x12
 1105 013b 06       		.uleb128 0x6
 1106 013c 00       		.byte	0
 1107 013d 00       		.byte	0
 1108 013e 16       		.uleb128 0x16
 1109 013f 34       		.uleb128 0x34
 1110 0140 00       		.byte	0
 1111 0141 03       		.uleb128 0x3
 1112 0142 08       		.uleb128 0x8
 1113 0143 3A       		.uleb128 0x3a
 1114 0144 0B       		.uleb128 0xb
 1115 0145 3B       		.uleb128 0x3b
 1116 0146 05       		.uleb128 0x5
 1117 0147 49       		.uleb128 0x49
 1118 0148 13       		.uleb128 0x13
 1119 0149 02       		.uleb128 0x2
 1120 014a 18       		.uleb128 0x18
 1121 014b 00       		.byte	0
 1122 014c 00       		.byte	0
 1123 014d 17       		.uleb128 0x17
 1124 014e 2E       		.uleb128 0x2e
 1125 014f 00       		.byte	0
 1126 0150 3F       		.uleb128 0x3f
 1127 0151 19       		.uleb128 0x19
 1128 0152 03       		.uleb128 0x3
 1129 0153 0E       		.uleb128 0xe
 1130 0154 3A       		.uleb128 0x3a
 1131 0155 0B       		.uleb128 0xb
 1132 0156 3B       		.uleb128 0x3b
 1133 0157 05       		.uleb128 0x5
 1134 0158 27       		.uleb128 0x27
 1135 0159 19       		.uleb128 0x19
 1136 015a 11       		.uleb128 0x11
 1137 015b 01       		.uleb128 0x1
 1138 015c 12       		.uleb128 0x12
 1139 015d 06       		.uleb128 0x6
 1140 015e 40       		.uleb128 0x40
 1141 015f 18       		.uleb128 0x18
 1142 0160 9642     		.uleb128 0x2116
 1143 0162 19       		.uleb128 0x19
 1144 0163 00       		.byte	0
 1145 0164 00       		.byte	0
 1146 0165 18       		.uleb128 0x18
 1147 0166 2E       		.uleb128 0x2e
 1148 0167 01       		.byte	0x1
 1149 0168 3F       		.uleb128 0x3f
 1150 0169 19       		.uleb128 0x19
 1151 016a 03       		.uleb128 0x3
 1152 016b 0E       		.uleb128 0xe
 1153 016c 3A       		.uleb128 0x3a
 1154 016d 0B       		.uleb128 0xb
ARM GAS  C:\Users\andrew\AppData\Local\Temp\ccS6CR5p.s 			page 31


 1155 016e 3B       		.uleb128 0x3b
 1156 016f 05       		.uleb128 0x5
 1157 0170 27       		.uleb128 0x27
 1158 0171 19       		.uleb128 0x19
 1159 0172 11       		.uleb128 0x11
 1160 0173 01       		.uleb128 0x1
 1161 0174 12       		.uleb128 0x12
 1162 0175 06       		.uleb128 0x6
 1163 0176 40       		.uleb128 0x40
 1164 0177 18       		.uleb128 0x18
 1165 0178 9642     		.uleb128 0x2116
 1166 017a 19       		.uleb128 0x19
 1167 017b 01       		.uleb128 0x1
 1168 017c 13       		.uleb128 0x13
 1169 017d 00       		.byte	0
 1170 017e 00       		.byte	0
 1171 017f 19       		.uleb128 0x19
 1172 0180 34       		.uleb128 0x34
 1173 0181 00       		.byte	0
 1174 0182 03       		.uleb128 0x3
 1175 0183 0E       		.uleb128 0xe
 1176 0184 3A       		.uleb128 0x3a
 1177 0185 0B       		.uleb128 0xb
 1178 0186 3B       		.uleb128 0x3b
 1179 0187 0B       		.uleb128 0xb
 1180 0188 49       		.uleb128 0x49
 1181 0189 13       		.uleb128 0x13
 1182 018a 02       		.uleb128 0x2
 1183 018b 18       		.uleb128 0x18
 1184 018c 00       		.byte	0
 1185 018d 00       		.byte	0
 1186 018e 1A       		.uleb128 0x1a
 1187 018f 01       		.uleb128 0x1
 1188 0190 01       		.byte	0x1
 1189 0191 49       		.uleb128 0x49
 1190 0192 13       		.uleb128 0x13
 1191 0193 01       		.uleb128 0x1
 1192 0194 13       		.uleb128 0x13
 1193 0195 00       		.byte	0
 1194 0196 00       		.byte	0
 1195 0197 1B       		.uleb128 0x1b
 1196 0198 21       		.uleb128 0x21
 1197 0199 00       		.byte	0
 1198 019a 00       		.byte	0
 1199 019b 00       		.byte	0
 1200 019c 1C       		.uleb128 0x1c
 1201 019d 34       		.uleb128 0x34
 1202 019e 00       		.byte	0
 1203 019f 03       		.uleb128 0x3
 1204 01a0 0E       		.uleb128 0xe
 1205 01a1 3A       		.uleb128 0x3a
 1206 01a2 0B       		.uleb128 0xb
 1207 01a3 3B       		.uleb128 0x3b
 1208 01a4 0B       		.uleb128 0xb
 1209 01a5 49       		.uleb128 0x49
 1210 01a6 13       		.uleb128 0x13
 1211 01a7 3F       		.uleb128 0x3f
ARM GAS  C:\Users\andrew\AppData\Local\Temp\ccS6CR5p.s 			page 32


 1212 01a8 19       		.uleb128 0x19
 1213 01a9 3C       		.uleb128 0x3c
 1214 01aa 19       		.uleb128 0x19
 1215 01ab 00       		.byte	0
 1216 01ac 00       		.byte	0
 1217 01ad 1D       		.uleb128 0x1d
 1218 01ae 21       		.uleb128 0x21
 1219 01af 00       		.byte	0
 1220 01b0 49       		.uleb128 0x49
 1221 01b1 13       		.uleb128 0x13
 1222 01b2 2F       		.uleb128 0x2f
 1223 01b3 0B       		.uleb128 0xb
 1224 01b4 00       		.byte	0
 1225 01b5 00       		.byte	0
 1226 01b6 1E       		.uleb128 0x1e
 1227 01b7 34       		.uleb128 0x34
 1228 01b8 00       		.byte	0
 1229 01b9 03       		.uleb128 0x3
 1230 01ba 0E       		.uleb128 0xe
 1231 01bb 3A       		.uleb128 0x3a
 1232 01bc 0B       		.uleb128 0xb
 1233 01bd 3B       		.uleb128 0x3b
 1234 01be 05       		.uleb128 0x5
 1235 01bf 49       		.uleb128 0x49
 1236 01c0 13       		.uleb128 0x13
 1237 01c1 3F       		.uleb128 0x3f
 1238 01c2 19       		.uleb128 0x19
 1239 01c3 02       		.uleb128 0x2
 1240 01c4 18       		.uleb128 0x18
 1241 01c5 00       		.byte	0
 1242 01c6 00       		.byte	0
 1243 01c7 00       		.byte	0
 1244              		.section	.debug_aranges,"",%progbits
 1245 0000 44000000 		.4byte	0x44
 1246 0004 0200     		.2byte	0x2
 1247 0006 00000000 		.4byte	.Ldebug_info0
 1248 000a 04       		.byte	0x4
 1249 000b 00       		.byte	0
 1250 000c 0000     		.2byte	0
 1251 000e 0000     		.2byte	0
 1252 0010 00000000 		.4byte	.LFB2
 1253 0014 12000000 		.4byte	.LFE2-.LFB2
 1254 0018 00000000 		.4byte	.LFB3
 1255 001c 12000000 		.4byte	.LFE3-.LFB3
 1256 0020 00000000 		.4byte	.LFB4
 1257 0024 50000000 		.4byte	.LFE4-.LFB4
 1258 0028 00000000 		.4byte	.LFB5
 1259 002c 98000000 		.4byte	.LFE5-.LFB5
 1260 0030 00000000 		.4byte	.LFB6
 1261 0034 06000000 		.4byte	.LFE6-.LFB6
 1262 0038 00000000 		.4byte	.LFB7
 1263 003c 6C000000 		.4byte	.LFE7-.LFB7
 1264 0040 00000000 		.4byte	0
 1265 0044 00000000 		.4byte	0
 1266              		.section	.debug_ranges,"",%progbits
 1267              	.Ldebug_ranges0:
 1268 0000 00000000 		.4byte	.LFB2
ARM GAS  C:\Users\andrew\AppData\Local\Temp\ccS6CR5p.s 			page 33


 1269 0004 12000000 		.4byte	.LFE2
 1270 0008 00000000 		.4byte	.LFB3
 1271 000c 12000000 		.4byte	.LFE3
 1272 0010 00000000 		.4byte	.LFB4
 1273 0014 50000000 		.4byte	.LFE4
 1274 0018 00000000 		.4byte	.LFB5
 1275 001c 98000000 		.4byte	.LFE5
 1276 0020 00000000 		.4byte	.LFB6
 1277 0024 06000000 		.4byte	.LFE6
 1278 0028 00000000 		.4byte	.LFB7
 1279 002c 6C000000 		.4byte	.LFE7
 1280 0030 00000000 		.4byte	0
 1281 0034 00000000 		.4byte	0
 1282              		.section	.debug_line,"",%progbits
 1283              	.Ldebug_line0:
 1284 0000 CC010000 		.section	.debug_str,"MS",%progbits,1
 1284      0200C700 
 1284      00000201 
 1284      FB0E0D00 
 1284      01010101 
 1285              	.LASF16:
 1286 0000 72656733 		.ascii	"reg32\000"
 1286      3200
 1287              	.LASF10:
 1288 0006 73697A65 		.ascii	"size_t\000"
 1288      5F7400
 1289              	.LASF41:
 1290 000d 474E5520 		.ascii	"GNU C11 5.4.1 20160609 (release) [ARM/embedded-5-br"
 1290      43313120 
 1290      352E342E 
 1290      31203230 
 1290      31363036 
 1291 0040 616E6368 		.ascii	"anch revision 237715] -mcpu=cortex-m0 -mthumb -g -O"
 1291      20726576 
 1291      6973696F 
 1291      6E203233 
 1291      37373135 
 1292 0073 30202D66 		.ascii	"0 -ffunction-sections -ffat-lto-objects -fomit-fram"
 1292      66756E63 
 1292      74696F6E 
 1292      2D736563 
 1292      74696F6E 
 1293 00a6 652D706F 		.ascii	"e-pointer\000"
 1293      696E7465 
 1293      7200
 1294              	.LASF39:
 1295 00b0 43795261 		.ascii	"CyRamVectors\000"
 1295      6D566563 
 1295      746F7273 
 1295      00
 1296              	.LASF30:
 1297 00bd 53746172 		.ascii	"Start_c\000"
 1297      745F6300 
 1298              	.LASF34:
 1299 00c5 636F756E 		.ascii	"count\000"
 1299      7400
 1300              	.LASF29:
ARM GAS  C:\Users\andrew\AppData\Local\Temp\ccS6CR5p.s 			page 34


 1301 00cb 68656170 		.ascii	"heapPointer\000"
 1301      506F696E 
 1301      74657200 
 1302              	.LASF3:
 1303 00d7 73686F72 		.ascii	"short unsigned int\000"
 1303      7420756E 
 1303      7369676E 
 1303      65642069 
 1303      6E7400
 1304              	.LASF38:
 1305 00ea 5F5F6379 		.ascii	"__cy_region_num\000"
 1305      5F726567 
 1305      696F6E5F 
 1305      6E756D00 
 1306              	.LASF43:
 1307 00fa 443A5C44 		.ascii	"D:\\Dropbox\\6_kurs\\diploma\\crypto_miscocontrolle"
 1307      726F7062 
 1307      6F785C36 
 1307      5F6B7572 
 1307      735C6469 
 1308 0129 725F5354 		.ascii	"r_STABLE\\BLE_Dynamic_GATT_Service_Configuration\\B"
 1308      41424C45 
 1308      5C424C45 
 1308      5F44796E 
 1308      616D6963 
 1309 015a 4C455F44 		.ascii	"LE_Dynamic_GATT_Service_Configuration.cydsn\000"
 1309      796E616D 
 1309      69635F47 
 1309      4154545F 
 1309      53657276 
 1310              	.LASF20:
 1311 0186 696E6974 		.ascii	"init\000"
 1311      00
 1312              	.LASF26:
 1313 018b 73746174 		.ascii	"status\000"
 1313      757300
 1314              	.LASF23:
 1315 0192 7A65726F 		.ascii	"zero_size\000"
 1315      5F73697A 
 1315      6500
 1316              	.LASF32:
 1317 019c 72707472 		.ascii	"rptr\000"
 1317      00
 1318              	.LASF13:
 1319 01a1 666C6F61 		.ascii	"float\000"
 1319      7400
 1320              	.LASF21:
 1321 01a7 64617461 		.ascii	"data\000"
 1321      00
 1322              	.LASF1:
 1323 01ac 756E7369 		.ascii	"unsigned char\000"
 1323      676E6564 
 1323      20636861 
 1323      7200
 1324              	.LASF28:
 1325 01ba 72657475 		.ascii	"returnValue\000"
 1325      726E5661 
ARM GAS  C:\Users\andrew\AppData\Local\Temp\ccS6CR5p.s 			page 35


 1325      6C756500 
 1326              	.LASF40:
 1327 01c6 526F6D56 		.ascii	"RomVectors\000"
 1327      6563746F 
 1327      727300
 1328              	.LASF5:
 1329 01d1 6C6F6E67 		.ascii	"long unsigned int\000"
 1329      20756E73 
 1329      69676E65 
 1329      6420696E 
 1329      7400
 1330              	.LASF36:
 1331 01e3 63795379 		.ascii	"cySysNoInitDataValid\000"
 1331      734E6F49 
 1331      6E697444 
 1331      61746156 
 1331      616C6964 
 1332              	.LASF11:
 1333 01f8 75696E74 		.ascii	"uint8\000"
 1333      3800
 1334              	.LASF46:
 1335 01fe 52657365 		.ascii	"Reset\000"
 1335      7400
 1336              	.LASF24:
 1337 0204 5F657869 		.ascii	"_exit\000"
 1337      7400
 1338              	.LASF45:
 1339 020a 496E7444 		.ascii	"IntDefaultHandler\000"
 1339      65666175 
 1339      6C744861 
 1339      6E646C65 
 1339      7200
 1340              	.LASF25:
 1341 021c 5F736272 		.ascii	"_sbrk\000"
 1341      6B00
 1342              	.LASF14:
 1343 0222 646F7562 		.ascii	"double\000"
 1343      6C6500
 1344              	.LASF47:
 1345 0229 696E6974 		.ascii	"initialize_psoc\000"
 1345      69616C69 
 1345      7A655F70 
 1345      736F6300 
 1346              	.LASF42:
 1347 0239 47656E65 		.ascii	"Generated_Source\\PSoC4\\Cm0Start.c\000"
 1347      72617465 
 1347      645F536F 
 1347      75726365 
 1347      5C50536F 
 1348              	.LASF12:
 1349 025b 75696E74 		.ascii	"uint32\000"
 1349      333200
 1350              	.LASF35:
 1351 0262 696E6465 		.ascii	"indexInit\000"
 1351      78496E69 
 1351      7400
 1352              	.LASF8:
ARM GAS  C:\Users\andrew\AppData\Local\Temp\ccS6CR5p.s 			page 36


 1353 026c 756E7369 		.ascii	"unsigned int\000"
 1353      676E6564 
 1353      20696E74 
 1353      00
 1354              	.LASF7:
 1355 0279 6C6F6E67 		.ascii	"long long unsigned int\000"
 1355      206C6F6E 
 1355      6720756E 
 1355      7369676E 
 1355      65642069 
 1356              	.LASF33:
 1357 0290 6C696D69 		.ascii	"limit\000"
 1357      7400
 1358              	.LASF17:
 1359 0296 63796973 		.ascii	"cyisraddress\000"
 1359      72616464 
 1359      72657373 
 1359      00
 1360              	.LASF22:
 1361 02a3 696E6974 		.ascii	"init_size\000"
 1361      5F73697A 
 1361      6500
 1362              	.LASF19:
 1363 02ad 5F5F6379 		.ascii	"__cy_byte_align8\000"
 1363      5F627974 
 1363      655F616C 
 1363      69676E38 
 1363      00
 1364              	.LASF18:
 1365 02be 73697A65 		.ascii	"sizetype\000"
 1365      74797065 
 1365      00
 1366              	.LASF6:
 1367 02c7 6C6F6E67 		.ascii	"long long int\000"
 1367      206C6F6E 
 1367      6720696E 
 1367      7400
 1368              	.LASF15:
 1369 02d5 63686172 		.ascii	"char\000"
 1369      00
 1370              	.LASF2:
 1371 02da 73686F72 		.ascii	"short int\000"
 1371      7420696E 
 1371      7400
 1372              	.LASF4:
 1373 02e4 6C6F6E67 		.ascii	"long int\000"
 1373      20696E74 
 1373      00
 1374              	.LASF9:
 1375 02ed 6C6F6E67 		.ascii	"long double\000"
 1375      20646F75 
 1375      626C6500 
 1376              	.LASF0:
 1377 02f9 7369676E 		.ascii	"signed char\000"
 1377      65642063 
 1377      68617200 
 1378              	.LASF37:
ARM GAS  C:\Users\andrew\AppData\Local\Temp\ccS6CR5p.s 			page 37


 1379 0305 5F5F6379 		.ascii	"__cy_regions\000"
 1379      5F726567 
 1379      696F6E73 
 1379      00
 1380              	.LASF31:
 1381 0312 72656769 		.ascii	"regions\000"
 1381      6F6E7300 
 1382              	.LASF27:
 1383 031a 6E627974 		.ascii	"nbytes\000"
 1383      657300
 1384              	.LASF44:
 1385 0321 5F5F6379 		.ascii	"__cy_region\000"
 1385      5F726567 
 1385      696F6E00 
 1386              		.ident	"GCC: (GNU Tools for ARM Embedded Processors) 5.4.1 20160609 (release) [ARM/embedded-5-bran
