--------------- Clean Started: 11/26/2017 16:13:46 Project: BLE_Dynamic_GATT_Service_Configuration, Configuration: ARM GCC 5.4-2016-q2-update Debug ---------------
Deleting file ".\CortexM0\ARM_GCC_541\Debug\aes.o"
Deleting file ".\CortexM0\ARM_GCC_541\Debug\ak_aes_crypto.o"
Deleting file ".\CortexM0\ARM_GCC_541\Debug\blockwise.o"
Deleting file ".\CortexM0\ARM_GCC_541\Debug\cbcmac.o"
Deleting file ".\CortexM0\ARM_GCC_541\Debug\ccm.o"
Deleting file ".\CortexM0\ARM_GCC_541\Debug\chash.o"
Deleting file ".\CortexM0\ARM_GCC_541\Debug\gf128.o"
Deleting file ".\CortexM0\ARM_GCC_541\Debug\hmac.o"
Deleting file ".\CortexM0\ARM_GCC_541\Debug\modes.o"
Deleting file ".\CortexM0\ARM_GCC_541\Debug\main.o"
Deleting file ".\CortexM0\ARM_GCC_541\Debug\debug.o"
Deleting file ".\CortexM0\ARM_GCC_541\Debug\uECC.o"
Deleting file ".\CortexM0\ARM_GCC_541\Debug\ecc_crypto.o"
Deleting file ".\CortexM0\ARM_GCC_541\Debug\sha256.o"
Deleting file ".\CortexM0\ARM_GCC_541\Debug\cyfitter_cfg.o"
Deleting file ".\CortexM0\ARM_GCC_541\Debug\cymetadata.o"
Deleting file ".\CortexM0\ARM_GCC_541\Debug\BLE.o"
Deleting file ".\CortexM0\ARM_GCC_541\Debug\BLE_gatt.o"
Deleting file ".\CortexM0\ARM_GCC_541\Debug\BLE_eventHandler.o"
Deleting file ".\CortexM0\ARM_GCC_541\Debug\BLE_HAL_INT.o"
Deleting file ".\CortexM0\ARM_GCC_541\Debug\BLE_HAL_PVT.o"
Deleting file ".\CortexM0\ARM_GCC_541\Debug\BLE_custom.o"
Deleting file ".\CortexM0\ARM_GCC_541\Debug\UART.o"
Deleting file ".\CortexM0\ARM_GCC_541\Debug\UART_SPI_UART.o"
Deleting file ".\CortexM0\ARM_GCC_541\Debug\UART_SPI_UART_INT.o"
Deleting file ".\CortexM0\ARM_GCC_541\Debug\UART_PM.o"
Deleting file ".\CortexM0\ARM_GCC_541\Debug\UART_UART.o"
Deleting file ".\CortexM0\ARM_GCC_541\Debug\UART_BOOT.o"
Deleting file ".\CortexM0\ARM_GCC_541\Debug\UART_UART_BOOT.o"
Deleting file ".\CortexM0\ARM_GCC_541\Debug\GREEN_LED.o"
Deleting file ".\CortexM0\ARM_GCC_541\Debug\GREEN_LED_PM.o"
Deleting file ".\CortexM0\ARM_GCC_541\Debug\RED_LED.o"
Deleting file ".\CortexM0\ARM_GCC_541\Debug\RED_LED_PM.o"
Deleting file ".\CortexM0\ARM_GCC_541\Debug\BLUE_LED.o"
Deleting file ".\CortexM0\ARM_GCC_541\Debug\BLUE_LED_PM.o"
Deleting file ".\CortexM0\ARM_GCC_541\Debug\BLE_bless_isr.o"
Deleting file ".\CortexM0\ARM_GCC_541\Debug\UART_SCBCLK.o"
Deleting file ".\CortexM0\ARM_GCC_541\Debug\UART_tx.o"
Deleting file ".\CortexM0\ARM_GCC_541\Debug\UART_tx_PM.o"
Deleting file ".\CortexM0\ARM_GCC_541\Debug\UART_rx.o"
Deleting file ".\CortexM0\ARM_GCC_541\Debug\UART_rx_PM.o"
Deleting file ".\CortexM0\ARM_GCC_541\Debug\Cm0Start.o"
Deleting file ".\CortexM0\ARM_GCC_541\Debug\CyFlash.o"
Deleting file ".\CortexM0\ARM_GCC_541\Debug\CyLib.o"
Deleting file ".\CortexM0\ARM_GCC_541\Debug\cyPm.o"
Deleting file ".\CortexM0\ARM_GCC_541\Debug\cyutils.o"
Deleting file ".\CortexM0\ARM_GCC_541\Debug\CyBootAsmGnu.o"
Deleting file ".\CortexM0\ARM_GCC_541\Debug\CyDMA.o"
Deleting file ".\CortexM0\ARM_GCC_541\Debug\CyLFClk.o"
Deleting file ".\CortexM0\ARM_GCC_541\Debug\BLE_Dynamic_GATT_Service_Configuration.hex"
Deleting file ".\CortexM0\ARM_GCC_541\Debug\BLE_Dynamic_GATT_Service_Configuration.elf"
Deleting file ".\CortexM0\ARM_GCC_541\Debug\BLE_Dynamic_GATT_Service_Configuration.map"
Deleting file ".\BLE_Dynamic_GATT_Service_Configuration.cycdx"
Deleting file ".\BLE_Dynamic_GATT_Service_Configuration.svd"
Deleting file ".\BLE_Dynamic_GATT_Service_Configuration.rpt"
Deleting file ".\BLE_Dynamic_GATT_Service_Configuration_timing.html"
Deleting file ".\CortexM0\ARM_GCC_541\Debug\.deps\SOURCE_C__ARM_GCC_GENERIC.P"
Deleting file ".\CortexM0\ARM_GCC_541\Debug\.deps\SOURCE_ASM__ARM_GCC_GENERIC.P"
--------------- Clean Succeeded: 11/26/2017 16:13:46 ---------------
