--------------- Rebuild Started: 12/16/2017 13:08:42 Project: BLE_Dynamic_GATT_Service_Configuration, Configuration: ARM GCC 5.4-2016-q2-update Debug ---------------
Deleting file ".\CortexM0\ARM_GCC_541\Debug\aes.o"
Deleting file ".\CortexM0\ARM_GCC_541\Debug\ak_aes_crypto.o"
Deleting file ".\CortexM0\ARM_GCC_541\Debug\blockwise.o"
Deleting file ".\CortexM0\ARM_GCC_541\Debug\cbcmac.o"
Deleting file ".\CortexM0\ARM_GCC_541\Debug\ccm.o"
Deleting file ".\CortexM0\ARM_GCC_541\Debug\chash.o"
Deleting file ".\CortexM0\ARM_GCC_541\Debug\gf128.o"
Deleting file ".\CortexM0\ARM_GCC_541\Debug\hmac.o"
Deleting file ".\CortexM0\ARM_GCC_541\Debug\modes.o"
Deleting file ".\CortexM0\ARM_GCC_541\Debug\main.o"
Deleting file ".\CortexM0\ARM_GCC_541\Debug\debug.o"
Deleting file ".\CortexM0\ARM_GCC_541\Debug\uECC.o"
Deleting file ".\CortexM0\ARM_GCC_541\Debug\ecc_crypto.o"
Deleting file ".\CortexM0\ARM_GCC_541\Debug\sha256.o"
Deleting file ".\CortexM0\ARM_GCC_541\Debug\cyfitter_cfg.o"
Deleting file ".\CortexM0\ARM_GCC_541\Debug\cymetadata.o"
Deleting file ".\CortexM0\ARM_GCC_541\Debug\BLE.o"
Deleting file ".\CortexM0\ARM_GCC_541\Debug\BLE_gatt.o"
Deleting file ".\CortexM0\ARM_GCC_541\Debug\BLE_eventHandler.o"
Deleting file ".\CortexM0\ARM_GCC_541\Debug\BLE_HAL_INT.o"
Deleting file ".\CortexM0\ARM_GCC_541\Debug\BLE_HAL_PVT.o"
Deleting file ".\CortexM0\ARM_GCC_541\Debug\BLE_custom.o"
Deleting file ".\CortexM0\ARM_GCC_541\Debug\UART.o"
Deleting file ".\CortexM0\ARM_GCC_541\Debug\UART_SPI_UART.o"
Deleting file ".\CortexM0\ARM_GCC_541\Debug\UART_SPI_UART_INT.o"
Deleting file ".\CortexM0\ARM_GCC_541\Debug\UART_PM.o"
Deleting file ".\CortexM0\ARM_GCC_541\Debug\UART_UART.o"
Deleting file ".\CortexM0\ARM_GCC_541\Debug\UART_BOOT.o"
Deleting file ".\CortexM0\ARM_GCC_541\Debug\UART_UART_BOOT.o"
Deleting file ".\CortexM0\ARM_GCC_541\Debug\GREEN_LED.o"
Deleting file ".\CortexM0\ARM_GCC_541\Debug\GREEN_LED_PM.o"
Deleting file ".\CortexM0\ARM_GCC_541\Debug\RED_LED.o"
Deleting file ".\CortexM0\ARM_GCC_541\Debug\RED_LED_PM.o"
Deleting file ".\CortexM0\ARM_GCC_541\Debug\BLUE_LED.o"
Deleting file ".\CortexM0\ARM_GCC_541\Debug\BLUE_LED_PM.o"
Deleting file ".\CortexM0\ARM_GCC_541\Debug\BLE_bless_isr.o"
Deleting file ".\CortexM0\ARM_GCC_541\Debug\UART_SCBCLK.o"
Deleting file ".\CortexM0\ARM_GCC_541\Debug\UART_tx.o"
Deleting file ".\CortexM0\ARM_GCC_541\Debug\UART_tx_PM.o"
Deleting file ".\CortexM0\ARM_GCC_541\Debug\UART_rx.o"
Deleting file ".\CortexM0\ARM_GCC_541\Debug\UART_rx_PM.o"
Deleting file ".\CortexM0\ARM_GCC_541\Debug\Cm0Start.o"
Deleting file ".\CortexM0\ARM_GCC_541\Debug\CyFlash.o"
Deleting file ".\CortexM0\ARM_GCC_541\Debug\CyLib.o"
Deleting file ".\CortexM0\ARM_GCC_541\Debug\cyPm.o"
Deleting file ".\CortexM0\ARM_GCC_541\Debug\cyutils.o"
Deleting file ".\CortexM0\ARM_GCC_541\Debug\CyBootAsmGnu.o"
Deleting file ".\CortexM0\ARM_GCC_541\Debug\CyDMA.o"
Deleting file ".\CortexM0\ARM_GCC_541\Debug\CyLFClk.o"
Deleting file ".\CortexM0\ARM_GCC_541\Debug\BLE_Dynamic_GATT_Service_Configuration.hex"
Deleting file ".\CortexM0\ARM_GCC_541\Debug\BLE_Dynamic_GATT_Service_Configuration.elf"
Deleting file ".\CortexM0\ARM_GCC_541\Debug\BLE_Dynamic_GATT_Service_Configuration.map"
Deleting file ".\BLE_Dynamic_GATT_Service_Configuration.cycdx"
Deleting file ".\BLE_Dynamic_GATT_Service_Configuration.svd"
Deleting file ".\BLE_Dynamic_GATT_Service_Configuration.rpt"
Deleting file ".\BLE_Dynamic_GATT_Service_Configuration_timing.html"
Deleting file ".\CortexM0\ARM_GCC_541\Debug\.deps\SOURCE_C__ARM_GCC_GENERIC.P"
Deleting file ".\CortexM0\ARM_GCC_541\Debug\.deps\SOURCE_ASM__ARM_GCC_GENERIC.P"
cydsfit.exe -.appdatapath "C:\Users\andrew\AppData\Local\Cypress Semiconductor\PSoC Creator\4.1" -.fdsnotice -.fdswarpdepfile=warp_dependencies.txt -.fdselabdepfile=elab_dependencies.txt -.fdsbldfile=generated_files.txt -.fdsreffile=referenced_files.txt -p D:\Dropbox\6_kurs\diploma\crypto_miscocontroller_STABLE\BLE_Dynamic_GATT_Service_Configuration\BLE_Dynamic_GATT_Service_Configuration.cydsn\BLE_Dynamic_GATT_Service_Configuration.cyprj -d CYBL11573-56LQXI -s D:\Dropbox\6_kurs\diploma\crypto_miscocontroller_STABLE\BLE_Dynamic_GATT_Service_Configuration\BLE_Dynamic_GATT_Service_Configuration.cydsn\Generated_Source\PSoC4 -- -yv2 -q10 -ygs -o2 -v3 -.fftcfgtype=LE
Elaborating Design...
HDL Generation...
Synthesis...
Tech Mapping...
Analog Placement...
Analog Routing...
Analog Code Generation...
Digital Placement...
Digital Routing...
Bitstream Generation...
Bitstream Verification...
Static timing analysis...
API Generation...
Dependency Generation...
Cleanup...
arm-none-eabi-gcc.exe -mcpu=cortex-m0 -mthumb -I. -IGenerated_Source\PSoC4 -Wa,-alh=.\CortexM0\ARM_GCC_541\Debug/aes.lst -g -D DEBUG -Wall -ffunction-sections -ffat-lto-objects -O0 -fomit-frame-pointer -c aes.c -o .\CortexM0\ARM_GCC_541\Debug\aes.o
arm-none-eabi-gcc.exe -mcpu=cortex-m0 -mthumb -I. -IGenerated_Source\PSoC4 -Wa,-alh=.\CortexM0\ARM_GCC_541\Debug/ak_aes_crypto.lst -g -D DEBUG -Wall -ffunction-sections -ffat-lto-objects -O0 -fomit-frame-pointer -c ak_aes_crypto.c -o .\CortexM0\ARM_GCC_541\Debug\ak_aes_crypto.o
ak_aes_crypto.c: In function 'ak_aes_encrypt':
ak_aes_crypto.c:98:12: warning: format '%d' expects argument of type 'int', but argument 2 has type 'uint32_t {aka long unsigned int}' [-Wformat=]
     printf("counter = %d\r\n", ctx->counter);
            ^
ak_aes_crypto.c:98:12: warning: format '%d' expects argument of type 'int', but argument 2 has type 'uint32_t {aka long unsigned int}' [-Wformat=]
ak_aes_crypto.c: In function 'ak_aes_decrypt':
ak_aes_crypto.c:120:12: warning: format '%d' expects argument of type 'int', but argument 2 has type 'uint32_t {aka long unsigned int}' [-Wformat=]
     printf("counter = %d\r\n", ctx->counter);
            ^
ak_aes_crypto.c:120:12: warning: format '%d' expects argument of type 'int', but argument 2 has type 'uint32_t {aka long unsigned int}' [-Wformat=]
ak_aes_crypto.c: In function 'ak_aes_unpack_and_decrypt':
ak_aes_crypto.c:156:13: warning: passing argument 1 of 'c_print' discards 'const' qualifier from pointer target type [-Wdiscarded-qualifiers]
     c_print(package, TAG_SIZE + package_size);
             ^
ak_aes_crypto.c:26:6: note: expected 'uint8_t * {aka unsigned char *}' but argument is of type 'const uint8_t * {aka const unsigned char *}'
 void c_print(uint8_t *vli, unsigned int size) {
      ^
arm-none-eabi-gcc.exe -mcpu=cortex-m0 -mthumb -I. -IGenerated_Source\PSoC4 -Wa,-alh=.\CortexM0\ARM_GCC_541\Debug/blockwise.lst -g -D DEBUG -Wall -ffunction-sections -ffat-lto-objects -O0 -fomit-frame-pointer -c blockwise.c -o .\CortexM0\ARM_GCC_541\Debug\blockwise.o
arm-none-eabi-gcc.exe -mcpu=cortex-m0 -mthumb -I. -IGenerated_Source\PSoC4 -Wa,-alh=.\CortexM0\ARM_GCC_541\Debug/cbcmac.lst -g -D DEBUG -Wall -ffunction-sections -ffat-lto-objects -O0 -fomit-frame-pointer -c cbcmac.c -o .\CortexM0\ARM_GCC_541\Debug\cbcmac.o
arm-none-eabi-gcc.exe -mcpu=cortex-m0 -mthumb -I. -IGenerated_Source\PSoC4 -Wa,-alh=.\CortexM0\ARM_GCC_541\Debug/ccm.lst -g -D DEBUG -Wall -ffunction-sections -ffat-lto-objects -O0 -fomit-frame-pointer -c ccm.c -o .\CortexM0\ARM_GCC_541\Debug\ccm.o
arm-none-eabi-gcc.exe -mcpu=cortex-m0 -mthumb -I. -IGenerated_Source\PSoC4 -Wa,-alh=.\CortexM0\ARM_GCC_541\Debug/chash.lst -g -D DEBUG -Wall -ffunction-sections -ffat-lto-objects -O0 -fomit-frame-pointer -c chash.c -o .\CortexM0\ARM_GCC_541\Debug\chash.o
arm-none-eabi-gcc.exe -mcpu=cortex-m0 -mthumb -I. -IGenerated_Source\PSoC4 -Wa,-alh=.\CortexM0\ARM_GCC_541\Debug/gf128.lst -g -D DEBUG -Wall -ffunction-sections -ffat-lto-objects -O0 -fomit-frame-pointer -c gf128.c -o .\CortexM0\ARM_GCC_541\Debug\gf128.o
arm-none-eabi-gcc.exe -mcpu=cortex-m0 -mthumb -I. -IGenerated_Source\PSoC4 -Wa,-alh=.\CortexM0\ARM_GCC_541\Debug/hmac.lst -g -D DEBUG -Wall -ffunction-sections -ffat-lto-objects -O0 -fomit-frame-pointer -c hmac.c -o .\CortexM0\ARM_GCC_541\Debug\hmac.o
arm-none-eabi-gcc.exe -mcpu=cortex-m0 -mthumb -I. -IGenerated_Source\PSoC4 -Wa,-alh=.\CortexM0\ARM_GCC_541\Debug/modes.lst -g -D DEBUG -Wall -ffunction-sections -ffat-lto-objects -O0 -fomit-frame-pointer -c modes.c -o .\CortexM0\ARM_GCC_541\Debug\modes.o
arm-none-eabi-gcc.exe -mcpu=cortex-m0 -mthumb -I. -IGenerated_Source\PSoC4 -Wa,-alh=.\CortexM0\ARM_GCC_541\Debug/main.lst -g -D DEBUG -Wall -ffunction-sections -ffat-lto-objects -O0 -fomit-frame-pointer -c main.c -o .\CortexM0\ARM_GCC_541\Debug\main.o
main.c: In function 'sendDataAck':
main.c:113:15: warning: pointer targets in assignment differ in signedness [-Wpointer-sign]
         value = "decrypted";
               ^
main.c:115:15: warning: pointer targets in assignment differ in signedness [-Wpointer-sign]
         value = "not decrypted";
               ^
main.c:118:28: warning: assignment makes pointer from integer without a cast [-Wint-conversion]
  signatureHandle.value.val = decrypted;
                            ^
main.c:110:14: warning: variable 'value' set but not used [-Wunused-but-set-variable]
     uint8_t *value;
              ^
main.c: In function 'startRoutine':
main.c:187:24: warning: unused variable 'GattErrCode' [-Wunused-variable]
  CYBLE_GATT_ERR_CODE_T GattErrCode = CYBLE_GATT_ERR_NONE;
                        ^
main.c: In function 'StackEventHandler':
main.c:451:24: warning: format '%d' expects argument of type 'int', but argument 2 has type 'uint32_t {aka long unsigned int}' [-Wformat=]
                 printf("counter value = %d \n",aes_ccm_ctx->counter);
                        ^
main.c:451:24: warning: format '%d' expects argument of type 'int', but argument 2 has type 'uint32_t {aka long unsigned int}' [-Wformat=]
main.c:454:41: warning: pointer targets in passing argument 1 of 'UART_UartPutString' differ in signedness [-Wpointer-sign]
                     UART_UartPutString (message );
                                         ^
In file included from Generated_Source\PSoC4/project.h:36:0,
                 from main.c:13:
Generated_Source\PSoC4/UART_SPI_UART.h:810:14: note: expected 'const char8 * {aka const char *}' but argument is of type 'uint8_t * {aka unsigned char *}'
         void UART_UartPutString(const char8 string[]);
              ^
main.c:463:24: warning: format '%d' expects argument of type 'int', but argument 2 has type 'uint32_t {aka long unsigned int}' [-Wformat=]
                 printf("counter value = %d \r\n",aes_ccm_ctx->counter);
                        ^
main.c:463:24: warning: format '%d' expects argument of type 'int', but argument 2 has type 'uint32_t {aka long unsigned int}' [-Wformat=]
main.c:476:23: warning: unused variable 'ledValue' [-Wunused-variable]
                 uint8 ledValue = ALL_OFF;
                       ^
arm-none-eabi-gcc.exe -mcpu=cortex-m0 -mthumb -I. -IGenerated_Source\PSoC4 -Wa,-alh=.\CortexM0\ARM_GCC_541\Debug/debug.lst -g -D DEBUG -Wall -ffunction-sections -ffat-lto-objects -O0 -fomit-frame-pointer -c debug.c -o .\CortexM0\ARM_GCC_541\Debug\debug.o
arm-none-eabi-gcc.exe -mcpu=cortex-m0 -mthumb -I. -IGenerated_Source\PSoC4 -Wa,-alh=.\CortexM0\ARM_GCC_541\Debug/uECC.lst -g -D DEBUG -Wall -ffunction-sections -ffat-lto-objects -O0 -fomit-frame-pointer -c uECC.c -o .\CortexM0\ARM_GCC_541\Debug\uECC.o
arm-none-eabi-gcc.exe -mcpu=cortex-m0 -mthumb -I. -IGenerated_Source\PSoC4 -Wa,-alh=.\CortexM0\ARM_GCC_541\Debug/ecc_crypto.lst -g -D DEBUG -Wall -ffunction-sections -ffat-lto-objects -O0 -fomit-frame-pointer -c ecc_crypto.c -o .\CortexM0\ARM_GCC_541\Debug\ecc_crypto.o
arm-none-eabi-gcc.exe -mcpu=cortex-m0 -mthumb -I. -IGenerated_Source\PSoC4 -Wa,-alh=.\CortexM0\ARM_GCC_541\Debug/sha256.lst -g -D DEBUG -Wall -ffunction-sections -ffat-lto-objects -O0 -fomit-frame-pointer -c sha256.c -o .\CortexM0\ARM_GCC_541\Debug\sha256.o
arm-none-eabi-gcc.exe -mcpu=cortex-m0 -mthumb -I. -IGenerated_Source\PSoC4 -Wa,-alh=.\CortexM0\ARM_GCC_541\Debug/cyfitter_cfg.lst -g -D DEBUG -Wall -ffunction-sections -ffat-lto-objects -O0 -fomit-frame-pointer -c Generated_Source\PSoC4\cyfitter_cfg.c -o .\CortexM0\ARM_GCC_541\Debug\cyfitter_cfg.o
arm-none-eabi-gcc.exe -mcpu=cortex-m0 -mthumb -I. -IGenerated_Source\PSoC4 -Wa,-alh=.\CortexM0\ARM_GCC_541\Debug/cymetadata.lst -g -D DEBUG -Wall -ffunction-sections -ffat-lto-objects -O0 -fomit-frame-pointer -c Generated_Source\PSoC4\cymetadata.c -o .\CortexM0\ARM_GCC_541\Debug\cymetadata.o
arm-none-eabi-gcc.exe -mcpu=cortex-m0 -mthumb -I. -IGenerated_Source\PSoC4 -Wa,-alh=.\CortexM0\ARM_GCC_541\Debug/BLE.lst -g -D DEBUG -Wall -ffunction-sections -ffat-lto-objects -O0 -fomit-frame-pointer -c Generated_Source\PSoC4\BLE.c -o .\CortexM0\ARM_GCC_541\Debug\BLE.o
arm-none-eabi-gcc.exe -mcpu=cortex-m0 -mthumb -I. -IGenerated_Source\PSoC4 -Wa,-alh=.\CortexM0\ARM_GCC_541\Debug/BLE_gatt.lst -g -D DEBUG -Wall -ffunction-sections -ffat-lto-objects -O0 -fomit-frame-pointer -c Generated_Source\PSoC4\BLE_gatt.c -o .\CortexM0\ARM_GCC_541\Debug\BLE_gatt.o
arm-none-eabi-gcc.exe -mcpu=cortex-m0 -mthumb -I. -IGenerated_Source\PSoC4 -Wa,-alh=.\CortexM0\ARM_GCC_541\Debug/BLE_eventHandler.lst -g -D DEBUG -Wall -ffunction-sections -ffat-lto-objects -O0 -fomit-frame-pointer -c Generated_Source\PSoC4\BLE_eventHandler.c -o .\CortexM0\ARM_GCC_541\Debug\BLE_eventHandler.o
arm-none-eabi-gcc.exe -mcpu=cortex-m0 -mthumb -I. -IGenerated_Source\PSoC4 -Wa,-alh=.\CortexM0\ARM_GCC_541\Debug/BLE_HAL_INT.lst -g -D DEBUG -Wall -ffunction-sections -ffat-lto-objects -O0 -fomit-frame-pointer -c Generated_Source\PSoC4\BLE_HAL_INT.c -o .\CortexM0\ARM_GCC_541\Debug\BLE_HAL_INT.o
arm-none-eabi-gcc.exe -mcpu=cortex-m0 -mthumb -I. -IGenerated_Source\PSoC4 -Wa,-alh=.\CortexM0\ARM_GCC_541\Debug/BLE_HAL_PVT.lst -g -D DEBUG -Wall -ffunction-sections -ffat-lto-objects -O0 -fomit-frame-pointer -c Generated_Source\PSoC4\BLE_HAL_PVT.c -o .\CortexM0\ARM_GCC_541\Debug\BLE_HAL_PVT.o
arm-none-eabi-gcc.exe -mcpu=cortex-m0 -mthumb -I. -IGenerated_Source\PSoC4 -Wa,-alh=.\CortexM0\ARM_GCC_541\Debug/BLE_custom.lst -g -D DEBUG -Wall -ffunction-sections -ffat-lto-objects -O0 -fomit-frame-pointer -c Generated_Source\PSoC4\BLE_custom.c -o .\CortexM0\ARM_GCC_541\Debug\BLE_custom.o
arm-none-eabi-gcc.exe -mcpu=cortex-m0 -mthumb -I. -IGenerated_Source\PSoC4 -Wa,-alh=.\CortexM0\ARM_GCC_541\Debug/UART.lst -g -D DEBUG -Wall -ffunction-sections -ffat-lto-objects -O0 -fomit-frame-pointer -c Generated_Source\PSoC4\UART.c -o .\CortexM0\ARM_GCC_541\Debug\UART.o
arm-none-eabi-gcc.exe -mcpu=cortex-m0 -mthumb -I. -IGenerated_Source\PSoC4 -Wa,-alh=.\CortexM0\ARM_GCC_541\Debug/UART_SPI_UART.lst -g -D DEBUG -Wall -ffunction-sections -ffat-lto-objects -O0 -fomit-frame-pointer -c Generated_Source\PSoC4\UART_SPI_UART.c -o .\CortexM0\ARM_GCC_541\Debug\UART_SPI_UART.o
arm-none-eabi-gcc.exe -mcpu=cortex-m0 -mthumb -I. -IGenerated_Source\PSoC4 -Wa,-alh=.\CortexM0\ARM_GCC_541\Debug/UART_SPI_UART_INT.lst -g -D DEBUG -Wall -ffunction-sections -ffat-lto-objects -O0 -fomit-frame-pointer -c Generated_Source\PSoC4\UART_SPI_UART_INT.c -o .\CortexM0\ARM_GCC_541\Debug\UART_SPI_UART_INT.o
arm-none-eabi-gcc.exe -mcpu=cortex-m0 -mthumb -I. -IGenerated_Source\PSoC4 -Wa,-alh=.\CortexM0\ARM_GCC_541\Debug/UART_PM.lst -g -D DEBUG -Wall -ffunction-sections -ffat-lto-objects -O0 -fomit-frame-pointer -c Generated_Source\PSoC4\UART_PM.c -o .\CortexM0\ARM_GCC_541\Debug\UART_PM.o
arm-none-eabi-gcc.exe -mcpu=cortex-m0 -mthumb -I. -IGenerated_Source\PSoC4 -Wa,-alh=.\CortexM0\ARM_GCC_541\Debug/UART_UART.lst -g -D DEBUG -Wall -ffunction-sections -ffat-lto-objects -O0 -fomit-frame-pointer -c Generated_Source\PSoC4\UART_UART.c -o .\CortexM0\ARM_GCC_541\Debug\UART_UART.o
arm-none-eabi-gcc.exe -mcpu=cortex-m0 -mthumb -I. -IGenerated_Source\PSoC4 -Wa,-alh=.\CortexM0\ARM_GCC_541\Debug/UART_BOOT.lst -g -D DEBUG -Wall -ffunction-sections -ffat-lto-objects -O0 -fomit-frame-pointer -c Generated_Source\PSoC4\UART_BOOT.c -o .\CortexM0\ARM_GCC_541\Debug\UART_BOOT.o
arm-none-eabi-gcc.exe -mcpu=cortex-m0 -mthumb -I. -IGenerated_Source\PSoC4 -Wa,-alh=.\CortexM0\ARM_GCC_541\Debug/UART_UART_BOOT.lst -g -D DEBUG -Wall -ffunction-sections -ffat-lto-objects -O0 -fomit-frame-pointer -c Generated_Source\PSoC4\UART_UART_BOOT.c -o .\CortexM0\ARM_GCC_541\Debug\UART_UART_BOOT.o
arm-none-eabi-gcc.exe -mcpu=cortex-m0 -mthumb -I. -IGenerated_Source\PSoC4 -Wa,-alh=.\CortexM0\ARM_GCC_541\Debug/GREEN_LED.lst -g -D DEBUG -Wall -ffunction-sections -ffat-lto-objects -O0 -fomit-frame-pointer -c Generated_Source\PSoC4\GREEN_LED.c -o .\CortexM0\ARM_GCC_541\Debug\GREEN_LED.o
arm-none-eabi-gcc.exe -mcpu=cortex-m0 -mthumb -I. -IGenerated_Source\PSoC4 -Wa,-alh=.\CortexM0\ARM_GCC_541\Debug/GREEN_LED_PM.lst -g -D DEBUG -Wall -ffunction-sections -ffat-lto-objects -O0 -fomit-frame-pointer -c Generated_Source\PSoC4\GREEN_LED_PM.c -o .\CortexM0\ARM_GCC_541\Debug\GREEN_LED_PM.o
arm-none-eabi-gcc.exe -mcpu=cortex-m0 -mthumb -I. -IGenerated_Source\PSoC4 -Wa,-alh=.\CortexM0\ARM_GCC_541\Debug/RED_LED.lst -g -D DEBUG -Wall -ffunction-sections -ffat-lto-objects -O0 -fomit-frame-pointer -c Generated_Source\PSoC4\RED_LED.c -o .\CortexM0\ARM_GCC_541\Debug\RED_LED.o
arm-none-eabi-gcc.exe -mcpu=cortex-m0 -mthumb -I. -IGenerated_Source\PSoC4 -Wa,-alh=.\CortexM0\ARM_GCC_541\Debug/RED_LED_PM.lst -g -D DEBUG -Wall -ffunction-sections -ffat-lto-objects -O0 -fomit-frame-pointer -c Generated_Source\PSoC4\RED_LED_PM.c -o .\CortexM0\ARM_GCC_541\Debug\RED_LED_PM.o
arm-none-eabi-gcc.exe -mcpu=cortex-m0 -mthumb -I. -IGenerated_Source\PSoC4 -Wa,-alh=.\CortexM0\ARM_GCC_541\Debug/BLUE_LED.lst -g -D DEBUG -Wall -ffunction-sections -ffat-lto-objects -O0 -fomit-frame-pointer -c Generated_Source\PSoC4\BLUE_LED.c -o .\CortexM0\ARM_GCC_541\Debug\BLUE_LED.o
arm-none-eabi-gcc.exe -mcpu=cortex-m0 -mthumb -I. -IGenerated_Source\PSoC4 -Wa,-alh=.\CortexM0\ARM_GCC_541\Debug/BLUE_LED_PM.lst -g -D DEBUG -Wall -ffunction-sections -ffat-lto-objects -O0 -fomit-frame-pointer -c Generated_Source\PSoC4\BLUE_LED_PM.c -o .\CortexM0\ARM_GCC_541\Debug\BLUE_LED_PM.o
arm-none-eabi-gcc.exe -mcpu=cortex-m0 -mthumb -I. -IGenerated_Source\PSoC4 -Wa,-alh=.\CortexM0\ARM_GCC_541\Debug/BLE_bless_isr.lst -g -D DEBUG -Wall -ffunction-sections -ffat-lto-objects -O0 -fomit-frame-pointer -c Generated_Source\PSoC4\BLE_bless_isr.c -o .\CortexM0\ARM_GCC_541\Debug\BLE_bless_isr.o
arm-none-eabi-gcc.exe -mcpu=cortex-m0 -mthumb -I. -IGenerated_Source\PSoC4 -Wa,-alh=.\CortexM0\ARM_GCC_541\Debug/UART_SCBCLK.lst -g -D DEBUG -Wall -ffunction-sections -ffat-lto-objects -O0 -fomit-frame-pointer -c Generated_Source\PSoC4\UART_SCBCLK.c -o .\CortexM0\ARM_GCC_541\Debug\UART_SCBCLK.o
arm-none-eabi-gcc.exe -mcpu=cortex-m0 -mthumb -I. -IGenerated_Source\PSoC4 -Wa,-alh=.\CortexM0\ARM_GCC_541\Debug/UART_tx.lst -g -D DEBUG -Wall -ffunction-sections -ffat-lto-objects -O0 -fomit-frame-pointer -c Generated_Source\PSoC4\UART_tx.c -o .\CortexM0\ARM_GCC_541\Debug\UART_tx.o
arm-none-eabi-gcc.exe -mcpu=cortex-m0 -mthumb -I. -IGenerated_Source\PSoC4 -Wa,-alh=.\CortexM0\ARM_GCC_541\Debug/UART_tx_PM.lst -g -D DEBUG -Wall -ffunction-sections -ffat-lto-objects -O0 -fomit-frame-pointer -c Generated_Source\PSoC4\UART_tx_PM.c -o .\CortexM0\ARM_GCC_541\Debug\UART_tx_PM.o
arm-none-eabi-gcc.exe -mcpu=cortex-m0 -mthumb -I. -IGenerated_Source\PSoC4 -Wa,-alh=.\CortexM0\ARM_GCC_541\Debug/UART_rx.lst -g -D DEBUG -Wall -ffunction-sections -ffat-lto-objects -O0 -fomit-frame-pointer -c Generated_Source\PSoC4\UART_rx.c -o .\CortexM0\ARM_GCC_541\Debug\UART_rx.o
arm-none-eabi-gcc.exe -mcpu=cortex-m0 -mthumb -I. -IGenerated_Source\PSoC4 -Wa,-alh=.\CortexM0\ARM_GCC_541\Debug/UART_rx_PM.lst -g -D DEBUG -Wall -ffunction-sections -ffat-lto-objects -O0 -fomit-frame-pointer -c Generated_Source\PSoC4\UART_rx_PM.c -o .\CortexM0\ARM_GCC_541\Debug\UART_rx_PM.o
arm-none-eabi-gcc.exe -mcpu=cortex-m0 -mthumb -I. -IGenerated_Source\PSoC4 -Wa,-alh=.\CortexM0\ARM_GCC_541\Debug/Cm0Start.lst -g -D DEBUG -Wall -ffunction-sections -ffat-lto-objects -O0 -fomit-frame-pointer -c Generated_Source\PSoC4\Cm0Start.c -o .\CortexM0\ARM_GCC_541\Debug\Cm0Start.o
arm-none-eabi-gcc.exe -mcpu=cortex-m0 -mthumb -I. -IGenerated_Source\PSoC4 -Wa,-alh=.\CortexM0\ARM_GCC_541\Debug/CyFlash.lst -g -D DEBUG -Wall -ffunction-sections -ffat-lto-objects -O0 -fomit-frame-pointer -c Generated_Source\PSoC4\CyFlash.c -o .\CortexM0\ARM_GCC_541\Debug\CyFlash.o
arm-none-eabi-gcc.exe -mcpu=cortex-m0 -mthumb -I. -IGenerated_Source\PSoC4 -Wa,-alh=.\CortexM0\ARM_GCC_541\Debug/CyLib.lst -g -D DEBUG -Wall -ffunction-sections -ffat-lto-objects -O0 -fomit-frame-pointer -c Generated_Source\PSoC4\CyLib.c -o .\CortexM0\ARM_GCC_541\Debug\CyLib.o
arm-none-eabi-gcc.exe -mcpu=cortex-m0 -mthumb -I. -IGenerated_Source\PSoC4 -Wa,-alh=.\CortexM0\ARM_GCC_541\Debug/cyPm.lst -g -D DEBUG -Wall -ffunction-sections -ffat-lto-objects -O0 -fomit-frame-pointer -c Generated_Source\PSoC4\cyPm.c -o .\CortexM0\ARM_GCC_541\Debug\cyPm.o
arm-none-eabi-gcc.exe -mcpu=cortex-m0 -mthumb -I. -IGenerated_Source\PSoC4 -Wa,-alh=.\CortexM0\ARM_GCC_541\Debug/cyutils.lst -g -D DEBUG -Wall -ffunction-sections -ffat-lto-objects -O0 -fomit-frame-pointer -c Generated_Source\PSoC4\cyutils.c -o .\CortexM0\ARM_GCC_541\Debug\cyutils.o
arm-none-eabi-gcc.exe -mcpu=cortex-m0 -mthumb -I. -IGenerated_Source\PSoC4 -Wa,-alh=.\CortexM0\ARM_GCC_541\Debug/CyDMA.lst -g -D DEBUG -Wall -ffunction-sections -ffat-lto-objects -O0 -fomit-frame-pointer -c Generated_Source\PSoC4\CyDMA.c -o .\CortexM0\ARM_GCC_541\Debug\CyDMA.o
arm-none-eabi-gcc.exe -mcpu=cortex-m0 -mthumb -I. -IGenerated_Source\PSoC4 -Wa,-alh=.\CortexM0\ARM_GCC_541\Debug/CyLFClk.lst -g -D DEBUG -Wall -ffunction-sections -ffat-lto-objects -O0 -fomit-frame-pointer -c Generated_Source\PSoC4\CyLFClk.c -o .\CortexM0\ARM_GCC_541\Debug\CyLFClk.o
arm-none-eabi-as.exe -mcpu=cortex-m0 -mthumb -I. -IGenerated_Source\PSoC4 -alh=.\CortexM0\ARM_GCC_541\Debug/CyBootAsmGnu.lst -g -W -o .\CortexM0\ARM_GCC_541\Debug\CyBootAsmGnu.o Generated_Source\PSoC4\CyBootAsmGnu.s
arm-none-eabi-ar.exe -rs .\CortexM0\ARM_GCC_541\Debug\BLE_Dynamic_GATT_Service_Configuration.a .\CortexM0\ARM_GCC_541\Debug\BLE.o .\CortexM0\ARM_GCC_541\Debug\BLE_gatt.o .\CortexM0\ARM_GCC_541\Debug\BLE_eventHandler.o .\CortexM0\ARM_GCC_541\Debug\BLE_HAL_INT.o .\CortexM0\ARM_GCC_541\Debug\BLE_HAL_PVT.o .\CortexM0\ARM_GCC_541\Debug\BLE_custom.o .\CortexM0\ARM_GCC_541\Debug\UART.o .\CortexM0\ARM_GCC_541\Debug\UART_SPI_UART.o .\CortexM0\ARM_GCC_541\Debug\UART_SPI_UART_INT.o .\CortexM0\ARM_GCC_541\Debug\UART_PM.o .\CortexM0\ARM_GCC_541\Debug\UART_UART.o .\CortexM0\ARM_GCC_541\Debug\UART_BOOT.o .\CortexM0\ARM_GCC_541\Debug\UART_UART_BOOT.o .\CortexM0\ARM_GCC_541\Debug\GREEN_LED.o .\CortexM0\ARM_GCC_541\Debug\GREEN_LED_PM.o .\CortexM0\ARM_GCC_541\Debug\RED_LED.o .\CortexM0\ARM_GCC_541\Debug\RED_LED_PM.o .\CortexM0\ARM_GCC_541\Debug\BLUE_LED.o .\CortexM0\ARM_GCC_541\Debug\BLUE_LED_PM.o .\CortexM0\ARM_GCC_541\Debug\BLE_bless_isr.o .\CortexM0\ARM_GCC_541\Debug\UART_SCBCLK.o .\CortexM0\ARM_GCC_541\Debug\UART_tx.o .\CortexM0\ARM_GCC_541\Debug\UART_tx_PM.o .\CortexM0\ARM_GCC_541\Debug\UART_rx.o .\CortexM0\ARM_GCC_541\Debug\UART_rx_PM.o .\CortexM0\ARM_GCC_541\Debug\CyFlash.o .\CortexM0\ARM_GCC_541\Debug\CyLib.o .\CortexM0\ARM_GCC_541\Debug\cyPm.o .\CortexM0\ARM_GCC_541\Debug\cyutils.o .\CortexM0\ARM_GCC_541\Debug\CyDMA.o .\CortexM0\ARM_GCC_541\Debug\CyLFClk.o .\CortexM0\ARM_GCC_541\Debug\CyBootAsmGnu.o
arm-none-eabi-ar.exe: creating .\CortexM0\ARM_GCC_541\Debug\BLE_Dynamic_GATT_Service_Configuration.a
arm-none-eabi-gcc.exe -Wl,--start-group -o D:\Dropbox\6_kurs\diploma\crypto_miscocontroller_STABLE\BLE_Dynamic_GATT_Service_Configuration\BLE_Dynamic_GATT_Service_Configuration.cydsn\CortexM0\ARM_GCC_541\Debug\BLE_Dynamic_GATT_Service_Configuration.elf .\CortexM0\ARM_GCC_541\Debug\aes.o .\CortexM0\ARM_GCC_541\Debug\ak_aes_crypto.o .\CortexM0\ARM_GCC_541\Debug\blockwise.o .\CortexM0\ARM_GCC_541\Debug\cbcmac.o .\CortexM0\ARM_GCC_541\Debug\ccm.o .\CortexM0\ARM_GCC_541\Debug\chash.o .\CortexM0\ARM_GCC_541\Debug\gf128.o .\CortexM0\ARM_GCC_541\Debug\hmac.o .\CortexM0\ARM_GCC_541\Debug\modes.o .\CortexM0\ARM_GCC_541\Debug\main.o .\CortexM0\ARM_GCC_541\Debug\debug.o .\CortexM0\ARM_GCC_541\Debug\uECC.o .\CortexM0\ARM_GCC_541\Debug\ecc_crypto.o .\CortexM0\ARM_GCC_541\Debug\sha256.o .\CortexM0\ARM_GCC_541\Debug\cyfitter_cfg.o .\CortexM0\ARM_GCC_541\Debug\cymetadata.o .\CortexM0\ARM_GCC_541\Debug\Cm0Start.o .\CortexM0\ARM_GCC_541\Debug\BLE_Dynamic_GATT_Service_Configuration.a "C:\Users\andrew\Documents\PSoC Creator\4.1\Downloads ( 4.1).cylib\BLE_v3_40\Library\gccCyBLEStack_BLE_SOC_PERIPHERAL.a" "C:\Program Files (x86)\Cypress\PSoC Creator\4.1\PSoC Creator\psoc\content\cycomponentlibrary\CyComponentLibrary.cylib\CortexM0\ARM_GCC_541\Debug\CyComponentLibrary.a" -mcpu=cortex-m0 -mthumb -L Generated_Source\PSoC4 -Wl,-Map,.\CortexM0\ARM_GCC_541\Debug/BLE_Dynamic_GATT_Service_Configuration.map -T Generated_Source\PSoC4\cm0gcc.ld -specs=nano.specs -Wl,--gc-sections -g -ffunction-sections -O0 -ffat-lto-objects -Wl,--end-group
cyelftool.exe -C D:\Dropbox\6_kurs\diploma\crypto_miscocontroller_STABLE\BLE_Dynamic_GATT_Service_Configuration\BLE_Dynamic_GATT_Service_Configuration.cydsn\CortexM0\ARM_GCC_541\Debug\BLE_Dynamic_GATT_Service_Configuration.elf --flash_row_size 256 --flash_size 262144 --flash_offset 0x00000000
cyelftool.exe -S D:\Dropbox\6_kurs\diploma\crypto_miscocontroller_STABLE\BLE_Dynamic_GATT_Service_Configuration\BLE_Dynamic_GATT_Service_Configuration.cydsn\CortexM0\ARM_GCC_541\Debug\BLE_Dynamic_GATT_Service_Configuration.elf
Flash used: 114727 of 262144 bytes (43,8%).
SRAM used: 21552 of 32768 bytes (65,8%). Stack: 4096 bytes. Heap: 8192 bytes.
--------------- Rebuild Succeeded: 12/16/2017 13:09:20 ---------------
